ポルトガル王国
イスパニア王国
ナスル朝グラナダ王国
フランス王国
ミラノ公国
サヴォイ公国
ジェノヴァ共和国
フィレンツェ共和国
ヴェネツィア共和国
教皇領
ナポリ王国
イングランド王国
スコットランド王国
アイルランド
神聖ローマ帝国
スイス自由連邦
デンマーク＝ノルウェー連合王国
スウェーデン王国
ポーランド＝リトアニア連合王国
ドイツ騎士団領
プロイセン公国
ハンガリー王国
モルダヴィア侯国
キプロス王国
モスクワ大公国
ノブゴロド共和国
マムルーク朝エジプト
ハフス朝
ソンガイ王国
カネム王国
ベニン王国
コンゴ王国
ジンバブウェ王国
モノモタパ王国
イスラム教徒国領東アフリカ
エティオピア王国
フンジ王国
オスマン＝トルコ帝国
ラスール
オーマン
ティムール帝国
サファヴィ朝イラン
アストラハン汗国
シェイバニ朝
ヒヴァ汗国
カザン汗国
イブル・シピル
ロディ王朝
ムガル帝国
グジャラート王国
ビジャプール王国
ヴィジャヤナガル王国
ゴルコンダ王国
ベンガル
セイロン
カシュガル汗国
オイラート
タタール
吐藩
アヴァ朝ビルマ
トゥングー朝ビルマ
ペグー
アユタヤ朝シャム
マラッカ王国
アンコール朝カンボジア
黎朝大越
マジャパヒト王国
デマック王国
テルナーテ王国
明
李氏朝鮮
日本
アステカ王国
トゥラスカルテカ王国
マヤ
キチェ国
チブチャ国
インカ帝国