九六式艦上戦闘機
零式艦上戦闘機二一型
零式艦上戦闘機三二型
零式艦上戦闘機五二型
零式艦上戦闘機六三型
艦上戦闘機烈風
二式水上戦闘機
水上戦闘機強風
局地戦闘機雷電
局地戦闘機紫電
局地戦闘機紫電改
局地戦闘機天雷
局地戦闘機震電
夜間戦闘機月光
ロケット戦闘機秋水
ジェット戦闘機橘花
九九式艦上爆撃機
艦上爆撃機彗星
陸上攻撃機銀河
戦略爆撃機富嶽
九七式艦上攻撃機
艦上攻撃機天山
艦上攻撃機流星
九六式陸上攻撃機
一式陸上攻撃機
陸上攻撃機深山
陸上攻撃機連山
零式水上偵察機
水上偵察機瑞雲
零式水上観測機
艦上偵察機彩雲
陸上偵察機東海
零式水上機
水上爆撃機晴嵐
九七式飛行艇
二式飛行艇
戦闘機隼
戦闘機鍾馗
戦闘機屠龍
戦闘機飛燕
戦闘機疾風
五式戦闘機
戦闘機キ１０２
九九式襲撃機
九九式双発軽爆撃機
九七式重爆撃機
爆撃機呑龍
爆撃機飛龍
九七式司令部偵察機
百式司令部偵察機
F2Aバッファロー
F4Fワイルドキャット
F4Uコルセア
F6Fヘルキャット
F8Fベアキャット
F7Fタイガーキャット
FHファントム
SBDドーントレス
SB2Cヘルダイバー
TBDデバステイター
TBFアベンジャー
BTDデストロイヤー
BT2Dスカイレイダー
PVベンチュラ
PB4Y Pバティア
OS2U Kフィッシャー
SCシーホーク
PBMマリナー
PBYカタリナ
PB2Yコロネド
P-36ホーク
P-38ライトニング
P-39エアコブラ
P-40ウォーホーク
P-47サンダーボルト
P-51ムスタング
P-63キングコブラ
P-61 Bウィドウ
P-59エアラコメット
P-80 Sスター
A-20ハボック
A-26インベーダー
A-28ハドソン
B-25ミッチェル
B-26マローダー
B-17フライングフォートレス
B-24リベレーター
B-29スーパーフォートレス
B-36ピースメーカー