ТPСХЦC0Ко
1Ко
2Ко
3Ко
4Ко
5Ко
6Ко
7Ко
8Ко
9Ко
10Ко
11Ко
12Ко
13Ко
14Ко
15Ко
16Ко
17Ко
18Ко
19Ко
20Ко
21Ко
22Ко
23Ко
24Ко
25Ко
26Ко
27Ко
28Ко
29Ко
30Ко
31Ко
ШAСХЦC0Ко
1Ко
2Ко
3Ко
4Ко
5Ко
6Ко
7Ко
8Ко
9Ко
10Ко
11Ко
12Ко
13Ко
14Ко
15Ко
16Ко
17Ко
18Ко
19Ко
20Ко
21Ко
22Ко
23Ко
24Ко
25Ко
26Ко
27Ко
28Ко
29Ко
30Ко
31Ко
ОOШAСХЦC0Ко
1Ко
2Ко
3Ко
4Ко
5Ко
6Ко
7Ко
8Ко
9Ко
10Ко
11Ко
12Ко
13Ко
14Ко
15Ко
16Ко
17Ко
18Ко
19Ко
20Ко
21Ко
22Ко
23Ко
24Ко
25Ко
26Ко
27Ко
28Ко
29Ко
30Ко
31Ко
ОlШAСХЦC0Ко
1Ко
2Ко
3Ко
4Ко
5Ко
6Ко
7Ко
8Ко
9Ко
10Ко
11Ко
12Ко
13Ко
14Ко
15Ко
16Ко
17Ко
18Ко
19Ко
20Ко
21Ко
22Ко
23Ко
24Ко
25Ко
26Ко
27Ко
28Ко
29Ко
30Ко
31Ко