ブロンズナイフ
ショートソード
ミドルソード
ロングソード
ブロードソード
ファイアーソード
ライトニングソード
ひかりのつるぎ
あんこくのつるぎ
げんわくのつるぎ
ブロンズサーベル
アイアンサーベル
ジャンボハンマー
ミスリルアックス
アイスサーベル
あくまのだんびら
ショートアックス
ミドルアックス
ダブルアックス
グレートアックス
ミスリルソード
パワースティック
フレイル
モーニングスター
ほのおのつえ
ふぶきのつえ
じひのつえ
にんたいのつえ
はかいのつえ
ミスリルロッド
こんぼう
グレートハンマー
ブロンズランス
アイアンランス
スチールランス
ライトスピア
ヘビースピア
なめしたムチ
トゲのムチ
はがねのムチ
きまぐれのムチ
グレートフレイル
スーパーフレイル
ひっさつのつるぎ
ライトシールド
ダークアーマー
いてつくよろい
サンダーアーマー
ねっぱのよろい
もめんのふく
けおりのふく
けがわのふく
ほつれたふく
ぬののローブ
けおりのローブ
けがわのローブ
かがやくローブ
まほうのローブ
ダークローブ
かわのよろい
くさりかたびら
てつのむねあて
ブロンズアーマー
アイアンアーマー
スチールアーマー
ミスリルアーマー
ひかりのよろい
ブロンズシールド
アイアンシールド
スチールシールド
かわのたて
ひかりのたて
ダークシールド
ミスリルのたて
ビルボのフード
ぬののフード
けおりのフード
けがわのフード
まほうのフード
ダークフード
ミスリルフード
かわのかぶと
ブロンズヘルム
アイアンヘルム
スチールヘルム
ひかりのかぶと
ダークヘルム
ミスリルヘルム
おうじょのかんむり
まほうのたて
まほうのかたびら
やくそう
どくけしそう
てんしのはね
ちかくのみ
ドワーフのかぎ
ルーンのかぎ
いつわりのぞう
ジェイルキー
ロープ
たまきよしたか
ミスリルぎん
いやしのゆびわ
プロテクトリング
まほうのゆびわ
ダークブロック
まほうのかがみ
いやしのみず
きんだんのはこ
きよめのみず
かいふくのみ
きつけぐすり
しんじつのたま
せいじょのなみだ
メダリオン
えいちのちず１
えいちのちず２
きせきのくすり
マンゴーシュ
マドゥー
だいちのこづち
ばくれつボックス
きょじんのふえ
しっこくのはこ
かわのこて
しり
まかいのつえ