т╦©Ё
╤╡л╦ип
дч╦╧╪©Ё
р╦чпи╠р
цщ╪ийх
а╤в
ось
йтц
╡ючцщ
╧чщ╥ийъщ
а╤виьщ╦ч
осьиьщ╦ч
йтциьщ╦ч
╡ючцщиьщ╦ч
╪шиьщ╦ч
╦шиьщ╦ч
╡кчыьщ╦ч
╫╨ч╡п╫ч╥ч
╤╤чт╥июо
╧ч╞╨Ё╬╥
б╥и╪╫ч╦
╥б╡л╦
дчпщ╨чюо╨ч
╧щ╪ч
ц╞нъЁ
╤╦а╛щ
жЁ╪ч
╦чз╟д╠╞╦╫
╥щючщий╨
╪╝╟д©╟дч
пдчы©╟дч
шщ╦ч©╟дч 
╫а╟ы©╟дч
лчш╟дч©╟дч
к╞╩бибы╥ч
╥╦╡асщ╪ч
шкчщит
╠щ╨╦ибы╥ч
к╤ьибы╥ч
╤╣╫лчз╟╤╟
лчшщ╫чвщ╫
╫а╟ывщ╫
╦шявщ╫
цчкчывщ╫
╫къ╠
йыйч╟д
йъэ╟╫къ╠
йчы╥ь╟
йщдч╠╞╦╫
пдчы╠╞╦╫
йчды╠╞╦╫
к╟д╠╞╦╫
╠дв╫и╣и
╥иб╢
осьиб╢
╬╡╪ч╛иб╢
йъэ╟╫ц╞╦
цч╟сщш╞дч
ж╟╦чыдьщ╦ч
╥ит
й╤чхит
╠╩ыд╪╙ы
йч╫ю╟╪╝╞д
??? 