ヒール       Lv:1
             Lv:2
             Lv:3
             Lv:4
オーラ       Lv:1
             Lv:2
             Lv:3
             Lv:4
アンチドウテ Lv:1
             Lv:2
             Lv:3
             Lv:4
サポート     Lv:1
             Lv:2
スロウ       Lv:1
             Lv:2
アタック     Lv:1
アンチスペル Lv:1
コンフューズ Lv:1
             Lv:2
ソウルスチル Lv:1
             Lv:2
スリープ     Lv:1
リターン     Lv:1
ブレイズ     Lv:1
             Lv:2
             Lv:3
             Lv:4
フリーズ     Lv:1
             Lv:2
             Lv:3
             Lv:4
スパーク     Lv:1
             Lv:2
             Lv:3
             Lv:4
ヘルブラスト Lv:1
             Lv:2
             Lv:3
             Lv:4
かとん       Lv:1
             Lv:2
             Lv:3
らいじん     Lv:1
             Lv:2
             Lv:3
ダオ         Lv:1
             Lv:2
アポロン     Lv:1
             Lv:2
ネプチューン Lv:1
             Lv:2
アトラス     Lv:1
             Lv:2
[おぼえていない]