無し
？
？
？
無銘の剣
ショートソード       
ブロードソード       
クレイモアー
サンダーブレード
ウイングソード
大地の刃
カオスブリンガー
カタストロフィ
ショートボウ
ロングボウ
ハードボウ
グレートボウ
フィストボウ
スナイパーボウ
パティング
エンジェルボウ
エルフィム・ボウ
アポクリフィア
クォータースタッフ
六角棒 
火炎棒
旋風棍
クルセイダ
寸鉄
ブラスナックル
ビックグラブ
セクタス
フレディクロウ
ポイズンクロウ
デスクロウ
ゴットハンド
アスモデュート
ショートスピア
ジャベリン
ロングスピア
トライデント
パイク
ランス
ブラッドスピア
チャージスピア
ダイダロス
リヴァイアサン
ハンマー
ウォーハンマー
モール
ホーリーハンマー
スミスハンマー
ティターン
ショットガン
ライフル
ブラスター
クロスアーマー
レーザーアーマー
コットンアーマー
リングメイル
ブレストプレート
チェインメイル
スケイルメイル
プレートアーマー
スーツアーマー
ガイアメイル
ミラーメイル
ミスリルアーマー
ドラグスケイル
麻布の服
レザージャケット
バトルスーツ 
コールドクローク
エアークローク
ドレス
絹の服
パワードベスト
剣のペンダント
タリスマン
アミュレット
対魔の護符
翼の証
炎の紋章
海魔の牙
黒曜の首飾り
懐中時計
ミラーペンダント
虹のロザリオ
サンダル
革の靴
クライムブーツ
ヘビーレッグ
バトルブーツ
ウイングブーツ
ジャンプブーツ
綺麗な指輪
シールドリング
ナックルリング
シルバーリング
黒真珠の指輪
無限の指輪
リンクリング
琥珀の指輪
ストリング
ミスリルリング
セージズ・アイ

