☆General-Antique☆
皿【雑品】
皿【良品】
皿【優品】
皿【上等品】
皿【芸術品】
壺【雑品】
壺【良品】
壺【優品】
壺【上等品】
壺【芸術品】
家具【雑品】
家具【良品】
家具【優品】
家具【上等品】
家具【芸術品】
絵画【雑品】
絵画【良品】
絵画【優品】
絵画【上等品】
絵画【芸術品】

☆High･Grade-Antique☆
錦傘持婦人文大皿
破墨山水図　掛け軸
信楽自然釉壺
Ｒ＆Ｒマルケトリー・テーブル
藍柿右衛門孔雀図皿
パチェロン懐中時計
古代白拍子図　掛け軸
古備前大壺
芝山象嵌飾棚
美濃物刀剣　孫六

☆Event-Antique☆
奇跡のほうき
不思議な整理棚
麗しのバニースーツ
あきんどのそろばん
風格ある看板
香水
アクアマリンの指輪
清らかな壺
深淵の水晶球
命の香炉
集魔の鏡
魅惑のジュークボックス
思い出の写真機
ネコ寄せドラ
無銘・妖刀
無銘・妖刀
綺麗な天球儀
綺麗な天球儀（非売品）
鈴のネックレス
白うさぎの絵皿
白うさぎの絵皿
姉妹うさぎの絵皿
狸の置物
小さな狸の置物
純白のドレス
純白のドレス（非売品）
気になる茶碗（非売品）
夫婦茶碗（非売品）
猫に小判の図茶碗（非売品）
幻の美人画（非売品）
織部茶碗
絵唐津茶碗
古楽山
古薩摩焼茶碗
柿の絵の壺
志野茶碗

☆Rare-Antique☆
車箪笥　三国
ＲＮヴォージュ風景文花器
金芝山蒔絵間取香炉
アトラクション・ネッシー
蒔絵富士の図台
金剛五鈷杵
ビンテージ・スカーフ
吊し燈籠
天然金緑石　キャッツ・アイ
古書「ローマ古代建築図鑑集」
マイセン人形「ハートを射る天使」
秋草蒔絵通盆
来栖川重工ＨＭ−１２付属ほうき
千両箱
プレミア本（成人向）
版画「麗しき幻想」
ビクトリアン・デザートフォーク
ガラクタ
二挺天符式櫓時計
藍染七福神壁掛布錦
ヴィエナ窯　神話絵皿
古伊万里沈香壺
落中落外図　屏風六曲一双
アンティーク・シャンデリア
千手観音菩薩像
クラシックカー
