07/01 MON
07/02 TUE
07/03 WED
07/04 THU
07/05 FRI
07/06 SAT
07/07 SUN
07/08 MON
07/09 TUE
07/10 WED
07/11 THU
07/12 FRI
07/13 SAT
07/14 SUN
07/15 MON
07/16 TUE
07/17 WED
07/18 THU
07/19 FRI
07/20 SAT
07/21 SUN
07/22 MON
07/23 TUE
07/24 WED
07/25 THU
07/26 FRI
07/27 SAT
07/28 SUN
07/29 MON
07/30 TUE
07/31 WED
08/01 THU
08/02 FRI
08/03 SAT
08/04 SUN
08/05 MON
08/06 TUE
08/07 WED
08/08 THU
08/09 FRI
08/10 SAT
08/11 SUN
08/12 MON
08/13 TUE
08/14 WED
08/15 THU
08/16 FRI
08/17 SAT
08/18 SUN
08/19 MON
08/20 TUE
08/21 WED
08/22 THU
08/23 FRI
08/24 SAT
08/25 SUN
08/26 MON
08/27 TUE
08/28 WED
08/29 THU
08/30 FRI
08/31 SAT
09/01 SUN
09/02 MON
09/03 TUE
09/04 WED
09/05 THU
09/06 FRI
09/07 SAT
09/08 SUN
09/09 MON
09/10 TUE
09/11 WED
09/12 THU
09/13 FRI
09/14 SAT
09/15 SUN
09/16 MON
09/17 TUE
09/18 WED
09/19 THU
09/20 FRI
09/21 SAT
09/22 SUN
09/23 MON
09/24 TUE
09/25 WED
09/26 THU
09/27 FRI
09/28 SAT
09/29 SUN
09/30 MON
10/01 TUE
