傷薬
ハイパー傷薬
エリクサー
聖水
乙女の涙
精霊の祈り
命の水
リキュアの祈り
神霊珠
火酒
力の素
知恵の素
技の素
防御の素
魔法防御の素
素早さの実
結界
開運のお守り
強壮剤
プロテイナ
魔導書
奥義書
鉄の実
精霊の守り
タフの実
マナの実
ミストパウダー
オルゴール
呼び鈴
無敵
強制終了
強制終了
強制終了










































































































































































































































































強制終了
火炎のエキス
鉄石のエキス
浄化の源
水晶のエキス
勇気のしずく
疾風のエキス
巨人の源
日光のしずく
水煙のしずく
吸光の源
太陽のエキス
迅雷のしずく
水鏡のしずく
引月の源
女神のしずく
夢幻の源
新月のエキス
蜘蛛のエキス
陽光の源
幻影のしずく
強制終了
