0x00000001
0x00000002
0x00000003
0x00000004
0x00000005
0x00000006
0x00000007
0x00000008
0x00000009
0x0000000A
0x0000000B
0x0000000C
0x0000000D
0x0000000E
0x0000000F
0x00000010
0x00000011
0x00000012
0x00000013
0x00000014
0x00000015
0x00000016
0x00000017
0x00000018
0x00000019
0x0000001A
0x0000001B
0x0000001C
0x0000001D
0x0000001E
0x0000012D
0x0000012E
0x0000012F
0x00000130
0x00000131
0x00000132
0x00000133
0x00000134
0x00000135
0x00000136
0x00000137
0x00000138
0x00000139
0x0000013A
0x0000013B
0x0000013C
0x0000013D
0x0000013E
0x0000013F
0x00000140
0x000000C9
0x000000CA
0x000000CB
0x000000CC
0x000000CD
0x000000CE
0x000000CF
0x000000D0
0x000000D1
0x000000D2
0x000000D3
0x000000D4
0x000000D5
0x000000D6
0x000000D7
0x000000D8
0x000000D9
0x000000DA
0x000000DB
0x000000DC
0x000000DD
0x000000DE
0x00000065
0x00000066
0x00000067
0x00000068
0x00000069
0x0000006A
0x0000006B
0x0000006C
0x0000006D
0x0000006E
0x0000006F
0x00000070
0x00000071
0x00000072
0x00000073
0x00000074
0x00000075
0x00000076
0xFFFFFFFF
