傷薬
ハイパー傷薬
エリクサー
聖水
乙女の涙
精霊の祈り
命の水
リキュアの祈り
神霊珠
火酒
力の素
知恵の素
技の素
防御の素
魔法防御の素
素早さの実
結界
開運のお守り
強壮剤
プロテイナ
魔導書
奥義書
鉄の実
精霊の守り
タフの実
マナの実
ミストパウダー
オルゴール
呼び鈴
無敵
W:火炎のエキス
W:鉄石のエキス
W:浄化の源
W:水晶のエキス
W:勇気のしずく
W:疾風のエキス
W:巨人の源
W:日光のしずく
W:水煙のしずく
W:吸光の源
W:太陽のエキス
W:迅雷のしずく
W:水鏡のしずく
W:引月の源
W:女神のしずく
W:夢幻の源
W:新月のエキス
W:蜘蛛のエキス
W:陽光の源
W:幻影のしずく
P:一輪の花
P:こうもりの羽
P:リボン
P:木のねずみ
P:デカキャンディー
P:ケーキ
P:兎の足のお守り
P:猫のしっぽ
P:悪魔の角笛
P:子犬のぬいぐるみ
P:髪飾り
P:イヤリング
P:マフラー
P:口紅
P:言葉を喋る鳥
P:花束
P:女神像
P:銀のブローチ
P:香水
P:古文書
P:珍しいお菓子
P:銀の指輪
S:命の実
S:パンの実
S:幸運のペンダント
S:銀の虹
S:黒い小箱
S:巨大キノコの小片
S:神無き創世記
S:絵の包み
S:ホワイトマッシュ
S:ミスリル製の指輪
S:ゴムボート
S:ドレス
S:人形
S:龍の牙
S:炎の魂
S:柿
S:ニンジン
S:またたび
なし
