リーザス城
ノースの街
オクの街
サウスの街
イースの街
オークスの街
バランチの街
ウェスの街
ポナラの街
プリティリア
アランの街
スケールの街
マウネスの街
プアーの街
リッチの街
パラパラ砦
ロックアース
アイスの街
ジフテリアの街
ラジールの街
カスタムの街
火星
レッドの街
ジオの街
Ｍランド
ハンナの街
闘神都市
ポルトガル
シャングリラ
ボルゴＺ
ログＢ
ログＡ
ウラジオストック
ゴーラク
古代の遺跡
アークグラード
コサック
シベリア
ローゼスグラード
ポーン
スードリ１３
スードリ１０
パス
マイクロ・グラード
ラング・バウ
スードリ１７
パルナス
ローレングラード
番裏の砦Ａ
番裏の砦Ｂ
番裏の砦Ｃ
ラボリ
イコマ
ウォークランド
長崎
大阪
佐渡
アダムの砦
サバサバ
イタリア
テープ
ナガールモール
オールドゼス
バス
琥珀の城
マジックの塔
ナギの塔
千鶴子の塔
ゼスの宮殿
パパイアの塔
パリティラオン
魔路埜要塞（北）
アルデンヌ
マーク
無し（実はある）
魔路埜要塞（南）
テンプルＡＬ本部
悪の塔
魔王の城
硫黄の森
シルキィの城
死の大地
カスケード・バウ
ケイブリスの城
赤の家
青の家
ケッセルリンクの城
カミーラの城
なげきの谷
骨の森
引き裂きの森
