f

ɐ



g

F
zg
͈
͈
腉F

腏_
͏p
͏
͏

腕
̓E



ҕ

o




^
\
o




N
v

Dz
D
I
≽Ĝ

V
U
I
s
s
{
s
跏s
Z
yi
yr
s}
sV
跜T
s
Č
Č
Č
Ča
Čb
Č
Č
Č
Č
Če
Č
ɏ[

ؘ
O
ɔ
e\
ؗY
֜R
։H
ǈ
xu
،
؍_
֋
֍
ؐ
ؐ
؝
Q
֓
ؓ
ÔJ

e
֕


i
鰉
`
Yu
鰑
鰝


u͋
I
ݎu
y
s

V
v


]

I
O

|
Yh
纐

j
o

`

W

ԋI





c
z


N
@

x

E\



cᐓ
EZ


F
j

ӎԎ
ӏ
ĜC
Yˍ
Ӕ

ӕ



a
M


G
wZ

m
mJ
m
mL
m
m
in
in
inJ
int
in
int
in]
in
inN
ӝ

h


|
q

B


銺
鋒
jZ
M
R
鎡
J


~

䤝
Y
߉
ӊ
Ӌ`
Ӌ
Ӎ
X
Ә

M
N
h




~

a

W



N

\V

\^
Rz
h
h]
`

X

L
L
S
Po
Sj
S[
F
b


x
P
v
V
^


A
^
m


u
he

^
F

F

h
c

a

x

U





G
s


r
o




N
j
j
ї
^
Sv剤
杗Y

_
q
p




V

x

M

h
C
L

J



C


ⓝ

N


z

k



D

{


]
y


k

o
|



c

Ht


\

Og
T
c
c
ce
cL








P
\




䶓


a
ma
茳
n
nx
n
nn
n
n
n
n
n
n
nS
n
nN
n

挚
N\
N
f
NP

ڟ

g
gF

gK
d

mm
B@
F
g


X

Ċ
Z咷
I
L
鸐M
@
L
L
鸗
s
`z
؎剤


剤
R
Њl
ВB
ЗD
k
V
kV
rx
kX
kC
kH
k
kN
k
kV
kN
k


p


F
M
R




l
T
L
i

g



z


T
j

x
b

\
^


@
M


Cz
@



@
CM
C`
Ci
CD
C
C
C
Cz
C
ϒ
Dl
ḐA
00
01
02
03
04
05
06
07
08
09
10
11
12
13
14
15
16
17
18
19
20
21
22
23
24
25
26
27
28
29
30
31
32
33
34
35
36
37
38
39
40
41
42
43
44
45
46
47
48
49
50
51
52
53
54
55
56
57
58
59
60
61
62
63
64
65
66
67
68
69
70
71
72
73
74
75
76
77
78
79
80
81
82
83
84
85
86
87
88
89
90
91
92
93
94
95
96
97
98
99