nŎ
nZŎ
nア
nZア
nセ
nZセ
n
nZ
n
nZ
n
nZ
n
nZ
nŋ
nZŋ
nŎ
nZŎ
nア
nZア
nセ
nZセ
n
nZ
n
nZ
n
nZ
n
nZ
nŋ
nZŋ
ʑŎ
ʑZŎ
ʑア
ʑZア
ʑセ
ʑZセ
ʑ
ʑZ
ʑ
ʑZ
ʑ
ʑZ
ʑ
ʑZ
ʑŋ
ʑZŋ
ʑŎ
ʑZŎ
ʑア
ʑZア
ʑセ
ʑZセ
ʑ
ʑZ
ʑ
ʑZ
ʑ
ʑZ
ʑ
ʑZ
ʑŋ
ʑZŋ
ʔŎ
ʔZŎ
ʔア
ʔZア
ʔセ
ʔZセ
ʔ
ʔZ
ʔ
ʔZ
ʔ
ʔZ
ʔ
ʔZ
ʔŋ
ʔZŋ
ʒxŎ
ʒxZŎ
ʒxア
ʒxZア
ʒxセ
ʒxZセ
ʒx
ʒxZ
ʒx
ʒxZ
ʒx
ʒxZ
ʒx
ʒxZ
ʒxŋ
ʒxZŋ
ӐŎ
ӐZŎ
Ӑア
ӐZア
Ӑセ
ӐZセ
Ӑ
ӐZ
Ӑ
ӐZ
Ӑ
ӐZ
Ӑ
ӐZ
Ӑŋ
ӐZŋ
ӐxŎ
ӐxZŎ
Ӑxア
ӐxZア
Ӑxセ
ӐxZセ
Ӑx
ӐxZ
Ӑx
ӐxZ
Ӑx
ӐxZ
Ӑx
ӐxZ
Ӑxŋ
ӐxZŋ
nŎ
nZŎ
nア
nZア
nセ
nZセ
n
nZ
n
nZ
n
nZ
n
nZ
nŋ
nZŋ
nŎ
nZŎ
nア
nZア
nセ
nZセ
n
nZ
n
nZ
n
nZ
n
nZ
nŋ
nZŋ
ʑŎ
ʑZŎ
ʑア
ʑZア
ʑセ
ʑZセ
ʑ
ʑZ
ʑ
ʑZ
ʑ
ʑZ
ʑ
ʑZ
ʑŋ
ʑZŋ
ʑŎ
ʑZŎ
ʑア
ʑZア
ʑセ
ʑZセ
ʑ
ʑZ
ʑ
ʑZ
ʑ
ʑZ
ʑ
ʑZ
ʑŋ
ʑZŋ
ʔŎ
ʔZŎ
ʔア
ʔZア
ʔセ
ʔZセ
ʔ
ʔZ
ʔ
ʔZ
ʔ
ʔZ
ʔ
ʔZ
ʔŋ
ʔZŋ
ʒxŎ
ʒxZŎ
ʒxア
ʒxZア
ʒxセ
ʒxZセ
ʒx
ʒxZ
ʒx
ʒxZ
ʒx
ʒxZ
ʒx
ʒxZ
ʒxŋ
ʒxZŋ
ӐŎ
ӐZŎ
Ӑア
ӐZア
Ӑセ
ӐZセ
Ӑ
ӐZ
Ӑ
ӐZ
Ӑ
ӐZ
Ӑ
ӐZ
Ӑŋ
ӐZŋ
ӐxŎ
ӐxZŎ
Ӑxア
ӐxZア
Ӑxセ
ӐxZセ
Ӑx
ӐxZ
Ӑx
ӐxZ
Ӑx
ӐxZ
Ӑx
ӐxZ
Ӑxŋ