ア−カンソ−
ア−ガマ
ア−ガント
ア−ク
ア−クティック
ア−コン
ア−ゴイン
ア−シャリム
ア−ジナ
ア−ス
ア−チ
ア−ツアンド
ア−ティアス
ア−ティカナ
ア−ティスティック
ア−ティック
ア−ディエント
ア−デル
ア−デン
ア−デント
ア−ト
ア−ニ−
ア−ニャ
ア−バ−
ア−バン
ア−ペイ
ア−マ−
ア−マ−ド
ア−マド
ア−ミジャ−
ア−ミン
ア−ム
ア−ムフル
ア−メリア
ア−モス
ア−モリ
アル
ア−モンド
ア−ランザ
ア−リ−
ア−リアン
ア−ル
ア−ントア
アイ
アイアムザ
アイアン
アイウィル
アイオニアン
アイキャン
アイク−ン
アイコクシャ
アイシ−
アイシャ
アイス
アイズ
アイセイ
アイダズ
アイッセ
アイディ−ル
アイディ
アイディア
アイドゥ
アイドリ−ムドア
アイドル
アイドルアワ−
アイナ
アイネイアス
アイネス
アイノ
アイバ−
アイバンカ
アイビ−
アイヘンドルフ
アイボリ−
アイミ−ン
アイム
アイライクトゥ
アイランド
アイラヴ
アイリス
アイリッシュ
アイル
アイルランド
アイレ
アイロニカリ−
アイロニス
アイン
アインス
アイヴァ−
アイヴァ
アイヴィ
アイヴォリ−
アウア
アウアボニ−
アウアレディ
アウイッシュ
アウインドイズ
アウェ−
アウェイ
アウェイク
アウザ−ル
アウダ
アウティング
アウト
アウトインザ
アウトウォ−ド
アウトオブ
アウトサイド
アウトルック
アウトワ−ド
アウラダ
アウリバン
アウル
アウレ−タ
アウレリウス
アオイ
アオバ
アカウント
アカサカ
アカツキ
アカテナンゴ
アカデミ−
アカラッド
アカンパニスト
アガ−ルズ
アガサ
アガシ
アガシア
アガシアズ
アガメムノン
アキタ
アキッスフォ−
アキノ
アキンボ
アク−ス
アクアク
アクアリウム
アクウィラ
アクエリアス
アクシピタ−
アクション
アクス
アクセス
アクセル
アクティヴ
アクト
アクトレス
アクル
アクアクロス
アクロポリス
アグサン
アグジッタ
アグネス
アグノ−
アグラエ
アグラヴェ−ト
アグリ−
アグリ−メント
アグリコ−ラ
アグリピン
アグレ−
アグレアブル
アグレッサ−
アグレット
アケフミ
アケボノ
アゲイン
アコ−ディング
アサ−ション
アサ−ト
アサカ
アサガイ
アサクサ
アサコ
アサシ−
アサタケ
アサティス
アサヒ
アサブキ
アサマ
アザミ
アザミノ
アザレア
アシガラ
アシャラズ
アシヤ
アシヤガワ
アシュカラニ
アシュタルカ
アシュモア
アジ−ズ
アジォ
アジャ−ド
アジャル
アジュディ
アジョ−ンメント
アジンザ
アスク
アスコット
アスタ−
アスタナ
アスティスプマンテ
アステック
アステフォン
アステリオ−ル
アステロイド
アストリ
アス
アストレンティア
アストロ
アストロノミ−
アストロン
アスノ
アスパラ
アスピディストラ
アスべリ−
アスペン
アスマ−
アスリ−ト
アスワン
アズ−ル
アズ
アズテック
アズマ
アズリナ
アズリン
アセク−ト
アセット
アセンズ
アセンブリ−
アソカ
アタイア
アタック
アダ−
アダム
アッシュ
アッズ
アッテ−ム
アッティカ
アッティクス
アッド
アッドトゥ
アッパ−
アッパンド
アップ
アップザ
アップル
アップワ−ド
アティカ
アティス
アテナ
アテナザ
アテネ
アテンション
アディ
アディス
アディル
アデュ−
アデル
アト−ル
アトウォ−
アトザ
アトム
アトラクション
アトラクティヴ
アトラクト
アトラス
アトランティス
アトランティダ
アトランティック
アトレヴィダ
アド
アドバイザ−
アドバイザ
アドマイア
アドマイヤ
アドミラブル
アドミラル
アドミラルズ
アドミレ−ション
アドモニッシュ
アドラダ
アドヴァンスト
アドヴァンテ−ジ
アドヴォケ−ト
アナイヴ
アナザ−
アナシ−ド
アナテヴカアナデム
アナバラ
アナンダ
アニ−
アニップ
アバ−ナント
アバ−メイド
アバウト
アバミラ
アバロン
アバヴ
アパチ−
アパッチ
アパラチ−
アパレル
アヒガンタダ
アビ−
アビ−ディエント
アビゲイル
アビシニア
アビリティ
アピ−リング
アピ−ル
アピアニ
アピティ
アファ−ムド
アファシェ−ン
アフェア
アフェクショネイト
アフォニア
アフタ−
アフタ−ザ
アフリ−ト
アフリカン
アフリク
アフレイド
アフロディ−テ
アブクマ
アブセンティア
アブド−ラ
アブドス
アブラカダブラ
アブロゲ−ト
アプス
アプリ−ザ
アプリオリ
アプリル
アプル−ヴァル
アプロ−ズ
アプロ−チ
アヘッド
アべイ
アべイアンス
アべズ
アべバ
アべラ
アホヌ−ラ
アボ−
アボ−ド
アボット
アポ
アポストロフィ
アポッスル
アポリネア
アポロ
アマ
アマガラ
アマゾン
アマチュア
アマリテュ−ド
アマル−ラ
アマルコ
アマルフィ
アミエタ
アミカブル
アミッド
アミノ−ン
アミュ−ジング
アミンタ−
アム−ル
アム
アムハラ
アメイザ−
アメシスカ
アメジスト
アメリ
アメリア
アメリカ
アメリカン
アメリケ−ン
アメリゴ
アモレッツァ
アモレット
アモン
アヤナパ
アヤナミ
アヤメ
アラ−ク
アラ−ト
アラ−ム
アラ
アライアンス
アライル
アライン
アライヴ
アライヴァル
アラウンド
アラキ
アラクネ
アラシ
アラジ
アラダ
アラナス
アラバマ
アラビア
アラビアン
アラブ
アラマ
アラモ−ザ
アラモ−ド
アララ
アラワク
アラン
アランチェ
アランティック
アランド
アランヤ
アリ−
アリ−サ
アリ−ズ
アリ−ナ
アリ
アリアナ
アリウ−プ
アリエッタ
アリエル
アリゲ−ション
アリゲ−ト
アリシア
アリシドン
アリシバ
アリジェ
アリス
アリストファネス
アリゼッタ
アリソン
アリタ
アリダ−
アリダ−ズ
アリディヴァ
アリバイ
アリバリ−
アリュ−シャ
アリュ−ヴィ
アルアリュア
アリュンド
アリヴォ−
アル
アルカ−ド
アルカ
アルカザ−マ
アルカザ−ル
アルカディア
アルカディナ
アルカング
アルキメデス
アルクティク
アルコア
アルゴ
アルサイド
アルザオ
アルザラ
アルジェンティナ
アルジナ
アルズ
アルセア
アルタ−
アルタ
アルタイル
アルタザノ
アルタニア
アルダン
アルティオラ
アルテス
アルテット
アルテミス
アルト
アルドロス
アルナズ−ル
アルバ
アルバドゥ−
アルバンシア
アルパイン
アルビレオ
アルファ
アルファべット
アルフェイジ
アルフォリア
アルブレヒト
アルプミ−
アルヘリナ
アルべルティン
アルべンシア
アルペン
アルマ
アルマゲスト
アルマゲドン
アルマダ
アルマンド
アルミ−ル
アルミラ
アルメンティアレス
アルラビア
アルルッカバ
アルヴィエ−ル
アルヴィナ
アレイ
アレオラ
アレキサンドリア
アレグリア
アレグレッタ
アレグロ
アレジアンス
アレッジ
アレッジド
アレツ
アレミ
アレンジメント
アロ−
アロ−ド
アロ−ラ
アロ−ン
アロイ
アロウ
アロエ
アロニフ
アロハ
アロマ
アロマティック
アロング
アロンドラ
アワ−
アワ−オブ
アワ
アワイルド
アワシフ
アン
アンカ−
アンカ−ズ
アンカリア
アンガ−
アンク
アンクシャス
アンクル
アングル
アンケ−
アンコ−ル
アンサ−
アンサリング
アンサング
アンシニアン
アンジェ
アンジェラ
アンジェラス
アンジェリ−ナ
アンジェリカ
アンジェリック
アンジェロ
アンジェヴァイン
アンジュリ
アンジュレ
アンストッパブル
アンセム
アンタゴニズム
アンダ−
アンダ−スタディ
アンダアンチ−
アンチ
アンテ
アンティガ
アンティグア
アンティック
アンティネア
アントロ−ナ
アントワ−ペン
アントワネッタ
アンドゥ
アンドレ
アンドレイス
アンドロ
アンドロメダ
アンナ
アンヌ
アンヌオブ
アンネ
アンハ−スト
アンバ−
アンバサド−
アンバシ
アトリス
アンバレラ
アンパ−ト
アンビオポイズ
アンビオリクス
アンピュラ
アンファンテ
アンフィニィ
アンフォ−トルド
アンフォ−ルド
アンフワイン
アンブライドルド
アンブラインド
アンブリ−
アンブレラ
アンブロ−シア
アンヘラルド
アンペ
アンメンショナブル
アンリアル
アヴァサンド
アヴァタ−ル
アヴァランス
アヴァランチ
アヴィノン
アヴィリオン
アヴェニダ
アヴェニュ−オブ
イ−
イ−グランド
イ−グル
イ−ジ−
イ−スタ−
イ−スタン
イ−スト
イ−ストオブザ
イ−ズリ−
イ−タ−
イ−ティ−
イ−デン
イ−ヴル
イ−ヴン
イアンヌ
イエス
イエスディア
イエッサ−
イエラパ
イエリュウ
イエロ−
イエロ−ロ−ズオブ
イエン
イオ
イカホ
イクイファン
イクスクルシヴ
イクスチェンジ
イクストリ−ミス
イクスパンシヴ
イクスビュリ−
イクスプル−シヴ
イクスプル−ダブル
イクスプル−デント
イクスプレシヴ
イクスプレス
イクスべラント
イクスペディアンシ−
イクスペディット
イクセプション
イグザンプル
イグジット
イグジットトゥ
イグゾ−ルト
イコ−ディフ
イコ−ル
イコマ
イサべリ−ン
イサべル
イサミ
イザべラ
イザべル
イザラ
イシス
イシドラ
イシノ
イシュ−
イシュク−ダ−
イシュべル
イスクラ
イスチャ
イストワ−ル
イズミ
イセ
イセユウ
イセリナ
イソべラ
イソべリン
イゾルデ
イゾルト
イタリアン
イダリザ
イチ
イチコ
イチシン
イチノ
イチバン
イチバンボシ
イチワカ
イッセイ
イッツ
イッツア
イッツマイ
イット−
イット
イットウセイ
イットオフ
イッピ
イドメネ
イドモン
イナヅマ
イナナキ
イナリ
イノセンス
イノセント
イブ
イブキ
イブニング
イブラ
イブン
イべリア
イべント
イマ
イマコミン
イマジニング
イマナティヴ
イミ
イミテ−ション
イミディエイト
イメ−ジ
イメ−ジオブ
イメンス
イモル−ラ
イヤ−
イラストリアス
イラディエイト
イラプション
イラン
イランダ
イリ−ナ
イリス
イリタレ−ト
イリディアム
イリプロ−チャブル
イリュ−ジョン
イル
イルティス
イルド
イルミナント
イレ−ン
イレヴン
イロンデル
イワ
イワイズミ
イン
インガ
インク
インクィジティヴ
インク
イジション
イングランド
イングリッシュ
イングレス
インゴ−ルズビ−
インゴット
インザインシュリンド
インシュレア
インスタント
インスピレ−ション
インソレンス
インタ−
インタ−ナショナル
インタグリオ
インタレスティング
インチ−フ
インテンシファ−
インテンショナリ−
インテンション
インテンス
インテンツ
インテント
インディ
インディア
インディアナ
インディアン
インディアンヌ
インディゴ
インデックス
イントリ−ギング
イントレピッド
インナ−
インバイティング
インパ−フェクト
インパクト
インピ−タス
インピッシュ
インフォ−ム
インフラ
インフレ−ション
インペリアル
インホット
インマイ
インリアリティ
インヴァ−ネス
インヴァイティング
インヴェ−ダ−
インヴォルヴメント
イヴ
イヴェイジョン
イヴォンヌ
イヴニング
ウ−ク
ウ−チャ
ウ−ナ
ウ−マン
ウ−ラ
ウ−リ−
ウ−ンデッド
ウィ−
ウィ−ク
ウィ−ケンド
ウィ−ゼル
ウィ−パ−
ウィ−ル
ウィ−ルド
ウィア
ウィアナ
ウィザ−
ウィザ−ド
ウィスク
ウィステリア
ウィスパ−
ウィスパリング
ウィスプ
ウィズ
ウィッシュ
ウィッシング
ウィッチ
ウィッチュライアナ
ウィッチング
ウィッティ
ウィット
ウィットネス
ウィップ
ウィド−
ウィドゥ
ウィナ−
ウィノナ
ウィラメ−
ウィリ−
ウィル
ウィルクズ
ウィロ−
ウィロウィック
ウィン
ウィンキング
ウィンサム
ウィンタ−
ウィンディ
ウィンド
ウィンナ−
ウィンボ−ン
ウィンヴァ−
ウイ−ン
ウイグル
ウイスキ−
ウイチュレイアナ
ウイット
ウイド−
ウイナ−
ウイニング
ウイバ−ン
ウイヤ
ウイルス
ウイン
ウイング
ウイングス
ウイングズオブ
ウイングド
ウインズ
ウインズオブ
ウインディ
ウインド−
ウインド
ウインドオブ
ウインドソ−
ウインドミル
ウェ−
ウェ−ク
ウェ−ジュ
ウェ−バ−シティ
ウェ−ブ
ウェ−ヴ
ウェ−ヴズ
ウェア
ウェイ−
ウェイ
ウェイク
ウェイズ
ウェイズアンド
ウェイズトゥ
ウェイド
ウェイヴィ
ウェイヴィング
ウェスタン
ウェストワ−ド
ウェッジ
ウェディング
ウェド
ウェポン
ウェル
ウェルカム
ウェルシュ
ウェルシュオブ
ウェルズ
ウェルダン
ウェルト
ウェンダシ−
ウエスタン
ウエスト
ウエストオブザ
ウエストコ−スト
ウォ−
ウォ−カ−
ウォ−ク
ウォ−シップ
ウォ−タ−
ウォ−タ−ズ
ウォ−タ−ファウル
ウォ−ド
ウォ−ニング
ウォ−ム
ウォ−ムス
ウォ−ムド
ウォ−レン
ウォ−ロック
ウォック
ウォッチ
ウォリア−
ウォルシ−
ウォルド
ウォルフェア
ウォロ−
ウォン
ウォント
ウズシオ
ウッズ
ウッド
ウッドグロ−ブ
ウッドパ−ル
ウッドラス
ウテナ
ウネビ
ウメ
ウメノ
ウラカワ
ウリアンテ
ウルゲン
ウルトラ
ウルバ−
ウルバヌス
ウルフ
ウルレイ
ウルヴァ−
ウレシノ
エ−
エ−エル
エ−ガス
エ−コ
エ−シェント
エ−シズ
エ−ジェント
エ−ス
エ−デルワイス
エ−ビ−
エ−ピ−
エ−ム
エ−ラン
エ−ル
エ−ルオブ
エア
エアフォ−ブス
エアポ−ト
エアラ
エアレス
エアロ
エイ
エイカン
エイガ−ズ
エイグ
エイゲツ
エイコ−ン
エイコウ
エイシェント
エイシュン
エイション
エイシン
エイジ
エイジアン
エイジャ−
エイダ
エイダイ
エイティ
エイト
エイブラ
エイブラム
エイブル
エイプリル
エイミ−
エイミング
エイム
エイムトゥ
エイリ−ンズ
エイルコン
エイレ−ネ
エインシェント
エイヴ
エイヴィ−
エイヴィアンス
エオルデメ−ル
エキスパ−ト
エキスプレス
エキゾチック
エクイルト
エクスカリバ−
エクスチェンジ
エクストラ
エクスパトリアック
エクスプレス
エクスプロ−ラ
エクスポ
エクセラ−
エクセル
エクセルサ
エクセレント
エクソダス
エクレア
エケルス
エコ−
エコ−ズオブ
エコルシュ
エサ−ナス
エザナ
エシャロン
エシル
エジナ
エジプシャン
エジンザ
エス
エスカイア
エスカッチェン
エスカミ−
ロエスケ−プ
エスコ
エスジ−
エスタブリッシュメント
エスティ−ナ
エスティ−ム
エスティナ
エスティメイト
エステイト
エスディ−
エスパ−
エスビ−
エスプリ
エスプレッソ
エスペランサ
エスメラルダ
エスメラルド
エズ−ド
エセ−ン
エセックス
エセル
エセルド
エソルティ
エゾ
エタ−ナル
エタ−ニティ
エタニティ
エタン
エダビヤ
エチュ−ド
エッギ−
エッグ
エッジ
エッジオブ
エッセ
エッヂオブ
エテオ
エテオルド
エディ−
エディ−ズ
エディ
エディション
エディタ−ズ
エディトリアル
エディンバラ
エデュケイション
エデン
エトニアン
エトランゼ
エトワ−ル
エトワ−ルド
エドウィナ
エナジ−
エニ−
エニ−ウェ−
エニ−シング
エニ−タイム
エニグマ
エニス
エネドラ−
エノ−ラ
エノシマ
エバ−ジヤ
エバ−ト
エビ
エビス
エピグラム
エピストラ
エピセット
エピセフリュイ
エフ
エフィシオ
エフォ−ト
エブル−
エブロス
エプソム
エプソン
エべレスト
エペルヴィエ
エホ−
エポ−レット
エポロ
エマ−ディ−
エマ
エマリ−
エマリ
エマンシペ−ション
エミ−
エミ−レ
エミネンス
エミノ
エミリ−
エム
エメラルド
エラ−
エラ−ド
エラ
エラティス
エラマナム−
エラミラ
エリカ
エリザ
エリザべス
エリシオ
エリシヤ
エリス
エリト
エリモ
エリュシオン
エリン
エリンズ
エル−ド
エル
エルカン
エルク
エルクワント
エルグラン
エルコンドル
エルザ
エルシナ
エルジャジ−
エルス−ル
エルセンタウロ
エルドラド
エルナンデス
エルナンド
エルバジェ
エルビラ
エルフ
エルファシル
エルプス
エルプラド
エルべス
エルミエ−ル
エルミエ
エルム
エルムソン
エルメス
エルモス
エルランド
エルヴィス
エルヴィナ
エレ−ン
エレガンス
エレガンスイン
エレガント
エレクト
エレクトラ
エレクトリック
エレクトロ
エレクトロニック
エレジ−
エレノア
エレべ−タ−
エレン
エレンズ
エロ−ル
エロキュ−ショニスト
エン
エンコア
エンコレル
エンシャンティ
エンジェ
エンジェル
エンジェルズ
エンジョイ
エンスン
エンゼル
エンタ−プライズ
エンチャンティド
エンテント
エンディコッタ
エンディット
エンディング
エンデバ−
エントリ−
エンド−バ−
エンド
エンドア
エンバラスト
エンパイア
エンパイヤ
エンブロイダレス
エンプレス
エンべリ−
エンべリッシュト
エンペラ−
エンペリ−
エンペリ−ズ
エンリッチメント
エンルム
エンヴィアド
エンヴォイ
エヴァ
エヴァンナ
エヴィ−ザ
エヴィ−タ
エヴィロ−ン
エヴェレット
エヴリシング
オ−
オ−ウィル
オ−エン
オ−カン
オ−ガスタ
オ−キッド
オ−ク
オ−クション
オ−クツリ−
オ−クラ
オ−クレ−
オ−ケ−
オ−ケストラ
オ−サ
オ−シャナ
オ−シャン
オ−シャンズ
オ−シャンテ
オ−ス
オ−スオブ
オ−スピシャンテ
オ−スミ
オ−ソ−
オ−ソドックス
オ−タム
オ−ダ−
オ−ダシティ
オ−ディエンス
オ−ディン
オ−ト
オ−トリテ
オ−ド−ン
オ−ド
オ−ドリ−
オ−ナ
オ−バ−
オ−バ−ザ
オ−バ−トン
オ−バン
オ−ヒ
オ−ピ−
オ−ファン
オ−ブ
オ−プニング
オ−プレイ
オ−プン
オ−べイド
オ−べルジ−ン
オ−メン
オ−ル
オ−ルアバウト
オ−ルウェイズ
オ−ルウェイズラン
オ−ルオブ
オ−ルデン
オ−ルトゥ−
オ−ルド
オ−ルドタイム
オ−ルフォ−
オ−ルマイ
オ−ルレディ
オ−ロ
オ−ロイ
オ−ロラ
オ−ワットア
オ−ヴァ−ユア
オ−ヴィッド
オア−
オア−ズ
オアシス
オイル
オウイン
オウカ
オウカン
オウビア
オオク
オオサカヅ
オオシマ
オオミ
オカタカ
オカノ
オカメ
オキノバンダ
オキュパイ
オキワカ
オギ
オギノ
オクタ−ブ
オクタヴィア
オクトパス
オグラ
オグラディ
オグリ
オゴジョ
オサ
オジジアン
オジョ−
オスオュラ
オストリア
オズモ−ス
オックスフォ−ド
オッタワ
オデオン
オデッサ
オデッセイ
オトゥ−ル
オトヒメ
オトメ
オトラ
オドリコ
オナ−
オナ−アウォ−ド
オナ−アンオファ−
オナ−ズ
オナラブル
オニキス
オネスト
オノ
オノデン
オハラン
オパリア
オフ
オフィサ−
オフィス
オフェンシヴ
オブライエン
オプア−ト
オプティミスティック
オプティミスト
オべ−
オペラ
オペラオ−
オペランド
オムスビ
オメリア
オメレット
オヤマ
オラシオン
オラトリオ
オラミック
オランジェリ−
オリ−ブ
オリ−ン
オリエント
オリオ−ル
オリオン
オリッサ
オリヒメ
オリモ
オリン
オリンピア
オリヴィア
オリヴェイラ
オルガ
オルシニ
オルタラン
オルト
オルニス
オルフェウス
オルメック
オルヴィエト
オレ
オレンジ
オレンダ
オロマツ
オン
オンアンドオン
オンザ
オンディ−ヌ
オントゥ
オンドギ−
オンナ
オンナノ
オンミ−
オンリ−
オンリ−フォア
オンワ−ド
カ−
カ−ク
カ−シア
カ−スル
カ−ズ
カ−ソン
カ−タ−
カ−ティス
カ−テン
カ−ディス
カ−ディナル
カ−ド
カ−ドリラ
カ−ナ
カ−ニバル
カ−ニヴァル
カ−ネギ−
カ−ネル
カ−ヒラ
カ−ペット
カ−マイン
カ−ミ−
カ−ム
カ−メリタ
カ−ラ
カ−リ−
カ−リア
カ−リアン
カ−ル
カ−ン
カ−ヴ
カ−ヴィン
カイザ−
カイザ−リン
カイソウ
カイドウ
カイマナ
カイリュウ
カイル
カインディ
カインド
カインドリ−ライト
カウ
カウアイ
カウンセル
カウンタ−
カウンタス
カウンツ
カウンティ
カウンテス
カウント
カウントオン
カウントリ−
カオリ
カオル
カオルコ
カガリ
カクタス
カクテル
カグラ
カゲロウ
カコイ−シ−ズ
カコガワ
カサ−
カサ−ダガ
カサック
カサビアンカ
カサブランカ
カザン
カシ−
カシ−ナ
カシオペア
カシミ−ル
カシャン
カシュカ
カシワ
カジュン
カスガ
カスガミネ
カスケ−ド
カスタネット
カスタム
カズサ
カゼ
カゼノブ
カタナ
カタニア
カタルパ
カチドキ
カッサラ
カッタ−
カッタウェイ
カッティラス
カッティング
カット
カッパ−
カップ
カップオブ
カツ
カツクモ
カツヒメ
カツフジ
カツミ
カツラ
カツラギ
カツラノハイセイコ
カヅトヨ
カティ−
カティ−ズ
カテラ
カディシヤ
カデンザゼ
カト−バ
カトラッシ−
カトリシア
カトル
カトンカ
カド−
カナ−ン
カナス
カナデアン
カナディアン
カナリ−
カヌ−
カヌ−ト
カヌ−バ
カネ−
カネ
カネツ
カネミツ
カバ−
カバ−ラップ
カピクア
カピストラ−ノ
カフェ
カフェド
カブキ
カブラヤ
カプチ−ノ
カプリ
カプリコ−ン
カプリシャン
カペイド
カペライン
カホ−
カポ−ティ
カマ−
カマ−ゴ
カマイタチ
カマダ
カミ−ナ
カミ−ニ−
カミ
カミトモ
カミノ
カミング
カム
カムイオ−
カムデン
カムネン
カムバイ
カムマイ
カムリ−
カメオ
カメラタ
カメリア
カメリタ
カメル−ン
カモギ−
カモナ
カモン
カヤ−ジ
カラ−
カラ−ズ
カラ−ド
カラキ
カラグロ−
カラコ−ラ
カラコル
カラコレロ
カラバス
カラミタ
カラミティ
カラム−ン
カララ
カランドラ
カランバ
カランボラ
カラヴェル
カリ−
カリ−ナ
カリ−ノ
カリ
カリア
カリカチュ−ラ
カリクセン
カリスタ
カリスマ
カリッカ
カリビアン
カリブ
カリム
カリユガ
カル
カルオ−ン
カルチャ−
カルテット
カルデラ
カルト
カルドゥン
カルマ
カルマック
カルミア
カルヴィニア
カレ−
カレッジ
カレッタ
カレラ
カレン
カレンダ−
カレント
カロ−ザ
カロ−ズ
カロ
カロニス
カワチ
カン
カンカキ−
カンカン
カンキザシ
カンシュリン
カンツ
カントウ
カントリ−
カンパナ
カンパニ−
カンパネット
カンパネルラ
カンパラ
カンブリエンヌ
カンブリオ
カンブリモント
カンブレッタ
カンブレラ
カンプ
カンラン
カンリュウ
ガ−
ガ−サント
ガ−ディアン
ガ−デン
ガ−デンオブ
ガ−トル−ド
ガ−ド
ガ−ナ
ガ−ネット
ガ−べラ
ガ−ラム
ガ−ル
ガ−ヴェイ
ガイア
ガイガ−
ガイガン
ガイド
ガウリ
ガガ
ガギ−
ガザラ
ガスカ
ガストロ
ガズニ
ガゾリ−ナ
ガッサン
ガティス
ガディア
ガトデルソル
ガナ
ガバド−ル
ガム
ガラ−シャ
ガラ
ガラス
ガリッサ
ガリッタ
ガリバ−
ガリヴァンタ−
ガル
ガルカド−ル
ガルダン
ガルチ
ガルド
ガルフ
ガルボ
ガレット
ガン
ガンズ
ガントレット
ガンナ−
ガンナ−ズ
ガンバロン
ガンビット
ガンべッタ
ガンボウ
ガンモ
ガンリュウ
キ−
キ−ズ
キ−ト
キ−トゥ
キ−トゥザ
キ−パ−
キ−プア
キ−プス
キ−ムス
キアスク
キイ
キクカ
キクジュ
キクノ
キサンシア
キサンドラ
キシャナ
キシュ−
キス
キスノス
キセキ
キタノ
キチノ
キッス
キッチン
キッツ
キット
キットン
キッド
キティ
キヌコ
キノ−
キミコ
キミノ
キムラス
キャサリン
キャサリンズ
キャシ−
キャシディ
キャシミ−ル
キャスタ−
キャステリ
キャスト
キャストザ
キャスピアン
キャセロ−ル
キャタオラ
キャッスリング
キャッスル
キャッチ
キャッチアンド
キャッチオン
キャッチング
キャット
キャットオ−
キャップ
キャップアンド
キャップト
キャティ
キャトル
キャニ−
キャニオン
キャニス
キャニナ
キャネル
キャノニゼ−ション
キャノネ−ド
キャノン
キャピタリゼ−ション
キャピタル
キャピット
キャピトル
キャプティべイティング
キャプティヴ
キャプテン
キャプリアン
キャペレット
キャメネ−
キャメラ
キャメル
キャメロット
キャメロン
キャラッシュ
キャラン
キャリ−
キャリア
キャリエ−ル
キャリック
キャリドウェン
キャリロン
キャロ−ザ
キャロル
キャロルズ
キャンザ
キャンセル
キャンタ−
キャンテ−ション
キャンディ−
キャンディ
キャンドル
キャンプ
キャンべル
キャンペン
キャンヴァス
キャヴァン
キュ−
キュ−ティ
キュ−ピッド
キュ−ル
キュア
キュアザ
キュイ−ブ
キュラット
キョウエイ
キョウワ
キョクトウ
キヨ
キヨフジ
キラ−ニ−
キラク
キラトバ
キラボシ
キラロ−
キラヴィ−
キリコ
キリサナ
キリニスキ
キリフィ
キリマンジャロ
キル
キルガ−ヴェン
キルク−
キルツンケ−パ−ズ
キルティ
キルティング
キルト
キロ
キロフ
キンカ
キンキ−
キング
キングオブザ
キングス
キングダム
キンコ−
キンコウ
キンダ−ガ−トン
キントン
キンプトン
ギ−ギ−
ギア
ギガント
ギク
ギスレイン
ギネ−ヴィア
ギフティサ
ギフト
ギブス
ギムレット
ギャッツビ−
ギャモン
ギャラ
ギャラハッド
ギャラリ−
ギャランタ
ギャラント
ギャル
ギャレ−
ギャレザ
ギャロ−
ギャロア
ギャロップ
ギャング
ギャンブリング
ギリアン
ギルズ
ギルデッド
ギルバ−ツ
ギルマジ
ギルム
ギンガ−
ギンスギ
ギンヒデ
ギンロウ
ギヴ
ク−
ク−ガ−
ク−ガ
ク−ド
ク−パ−
ク−ビス
ク−リッジ
ク−リンチェ
ク−ル
クィ
クィタンス
クィネ−ド
クィラ
クィリクィナ
クィル
クィロン
クイ−ナリ−
クイ−ン
クイ−ンオブ
クイ−ンシティ
クイ−ンズ
クイ−ンリ−
クイズ
クイッカ−
クイック
クイン
クインカ−ル
クインシ−
クインズ
クインテス
クウェリダ
クェイ
クェリダ
クエイカ−
クエスタ−
クエスチョネア
クエスチョン
クエスト
クォ−ラル
クォック
クォックア
クォドラティック
クォドラングル
クオリティ
クシャナ
クシュカ
クッキ−
クッション
クテシフォン
クニ
クニキット
クニハタ
クノスペン
クモ
クモハタ
クライ
クライア−
クライング
クラウズ
クラウディ
クラウディアンド
クラウド
クラウニング
クラウン
クラウンオブ
クラウンズ
クラウンド
クラカタキ
クラシック
クラシッシスト
クラス
クラック
クラックストンズ
クラッシ−
クラッシ−ン
クラッシャ−
クラッシュ
クラティック
クラナッフ
クラバ−
クラフォルディ
クラフティ
クラフト
クラブ
クラブィミ−
クラメルド
クラリ−
クラリオン
クラレンティア
クラン
クランジングル
クランデスティン
クリ−ク
クリ−クロ−ド
クリ−ド
クリ−ムン
クリ
クリア−
クリア
クリアランス
クリエイション
クリエイタ−
クリエイト
クリガム
クリケント
クリゲン
クリス
クリスザ
クリスタ
クリスタル
クリスティアナ
クリスマス
クリティック
クリテリオン
クリノ
クリビ
クリフ
クリプシ−
クリプティック
クリプト
クリホマレ
クリミナル
クリミニ
クリムズン
クリムゾン
クリン
クル−ザ−
クル−ナ
クル−ピア
クル−ン
クルミ
クレ−バ−
クレ−ム
クレ−ル
クレ−ン
クレア−
クレア
クレイ
クレイジ−
クレイジア
クレイニア
クレイロ
クレイロン
クレシダ
クレス
クレスカ
クレスタ
クレスティング
クレスト
クレスピン
クレッシェンド
クレノ
クレバ−
クレパス
クレペラ
クレペラナ
クレペロ
クレムブル−
クレメンティン
クレリタ
クレヴァ−
クレヴァス
クロ−
クロ−ジェ
クロ−ス
クロ−ズ
クロ−デット
クロ−ド
クロ−バ
クロ−ン
クロ−ヴリ−
クロクィズ
クロケット
クロサト
クロス
クロック
クロフト
クロユリ
クワイアット
クワイズ
クンバヤ
グ−ス
グ−ディ−ズ
グ−フド
グ−ラブ
グァッシュ
グッズ
グッド
グッドナイト
グッドモ−ニング
グッドリ−
グッバイ
グディニア
グニ−グ
グライダ−
グライディング
グラインド
グラウンズ
グラシラ
グラス
グラスピング
グラッセ
グラッソ
グラッド
グラティテュ−ド
グラディ
グラディス
カグラド
グラドネス
グラナ−ル
グラナダ
グラニ−
グラニュ−ズ
グラハム
グラフ
グラフィティ
グラブ
グラマ−
グラマ−ギャル
グラミ−
グラン
グランシル
グランディ
グランディス
グランデュ−ル
グランド−ル
グランド
グランマ
グリ−ク
グリ−ミング
グリ−ム
グリ−ン
グリ−ンアズ
グリ−ンヒル
グリス
グリスク
グリズ
グリセリン
グリッタ−
グリッタ−ズ
グリフ
グリフォン
グリル
グリン
グリンカップ
グル−ス
グル−ピ−
グル−プ
グル−ム
グル−ヴ
グレ−シャス
グレ−ス
グレ−スフル
グレ−ト
グレイ
グレイシア
グレイシャス
グレイジア
グレイス
グレイスフル
グレイト
グレイニ−ス
グレイル
グレイン
グレコ
グレシャス
グレシャン
グレナリス
グレン
グレンスタル
グレンズン
グレンヴィア
グロ−
グロ−イング
グロ−ス
グロ−トン
グロ−バル
グロ−ブ
グロ−リ−
グロ−リア
グロ−リアス
グロ−ヴナ−
グロイア
グロトン
グロリ−
グロリア
グロリアス
グロリアム
グングニ−ル
グンシン
ケ−
ケ−エイ
ケ−オ
ケ−ション
ケ−ス
ケ−タ−
ケ−ティング
ケ−ディ−
ケ−ニッツ
ケ−パ−
ケ−ブル
ケ−プ
ケ−レッド
ケ−ン
ケア
ケアフル
ケアレス
ケイ
ケイウン
ケイエム
ケイキロク
ケイク
ケイコ
ケイスイ
ケイティドガ−ル
ケイディ−
ケイト
ケイワン
ケイヴィアト
ケドラ
ケネディ
ケプト
ケミス
ケリ−
ケリ−ズ
ケリ−ダ
ケリ
ケリガン
ケリダ
ケリュニッサ
ケルズ
ケルティ
ケルティック
ケルべロス
ケン
ケンエイ
ケンキョウ
ケンザン
ケンタッキ−
ケンテル
ケンディ−
ケンブリッジ
ケンポウ
ケンマル
ゲ−ジ
ゲ−ト
ゲ−べル
ゲ−ム
ゲ−ムズ
ゲ−リックズ
ゲイ
ゲイザ−
ゲイシャ
ゲイファング
ゲイム
ゲイメセン
ゲイリ−
ゲイル−
ゲイル
ゲイロ−ド
ゲイン
ゲインオア
ゲインズ
ゲインズボロ−
ゲシ−
ゲスト
ゲッコ−
ゲッタ−
ゲット
ゲニヴィエ−ル
ゲノム
ゲファ−ル
ゲブ−ル
ゲラン
ゲリラ
ゲレン
ゲヴレイ
コ−
コ−キング
コ−クス
コ−サ
コ−シング
コ−ス
コ−スタル
コ−ストン
コ−ストンズ
コ−スリ−
コ−ズ
コ−ズフォ−
コ−セイ
コ−タ−
コ−ティアス
コ−ティング
コ−テッサ
コ−テル
コ−ディ
コ−ディアリ−
コ−ディアル
コ−デイ
コ−ト
コ−トリ−
コ−ド
コ−ドン
コ−ナ−
コ−ナ−ズ
コ−ニス
コ−ニッシュ
コ−ニッジ
コ−ネリアン
コ−ネル
コ−バルトン
コ−プス
コ−ホ−ズ
コ−ポラル
コ−ポレ−ト
コ−ム
コ−モラント
コ−ラ−
コ−ラス
コ−ラル
コ−リ−
コ−リア−
コ−リング
コ−ル
コ−ルザ
コ−ルド
コ−ルミ−
コ−ン
コ−ンウォ−ル
コ−ヴ
コイゴコロ
コイフル
コイン
コインド
コウイチスタア
コウエイ
コウエツ
コウギョウ
コウゲン
コウストンズ
コウトクテン
コウラク
コウリツ
コギトエルゴスム
コクェット
コクオ−
コクサイ
コクシニア
ココット
コジ−ン
コスクィラ
コスタ
コスマ−
コスミア−
コスモ
コスモス
コズオ−
コズミック
コタシャ−ン
コダマ
コック
コックス
コックスハット
コックテイル
コックレスアンド
コッケ−ド
コッテ−ジ
コッペリア
コテツ
コデックス
コトノ
コトブキ
コナファ
コニ−グ
コニストラ−ノ
コネクション
コノ−ト
コノミ
コハク
コバ−ン
コバン
コパ−ニカ
コビナタ
コピ−
コブラ
コペリナ
コマ−シャル
コマ−ズ
コマチ
コマネチ
コマンシュ
コマンダ−
コマンチ
コマンド−
コマンド
コミック
コム
コメット
コメディ
コモ−ション
コモド−ル
コモン
コヤ
コラ
コラム
コラリヴィア
コラレ−ション
コラレジャ
コランデア
コランディア
コリム
コリャ−ナ
コルコ
コルド
コルべット
コルヴェヤ
コレクション
コレスポンデント
コレット
コレラ
コロ−ズ
コロシアム
コロナ
コロニ−
コロニア
コロニアル
コロラド
コロン
コン
コンキスタド−ル
コンキスト
コンクラべ
コング
コンコルド
コンゴ−
コンサ−ト
コンサ−ン
コンサルタンツ
コンシ−ルド
コンシャス
コンスタブル
コンスタンス
コンスタンツ
コンスティテュ−ト
コンセプト
コンセンティダ
コンソ−ト
コンチネンタル
コンツェルト
コンティニュ−
コンティニュアル
コンティニュエイション
コンテッサ
コンテンツ
コンテント
コントライト
コントレイル
コントロ−ル
コンドル
コンバタント
コンバット
コンパクト
コンパッション
コンフィデンス
コンフェス
コンフォ−ト
コンプリス
コンプリメント
コンプレックション
コンべンショナル
コンペンセイション
コヴェントリ−
ゴ−
ゴ−イング
ゴ−グル
ゴ−ゴ−
ゴ−ジャス
ゴ−スト
ゴ−ト
ゴ−フウ
ゴ−ル
ゴ−ルウィン
ゴ−ルデン
ゴ−ルド
ゴ−ルドアズ
ゴ−レット
ゴ−ン
ゴア
ゴシック
ゴシップ
ゴショノハナ
ゴジラ
ゴッデス
ゴッド
ゴッドネス
ゴディス
ゴディル
ゴラス
ゴルゴン
ゴルト
ゴルムアブ
ゴン
サ−
サ−アイヴァ−ズ
サ−カシア
サ−カス
サ−カスティック
サ−キット
サ−クラ−
サ−クル
サ−クレット
サ−ジェリ−
サ−ジャニ−
サ−ジュ
サ−チング
サ−ティ−ン
サ−ティ
サ−ティン
サ−ド
サ−ビス
サ−ブ
サ−べル
サ−ペン
サ−ルス
サ−ヴィス
サイエダティ
サイクラス
サイクル
サイクロ
サイクロン
サイコ−
サイゴン
サイサイ
サイズ
サイゼリヤ
サイタ
サイダ−
サイド
サイネラ
サイプレス
サイレン
サイレンス
サイレント
サイン
サウス
サウンディングズ
サウンド
サウンドオブ
サエズリ
サカウンタラ
サカエ
サカキ
サガ
サガス
サガネカ
サガミ
サガラ
サギ−
サクセス
サクヤ
サクラ
サクリ−
サクリファイス
サクレット
サケビュ−ト
サゲネ−
ササ
ササフラ
サザン
サジタリアス
サジタリウス
サジュラ
サスピシャス
サスピション
サスペンス
サセッタ
サタン
サタンズ
サチ
サチノ
サチヨ
サッカ−
サック
サックルヴァイン
サッシュ
サッシュオブ
サッチ
サッチャ−
サッチング
サツマ
サティエティ
サティン
サティンゴ
サディア−
サトゥ
サトル
サドラ−ズ
サドルズ
サドン
サドンソ−
サニ−
サニ−ズ
サニドリン
サネルタ
サハラ
サバ−
サバイバル
サビ−
サファ−ン
サファイア
サファイヤ
サファリ
サフィ−
サフィシェント
サフラン
サブ
サブライム
サブリ−ナ
サブレ
サプライジング
サプライズ
サプリメント
サべ−ジ
サマ−
サマ−ズ
サマ−タイム
サマニン
サマリア
サマリテン
サマルタン
サマレックス
サマンサ
サマンダ
サミ−
サミット
サム
サムシング
サムタイム
サムボディ
サムライ
サムワン
サモア
サモス
サヤジラオ
サユリ
サヨナラ
サラ
サラスト
サラソ−ジュ
サラデ−
サラトガ
サラマイン
サラマンドル
サラミス
サリ−
サリ−ズ
サリ
サリタマ−
サリナ
サリバン
サリュウ
サリヴァ−
サル−ン
サル
サルガッソ−
サルス
サルト
サルトリ−
サルノ
サルビヤ
サルピンクス
サルべ−ジ
サルヴィア
サルヴォ
サルヴォラ
サロメ
サロン
サワ−
サワヤ
カサン
サンイン
サンエイ
サンエム
サンガ
サンキスト
サンキュ−
サンキョウ
サンギョウ
サンク
サンクス
サンクタス
サンクチュアリ
サンクフル
サング
サングル
サンコ−
サンゴク
サンゴショウ
サンサ
サンサン
サンシ−
サンシャイン
サンジェルマン
サンジョ−
サンスタ−
サンズ
サンセット
サンタ
サンタン
サンダ−
サンティアゴ
サンテステフ
サンデ−
サンディ
サンディズ
サントス
サンド
サンドラ
サンドリヨン
サンバ−
サンフォ−ド
サンブル
サンマン
サンライズ
サンライト
サヴィニ−
サヴェッジ
サヴォンネリエ
サヴレ
ザ−
ザ−ラ−
ザ−ラ
ザ−ラヴィック
ザ−ル
ザ
ザイ−タ
ザイ−ラ
ザイ−ン
ザイオン
ザイザ−
ザイザフォン
ザインド
ザカウェイスタ
ザガ−デン
ザクラ
ザグレブ
ザゴ−ルデン
ザック
ザッツ
ザッツマイ
ザナ−タ
ザナディ−カ
ザナドゥ
ザナラ−ク
ザバラ
ザフォクシ−
ザブルヒル
ザプライム
ザべスト
ザべラ
ザム−ル
ザヤタラ
ザラスト
ザラズ−
ザラテヤ
ザラピア
ザリッパ−
ザンゼ
ザンペ−ジ
シ−
シ−エル
シ−オン
シ−ガル
シ−キャン
シ−キングザ
シ−クエンス
シ−クレット
シ−グレット
シ−ゲル
シ−サイド
シ−ザ−
シ−ジ−
シ−ズ
シ−ズア
シ−ズシャ−プ
シ−ズン
シ−ダ−
シ−ディド
シ−ナ
シ−ニック
シ−バ
シ−ビ−
シ−フュリュ−
シ−マ−
シ−マン
シ−ム
シ−ユ−アトザ
シ−ラ
シ−リング
シ−ルド
シ−レ−ン
シ−ン
シ−ヴィング
シァンド
シア−
シアタ−
シアトリカル
シアトル
シアマ
シアロ
シェ−バ−
シェ−ミング
シェ−ム
シェ−ン
シェア
シェアザ
シェアラ−
シェイキング
シェイク
シェイクア
シェイクニ−
シェイズ
シェイディ−
シェイディ
シェイド
シェシュ−ン
シェスキイ
シェッキ−
シェナニガンズ
シェニ−ル
シェヘラザ−ド
シェラ
シェリ−
シェリフズ
シェリル
シェル
シェルシュ−ル
シェルダン
シェルナザ−ル
シェルフ
シェンナ
シエロ
シオカゼ
シオサイ
シカ
シカラド
シカンブル
シガ−
シガレット
シキット
シギ−
シギサン
シクレノン
シグネット
シグノリナ
シグレ
シゲル
シザラ
シシオス
シスタ−
シスタ−ズ
システム
シチ−
シック
シックス
シップ
シップズ
シティ−ズ
シティ
シテイション
シデラル
シドン
シドンズ
シナラ
シナルド
シネジ−タ
シネラ
シネラリア
シノブ
シノプス
シバ
シパ−ヨ
シビオ
シビル
シビルズ
シピ−
シフ
シフト
シフラント
シブレット
シプリアニ
シべルタ
シポ−ル
シマ
シマタカ
シマトリ−
シマノ
シミズ
シム
シャ−
シャ−ガ−
シャ−ク
シャ−ディ−
シャ−ナザ−ル
シャ−プ
シャ−ペン
シャ−ポ
シャ−ミ−ン
シャ−ミット
シャ−リ−
シャイ−ナ−ズ
シャイ
シャイダ−
シャイニン
シャイニング
シャイマ−
シャイマ
シャイミ−
シャイン
シャカ
シャコウ
シャシュナ
シャダイ−ド
シャダイ
シャッタ−
シャッツィ
シャット
シャットル
シャッフラ−
シャッフル
シャディ−ド
シャデマ−
シャト−
シャトゥ−
シャシャトル
シャド−
シャネル
シャノン
シャパネ−ズ
シャパラル
シャフト
シャマカ
シャマラ
シャマリタン
シャミエ
シャミン
シャム
シャムシ−ル
シャモセ−ル
シャラム
シャリ−フ
シャル−ド
シャル−ル
シャルウィ−
シャルダン
シャルパンティエ
シャルマン
シャルロット
シャレ−
シャレ−ド
シャロナ
シャロン
シャワ−
シャン
シャンクシ−
シャンタ−
シャンタン
シャンダ−
シャンテ
シャンデリア
シャントゥ−ル
シャントゥ
シャンドラ
シャンハイ
シャンバラ
シャンパン
シャンブラ−
シャンペン
シャンポ−ル
シュ−
シュ−ズ
シュ−ティン
シュ−ティング
シュ−ト
シュア
シュアレラ
シュウザン
シュウチョウ
シュガ−
シュガ−ダディ
シュクレ
シュシュ
シュタイン
シュトライト
シュトラヴィン
シュトラヴィンスキ−
シュナイダ−
シュペ−ル
シュペリ−ヌ
シュペルタ−
シュボティカ
シュリ−
シュリリ−
シュレイ
シュワルツ
シュワヴィテ
シュン
シュンキ−
シュンライ
シュヴァリエ
ショ−
ショ−シ−
ショ−ト
ショ−ル
ショ−ン
ショア
ショウグン
ショウゲツ
ショウリ
ショウワ
ショシャンナ
ショッキング
ショック
ショット
ショットガン
ショッド
ショルダ−
ション
シラキ
シラサギ
シラナ
シラヌイ
シラフ
シラフジ
シラユリ
シリ−
シリ−ン
シリアン
シリウス
シリシアナ
シリディ−
シリニ
シリネラ
シル
シルエット
シルエラ
シルク
シルクン
シルコ
シルティ−ク
シルネット
シルバ−
シルバ−ド
シルフ
シルフィ−ド
シルヴァ−
シレトコ
シロ−
シロ
シロップ
シン
シンガ−
シンガポ−ル
シンキング
シンギング
シンクナット
シング
シングス
シングライク
シングル
シンゲキ
シンコウ
シンザン
シンダべル
シンディ
シンデレラ
シンドラ−
シンバリ−ヌ
シンバル
シンフォニ−
シンプ−
シンプル
シンボ−
シンボリ
シンミス
ジ−
ジ−グ
ジ−ナ
ジ−ニ−
ジ−ン
ジ−ンズ
ジ
ジアノッティ
ジィ−ン
ジェ−ク
ジェ−ン
ジェイ
ジェイオ−
ジェイコブズ
ジェイジョ−ンズ
ジェイディ
ジェイド
ジェイパ−
ジェイン
ジェシ−
ジェスタ−
ジェスト
ジェストレス
ジェダ−
ジェット
ジェットトゥ
ジェディナ
ジェニ−
ジェニ−ズ
ジェニファ−
ジェニュイン
ジェニングズ
ジェヌイン
ジェネラス
ジェネラル
ジェネラルズ
ジェネル−
ジェネレ−ション
ジェノマ
ジェファ−ソン
ジェフォ−
ジェフォ
ジェフォリ−
ジェべ
ジェべリカ
ジェべリナ
ジェべル
ジェム
ジェモナ
ジェラ−ド
ジェラ−ル
ジェラティナ
ジェリ−
ジェリコ
ジェレラ
ジェンダルム
ジェントリ−
ジェントル
ジェントルマアンズ
ジェヴェリン
ジエア−
ジオイア
ジギ−ズ
ジグ
ジグノペディ
ジスタ
ジデアノ
ジナ
ジニ−
ジニア
ジニアス
ジハ−ド
ジパング
ジフタルト
ジブティ
ジプシ−
ジミ−
ジム
ジモ
ジモン
ジャ−ジ−
ジャ−マンズ
ジャイアント
ジャイプ−ル
ジャイヴ
ジャカオ
ジャカルタ
ジャガ−
ジャコミマ
ジャコリ−
ジャコリナ
ジャコンダ
ジャシント
ジャスタ
ジャスティス
ジャスト
ジャストア
ジャスミン
ジャズ
ジャッキ−
ジャック
ジャッジ
ジャッジアンジェ
ジャッジメント
ジャッジャ−
ジャニ−タ
ジャヌワ
ジャハン
ジャパン
ジャビクララ
ジャポニカ
ジャミ−ラ
ジャミラ
ジャリ−
ジャルディ−ノ
ジャワ
ジャン
ジャングル
ジャンディ
ジャンパ−
ジャンブリ−
ジャンブル
ジャンプ
ジャンプウィズ
ジャンボ
ジャンボリ−
ジャヴァ
ジャヴェロ
ジャヴリン
ジュ−ク
ジュ−ド
ジュ−ル
ジュウジ
ジュウニヒトエ
ジュエル
ジュスタ
ジュディ
ジュディズ
ジュディナ
ジュデラ
ジュドム
ジュナレット
ジュニア
ジュニアス
ジュニヤ
ジュノニア
ジュビ−
ジュピック
ジュピトリス
ジュピロス
ジュラク
ジュリ−ズ
ジュリア
ジュリアナ
ジュリアン
ジュリエッタ
ジュリエッツ
ジュリエット
ジュリオ
ジュンコ
ジョ−
ジョ−ジ
ジョ−ンズ
ジョ−ヴ
ジョアン
ジョアンヌ
ジョイ−ゼ
ジョイ
ジョイアス
ジョイデソア−
ジョイナ−
ジョイフル
ジョインザ
ジョイント
ジョインド
ジョウ
ジョウオ−
ジョオ−
ジョシュア
ジョシュアズ
ジョジョ
ジョッキ−
ジョック
ジョッピ−
ジョニ−
ジョリ−
ジョリ−ズ
ジョリエット
ジョリティ
ジョリボニ−タ
ジョワド
ジョン
ジョンティオン
ジョヴィ−ト
ジル
ジルコニア
ジルザル
ジルドレ
ジレット
ジレンマ
ジロルド
ジン
ジンクス
ジンクスト
ジンクル
ジンジャ−
ジンスキ−
ジンダイコ
ジンデン
ジンライ
ス−
ス−ジ−
ス−ジ−ウォン
ス−ズ
ス−ズリブ
ス−パ−
ス−パ−スタ−
ス−ビック
ス−ピリア
ス−プ
ス−ペリア
ス−ル
ス−ン
スアシノ
スイ−ティ
スイ−ト
スイ−パ−
スイ−ブ
スイショ−
スイス
スイセイ
スイト
スイフト
スイン
スインギング
スイング
スウ−ニング
スウ−ネン
スウ−ン
スウ−ンズ
スウィ−ス
スウィ−ツ
スウィ−ティ
スウィ−ト
スウィ−トアンド
スウィ−トネス
スウィ−トブライア−
スウィ−トリ−ス
ウィ−トレディ
スウィ−プ
スウィスタ−
スウィフティ
スウィフト
スウィンギング
スウェイフ
スウェイン
スウェット
スウェプト
スウォ−ド
スウォ−ム
スオ−ル
スカ−ト
スカ−レット
スカイ
スカイスクレイパ−
スカウト
スカッシュ
スカッフ
スカレシア
スカロ
スガタ
スキ−
スキ−ナ
スキップ
スキマ−
スキャタリング
スキャッタ−
スキャン
スキン
スク−ナ−
スク−パ−
スク−ル
スクエア
スクォ−
スクラッチ
スクリ−マ−
スクリ−ン
スクワンダ−
スケ−タ−
スケ−タ−ズ
スケ−ト
スケ−プ
スケアスリ−
スコ−ト
スコ−ピオ
スコ−プ
スコ−ル
スコ−ルディング
スコ−ン
スコア
スコッチ
スコット
スコラッタ
スコン
スズ
スズカ
スズカケ
スズキ
スズタカ
スズダマシイ
スズノ
スズラン
スタ−
スタ−オブ
スタ−ク
スタ−シップ
スタ−ズ
スタ−ド
スタ−ナ
スタ−ナイト
スタ−べ−ス
スタ−ライト
スタ−リング
スタ−ル
スタイ
スタイミ−
スタイリッシュ
スタイル
スタイルアンド
スタウト
スタジオ
スタッフ
スタティスティック
スタテュ−ト
スタディ
スタファ
スタメサルト
スタン
スタンス
スタンダ−ド
スタンディング
スタンド
スタンフォ−ド
スタヴロ−ラ
スチュワ−デス
ステ−クス
ステ−ジ
ステ−ジズ
ステ−ジドア
ステ−ツ
ステ−ト
ステ−ブル
ステア
スティ−ル
スティ−ヴ
スティ−ヴンス
スティ
スティッキ−
スティック
スティックトゥ
スティッチ
スティッフ
スティミュラス
スティル
スティルツオン
スティルヴィ
スティング
スティングレ−
スティンティノ
ステイ
ステイアト
ステイト
ステッパ−
ステッピング
ステップ
ステディ
ステファニ−
ステファン
ステュ−ペンダンス
ステラ−
ステラ
ステラズ
スト−カ−
スト−ク
スト−ミ−
スト−ム
スト−ムアンド
スト−リ−
スト−リ−ズ
スト−ル
スト−ルン
スト−ン
スト−ンズ
スト−ンチ
ストア
ストップオン
ストップザ
ストップユア
ストモ−ル
ストラ
ストライキング
ストライク
ストライクア
ストライダ−
ストライプ
ストライプス
ストラダビン
ストラック
ストラテジック
ストラトマト
ストラング
ストリ−ク
ストリ−ツ
ストリ−ト
ストリ−ム
ストリクトリ−
ストリングス
ストル
ストレ−ト
ストレイト
ストレイド
ストレッチ
ストレングス
ストロ−
ストロ−ク
ストロ−クト
ストロ−ム
ストロべリ−
ストロング
ストロングホ−ル
スナ−
スナ−ジ
スナイパ−
スネップ
スノ−
スノ−マン
スノッブ
スパ−
スパ−ク
スパ−クオブ
スパ−コ
スパ−タン
スパ−ト
スパ
スパイ
スパイアリング
スパイシ−
スパイス
スパイトフル
スパニッシュ
スパニッツ
スパルタクス
スパルタン
スパロ−
スパン
スピ−キング
スピ−キングオブ
スピ−ク
スピ−チ
スピ−ド
スピ−ドウェル
スピア
スピカ
スピニング
スピノザ
スピリッツ
スピリット
スピン
スフアグナム
スフィ−ダ
スフィンクス
スフェア
スフレ
スプ−ン
スプラッシュオブ
スプラング
スプリ−
スプリ−ム
スプリナ
スプリンクラ−
スプリング
スプリングイズ
スプリングイン
スプリングズ
スプリンタ−
スプル−ス
スプレ−
スプレンダ−
スプレンダ−ド
スプレンディド
スペ−ス
スペア
スペイン
スペキュラム
スペクタキュラ−
スペシャリスト
スペシャリゼ−ション
スペシャル
スペス
スペック
スペル
スペンド
スペンドア
スポ−ツ
スポ−ト
スポッツ
スポッティド
スポット
スマ−テア
スマ−テン
スマ−ト
スマイリング
スマイル
スマイルズ
スマコバ
スマッシュ
スミス
スミタ
スミッテン
スミノ
スミレ
スム−ズ
スモ−キ−
スモ−ク
スモ−クオン
スモ−ル
スライ
スライトリ−
スラスト
スラバジャ
スラム
スランティド
スリ−
スリ−ク
スリ−ト
スリ−プ
スリッパ−
スリッパ−ズ
スリップ
スリプティック
スリリング
スリル
スル−
スル−オ
スル−ザ
スル−ピ−
スレイヴ
スレスホ−ルド
スレナン
スレマイフ
スロ−プ
スワック
スワップ
スワップス
スワニ−
スワプスコ
スワロ−
スワン
スワンズ
スワンソング
ズ−ル
ズイショウ
ズクロ
ズグ
ズタイム
ズフォリ−
ズライカ
ズラマ
ズルム
ズンタタ
セ−ヌ
セ−ハ
セ−ラ−ズ
セ−リング
セイ
セイウン
セイキ
セイコ−
セイコ
セイダイ
セイダム
セイバ−
セイフリ−
セイブ
セイモア
セイヤ−
セイラ−
セイラウェイ
セイラム
セイラン
セイリング
セイル
セイルオン
セイワット
セイント
セオ
セオニア
セカンド
セカンドザ
セガ
セキノ
セキュリタス
セキロ
セギュラ
セクサ
セクシ−
セクシエ−ム
セクスタリ−
セクト
セクメト
セクレタム
セクレタリ−
セクレタリアト
セクレティヴ
セクレト
セコイア
セサリ−
セシリア
セズユ−セ
セブ
セダン
セックス
セックストン
セッツ
セット
セティル
セドリック
セニョ−ル
セニョリ−タ
セネカ
セノ−ヌ
セビリア
セピア
セフト
セフトニヤ
セブン
セブンス
セプション
セプティエ−ム
セプティカル
セプテンバ−
セミラント
セメネコ
セモ−ル
セラ−
セラネス
セラフィカ
セリ−ズ
セリ−ヌ
セリ−ン
セリア
セリナ
セリフォス
セル
セルスティアル
セルティック
セルノ
セルビ−
セルフ
セルマ
セルヴィア
セレス
セレスティアル
セレスティン
セレスト
セレナ−デ
セレナズ
セレブリティ
セレブル
セレンゲティ
セロ−ナ
セン
センコ−
センコウ
センゴク
センサ−
センザン
センシティヴォ
センシビリティ
センジュウ
センス
センゾク
センタ−
センテイン
センテニアル
センテネリ−
センテンス
セント
セントアンド
セントオ−
セントスキ−
セントリ−
セントロ
センネン
センプロニア
センリョウ
セヴァ−ン
ゼア
ゼアバイ
ゼイラ−
ゼウス
ゼサ−ド
ゼダ−ン
ゼッタ
ゼット
ゼニス
ゼネリ−
ゼファ−
ゼファリン
ゼム
ゼルドナ−
ゼルマ
ゼロ
ゼロヨン
ゼンギ
ゼンシチ
ソ−
ソ−ギョウ
ソ−シャル
ソ−ス
ソ−ダ
ソ−チリ−
ソ−ディア
ソ−ト
ソ−ド
ソ−バス
ソ−ファイン
ソ−フリ−
ソ−ホ−
ソ−ホワッツ
ソ−マレス
ソ−ラ−
ソ−リング
ソ−ル
ソ−ルド
ソ−ン
ソウマ
ソウル
ソウルオブザ
ソガ
ソクホウ
ソサイエティ
ソシアル
ソディアム
ソデリニ
ソナチネ
ソニア
ソニオン
ソニック
ソニバイ
ソネット
ソファラ
ソフィ−
ソフィスティ
ソフィスト
ソフィストリ−
ソフォニスべ
ソフト
ソフトリ−
ソブリン
ソムファス
ソラ
ソラグナ
ソラゾ
ソラタンゼリン
ソリシタ−
ソリタリ−
ソリダリティ
ソリチュ−ド
ソリッド
ソリディティ
ソル
ソルシエ−ル
ソルティ
ソルト
ソルフェリノ
ソレイユ
ソレイル
ソレサ
ソレジナ
ソロ−
ソロ−ズビッド
ソロ
ソロナ
ソロナウェ−
ソロリ−
ソロン
ソング
ソングオブ
ソングズ
ソンザ
ソヴィエト
ソヴリン
ゾナ−
ゾネリ−
ゾラ
ゾリ
ゾンタ
タ−キ−
タ−キ
タ−キッシュ
タ−キン
タ−クス
タ−ゴワ
タ−ゴワイス
タ−ザン
タ−ジ
タ−タ
タ−タリナ
タ−トス
タ−ビニア
タ−ビュレントミス
タ−フ
タ−ブ−シュ
タ−ボ
タ−ムズ
タ−ン
タ−ントゥ
タ−ンバック
タイ
タイア
タイアフェア
タイガ−
タイガ
タイキ
タイク−ン
タイコ
タイシン
タイズ
タイタイ
タイテエム
タイト
タイトル
タイド
タイニ−
タイニャン
タイプ
タイム
タイムズ
タイムトゥ
タイムフォ−ア
タイムマシ−ン
タイムリ−
タイムレス
タイモア
タイヤ
タイヨウ
タイラ
タイランツ
タイラント
タイランド
タイリン
タイルズ
タイロン
タウィ−
タウン
タウンギャル
タカ
タカハタ
タカハロウ
タカバル
タカフジ
タカヨシ
タカラ
タクティクス
タグニキリ
タグボ−ト
タケ
タケシバオ−
タケノ
タシュ
タジ
タスキュラム
タスマ
タタラ−
タタン
タチバナ
タック
タックス
タックスペイヤ−ズ
タッグ
タッチ
タット
タッフィ−
タップ
タップオン
タツヒメ
タドウィン
タナタ
タナナリヴ
タナバタ
タニア
タニイチ
タニカゼ
タニノ
タネット
タネラ
タネルコ
タバコ
タバスコ
タヒチ
タヒリ
タビュレ−タ−
タピ−
タピオカ
タピキュリ−
タフィ−
タブ
タべレット
タボラ
タマ
タマナ−
タマノ
タマモ
タマレ−ン
タミ−
タミ−ズ
タミアナ
タム
タムキ−
タメレット
タメレラ
タラ
タラズ
タラタン
タラリア
タリム
タリヤ−トス
タリヤ
タルマエ
タレンティド
タレント
タロ−
タワ−
タン
タンガニ−カ
タンゴ
タンタ
タンティエ−ム
タンパ
タンブリン
タンブリング
タンブル
タンブレラ
タンホイザ
ダ−ク
ダ−チェ
ダ−ト
ダ−ナ
ダ−バ−
ダ−バン
ダ−バンヴィル
ダ−ビ−
ダ−リン
ダ−リング
ダ−レ−ン
ダ−レイ
ダ−ン
ダ−ンザット
ダイ
ダイアゴネ−ル
ダイアナ
ダイアモンズフォ−
ダイアモンド
ダイアン
ダイオ−
ダイク
ダイゴ
ダイザ
ダイタク
ダイナ
ダイナスティ
ダイナソア
ダイナマイト
ダイナメン
ダイナモ
ダイニ
ダイブ
ダイヤ
ダイヤモンド
ダイユウ
ダイワ
ダイン
ダイヴァ−
ダウ
ダウン
ダウンヒル
ダグズ
ダゴべルト
ダスキ−
ダスク
ダスゲニ−
ダスティ
ダスト
ダック
ダッシォ
ダッシュ
ダッシング
ダッチェス
ダッテル
ダッパ−
ダッフォディル
ダディ
ダニエル
ダニラ
ダネイ
ダハ−ル
ダフネ
ダブリ−
ダブリュ
ダブル
ダブルズ
ダボス
ダマ−ル
ダマ
ダマシ
ダマシイ
ダマスカス
ダマスク
ダマダト−ル
ダマナ
ダミ−
ダミアンズ
ダム−ル
ダム
ダムカ
ダライアス
ダラジナ
ダラタ
ダラノ−ア
ダリア
ダリカ
ダリグル
ダリル
ダル
ダルゴンヌ
ダルサ−ン
ダルシ−
ダルシニア
ダルシャ−ン
ダルジャン
ダルタニアン
ダルタワ
ダルネシア
ダン
ダンク
ダンサ−
ダンサ−ズ
ダンシンインザ
ダンシング
ダンジュ−
ダンス−ル
ダンス
ダンスインザ
ダンスオブ
ダンスダンス
ダンスバイ
ダンセル
ダンチヒ
ダンテ
ダンディ
ダンフィ
ダンフリ−ズ
ダンプティ
ダンモア
ダヴ
チ−ズ
チ−タ
チ−フ
チ−フズ
チ−フテン
チ−フネル
チ−ム
チアキ
チアフル
チアリ−
チェア−ズ
チェイサ−
チェイス
チェイスザ
チェイン
チェサヴェグリア
チェス
チェスタ−
チェスト
チェック
チェブ
チェリ−
チェリ
チェリオ
チェリッシュト
チェル
チェルシ−
チェルシアナ
チェロキ−
チェン
チェンジ
チェンジャ−
チエ
チカコ
チカラ
チキ−タ
チグサ
チケット
チダ
チック
チックリ−
チックリング
チップ
チップオ−
チトセ
チトセオ−
チハル
チム−ル
チャ−ジャ−
チャ−タ−
チャ−マ−
チャ−ミング
チャ−ム
チャ−ムア
チャ−リ−
チャイナ
チャイニ−ズ
チャイム
チャイムス
チャイムズ
チャイルド
チャッキ−
チャッタ−
チャッタ
チャペル
チャポ−サ
チャリタブル
チャリダス
チャルロ
チャレディ
チャレドン
チャレンジャ−
チャロン
チャンシ−
チャンス
チャンデリア
チャンドラ−
チャンネル
チャンプ
チュ−ザレ
チュ−リップ
チュ−ン
チュ−ンズ
チュウオ−
チュナ−
チョ−ズン
チョイス
チョウセイ
チョコレ−ト
チョップ
チョべリグ
チョンピオン
チヨ
チヨダ
チヨノ
チヨノオ−
チリ−
チリ
チル−
チルドレンズ
チロル
チンギス
ツ−
ツ−イ−スト
ツ−ビ−ト
ツア−
ツイスト
ツイッグ
ツイン
ツキ
ツキカワ
ツキノ
ツタシ
ツダ
ツナミ
ツバイ
ツバキ
ツリ−オブ
ツル
ツルカメ
ツルギノマイ
ツルナゴラ
ツルフジ
ツルマル
ツルミ
テ−シルダ
テ−スト
テ−ブル
テ−ブルオブ
テ−ル
ティ−
ティ−エム
ティ−シ−
ティ−ジング
ティ−ズ
ティ−タ
ティ−チャ−
ティ−チャ−ズ
ティ−ティ−
ティ−ティ
ティ−ピ−
ティ−フォ−
ティ−ン
ティ−ンズ
ティ−ヴィ−
ティア
ティアット
ティアラ
ティエポロ
ティエンロン
ティクス
ティグレッセ
ティシノ
ティス
ティズナ
ティズリ−
ティタ−ン
ティタニア
ティッカネン
ティック
ティックリ−
ティナ
ティナティナ
ティニタス
ティファ
ティファニ−
ティフラムズ
ティべット
ティマ−
ティミ−
ティムズ
ティムタム
ティラン
ティリ−
ティリ−ズ
ティリアス
ティル
ティルト
ティルド−ン
ティン
ティンバ−
テイエム
テイオ−
テイキット
テイク
テイクア
テイクレディ
テイスティド
テイタニア
テイト
テイブン
テイム
テイムズ
テイラ−ズ
テイル
テイルオブ
テイルズトゥ
テオテペック
テオドラ
テオペピ
テキサス
テキスト
テサリ−
テザ
テシオ
テスコ
テスタニ−
テゾロ
テッカ
テッサ
テッセン
テッソ
テッド
テツ
テツザン
テツトヨ
テツノ
テツハタ
テティス
テネドス
テネべル
テネラニ
テビエ
テヘラン
テモワニャ−ジュ
テュ−ズデイ
テュ−ダ−
テュ−ダ−ズ
テュ−ナ−
テュ−ペロ−
テュ−ル
テュデナム
テュナ
テュラ
テュラリア
テュルヤ−
テュレッグ
テュン
ティア
テラ−
テラ−ブリ−
テラ
テラオ
テラス
テリオス
テリブル
テリング
テル
テルギク
テルドフ−
テルノ
テルモピレ−
テルユ−
テルリンガ
テレイニアン
テレサ
テレタニア
テレフェリク
テレラン
テロップ
テン
テンコウリュウ
テンザン
テンション
テンジン
テンセンツァ
テンタム
テンダ−フット
テンドレス
テンネン
テンパ−
テンパランス
テンパレ−ト
テンビ−
テンプラ−
テンプル
テンポ
テンポラリ−
テンマ
テンリ
テンリュウ
デ−
デ−ジ−
デ−ト
デ−モンズ
デ−ルデ
デア
デアリング
ディ−
ディ−アンド
ディ−シ−
ディ−ス
ディ−ディ−
ディ−ド
ディ−プ
ディ−ル
ディ−ン
ディ−ンズ
ディ−ヴァ
ディ−ヴァズ
ディア−
ディア−ル
ディア
ディアギレフ
ディアス
ディアトゥ
ディアブロ
ディアマンテ
ディアレスト
ディエラ
ディカ−ド
ディカ−レム
ディガ−
ディクシ−
ディクシ−ランド
ディクス
ディクソン
ディクタ−
ディクタウェイ
ディクタス
ディクテイタ−
ディクテイツ
ディクテイト
ディクト
ディグニタス
ディグニダス
ディグレッション
ディケンズ
ディゲ−ジ
ディサイドリ−
ディサプリナ−
ディサプリン
ディシジョン
ディシデント
ディスカバリ−
ディスク
ディスクリ−ト
ディスグレイス
ディスコ
ディスタ
ディスタフ
ディスタント
ディスティニ−
ディスティンクティヴ
ディスティング
ディスパ−サル
ディスプレイ
ディセノ
ディタ−ミン
ディタ−ミンド
ディッシュ
ディナ−
ディナリ−ナ
ディナンド
ディニ
ディネロ
ディファレンス
ディフェレンテ
ディフェンシヴ
ディプレイク
ディプロイ
ディプロマシ−
ディプロマット
ディペンデンス
ディミヌ
ディライト
ディン
ディヴァイン
ディヴィアナ
デイ
デイズ
デイバイン
デイム
デイラミ
デイリ−
デイル
デイン
デインジャラス
デインヒル
デイヴィス
デウォン
デオドラン
デカスロン
デカダンス
デキシ−
デコレイティド
デザ−ト
デザイラブル
デザイン
デザフィア
ダデザルマ
ダデシジョン
デジャ
デス
デスカ
デスタ−ル
デスデメ−ル
デスパレ−ト
デスペラド
デソイヤ−
デッキ
デック
デッド
デッドオア
デディケ−ト
デトリア−ノ
デトロワ
デトワ−ル
デニ−ル
デニア
デニス
デニム
デビ−
デビュ−
デピュ−ト
デピュティ
デファイラ−
デブ
デプグリ−フ
デプス
デヘア
デボネア
デポジット
デミュア
デミング
デモリション
デュ−
デュ−ク
デュ−クズ
デュ−ティ
デュ−ル
デュ
デュエット
デュカイナ
デュガルズ
デュタン
デュニオン
デュネット
デュノ−ル
デュバリュ−
デュビアン
デュビキラ
デュプリシト
デュポン
デュモンド
デュライン
デュラサ−
デュラック
デュラハン
デュルゼッタ
デュレン
デュンギヴン
デラ−カ
デラ
デラクレ−ム
デリ−
デリ−デ
デリィ
デリオ
デリケ−ト
デリリサオ
デリング
デル
デルジ−
デルソ
デルタ−ル
デルタ
デルニエ
デレペント
デンタ
デンティフライス
デンテュリウス
デント
デヴィアス
デヴィッズ
デヴィネット
デヴィル
デヴィルズ
デヴェリュ−
デヴォ−ション
ト−ア
ト−エイ
ト−カ−
ト−キン
ト−ク
ト−クン
ト−クンオブ
ト−スト
ト−タ
ト−ダイ
ト−ト
ト−トスウィ−ト
ト−トレル
ト−ル
ト−ワ
ト−ン
トゥ−
トゥ−ス
トゥ−ソン
トゥ−トゥ
トゥ−マッチ
トゥ−ル−ス
トゥ−ロン
トゥ
トゥアメント
トゥインクル
トゥザ
トゥシティ−ズ
トゥモロ−
トゥリ−
トゥル−
トゥル−ス
トゥル−プ
トゥル−ラヴ
トゥル−リ−
トゥワ−ド
トゥワイス
トゥワイスザ
トウェンティ
トウカイ
トウキョウ
トウケイ
トウコウ
トウザイ
トウショウ
トウジン
トウスイ
トウセイ
トウタアイ
トウフク
トウホ−
トウランジュ
トウルネル
トウルビヨン
トカチ
トカレフ
トガトガ
トガワ
トキ
トキオ
トキノ
トキメキ
トキワ
トクマル
トサ
トサモア−
トサリナ
トシ
トシマ
トス
トッツィ−
トップ
トップオブザ
トップガン
トップレディ
トップロ−ド
トニ−
トニ−ビン
トニック
トパ−ズ
トビ
トビラ
トビン
トピオ
トファネラ
トマト
トマホ−ク
トミ−
トミ−ン
トミ
トミセン
トミマル
トム
トムボ−イ
トモエ
トモカゼ
トモコ
トヤマ
トライアル
トライアングル
トライアンフ
トライアンファント
トライド
トライバル
トライマイ
トライング
トライングフォ−
トラスト
トラック
トラップ
トラファルガ
トラフィック
トラブル
トラべル
トラロス
トラン
トランス
トランプ
トリ−
トリ−ズン
トリ−ティ
トリ−ト
トリアラ−ク
トリシア
トリシン
トリジェット
トリステトリス
トラム
トリック
トリップ
トリニダ−ト
トリニティ
トリビュ−ト
トリプティク
トリプティック
トリプリケ−ト
トリプル
トリムザ
トリリオン
トル−エン
トル−パ−
トルナ−ド
トルナド−ル
トルネ−ド
トルべラ
トレ−ド
トレ−プ
トレ
トレイサ−
トレイシ−
トレイル
トレイルズ
トレイン
トレサ
トレジャ−
トレダム
トレッカ
トレパド−ラ
トレフィント
レヴィエ−ル
トレヴィサ
トレヴィザナ
トレヴィラ
トロア
トロイ
トロイア
トロサナ
トロット
トロピカル
トロピク−ル
トロピク
トロピック
トロピュラ−
トロリ−
トロン
トワ−ラ−
トワ−ル
トワイニング
トワイライト
トワジン
トンガ
トンピオン
ド−ジマ
ド−ゼット
ド−タ−
ド−タ
ド−ツ
ド−ム
ド−ル
ド−ン
ド−ンオブザ
ド−ンザ
ド−ンズ
ド−ンツ
ド−ント
ド−ヴァ−ズ
ド
ドア
ドイリ−
ドゥ−ス
ドゥ−ドゥル
ドゥ−
ドゥ−ン
ドゥ
ドゥイットウィズ
ドゥイリ−
ドゥナット
ドゥユ−ン
ドゥラニ
ドゥルガ
ドゥルシラ
ドウカン
ドウタ−
ドク−ル
ドクタ−
ドクタ−ズ
ドクナン
ドグ
ドコケ−ン
ドッグ
ドッジ
ドット
ドッフ
ドナ
ドナテロ
ドニアゼ−ド
ドファ−ジ
ドフザ
ドブリク
ドミ−
ドミエ−ル
ドミニオン
ドミノ−
ドミノ
ドミングエラ
ドム
ドライ
ドライバ−
ドライブ
ドライン
ドライヴ
ドラグ−ン
ドラグナ−ル
ドラコ−ン
ドラゴネス
ドラゴンドラッグ
ドラマ
ドラム
ドラムス
ドラムモンド
ドランゴ
ドリ−
ドリ−マ−
ドリ−ミ−
ドリ−ミング
ドリ−ム
ドリ−ムアンド
ドリ−ムズ
ドリ−ン
ドリア
ドリック
ドリット
ドリマ−
ドリャド
ドリル
ドリレオ
ドルガ
ドルス
ドルフィン
ドルフィンズ
ドレイク
ドレス
ドレスデン
ドレズデンドル
ドレッサ−
ドレッシング
ドレット
ドロ−バイ
ドロ−ン
ドロ
ドロシ−
ドロップ
ドロニク
ドワ−ル
ドン
ドントフォゲット
ドンナ
ナ−ス
ナ−スリ−
ナイアガラ
ナイアド
ナイオビ
ナイ
ナイス
ナイツ
ナイト
ナイトアンド
ナイトリ−
ナイナ−
ナイル
ナイン
ナウ
ナカセン
ナカノ
ナカミ
ナカヤマ
ナガイカ
ナガサキ
ナガレボシ
ナゲット
ナシオ
ナシプ−ル
ナシャマ−
ナシュア
ナシュワン
ナショナル
ナジアド
ナス
ナスクラ
ナスティアンド
ナスノ
ナスラ
ナスラム
ナスリ−ン
ナスル−ラ
ナスル
ナスルエル
ナズワ
ナタ−シャ
ナタシュカ
ナタリ−
ナタルマ
ナチュラリズム
ナチュラル
ナッショリ−ナ
ナッシング
ナッシングス
ナッシングライク
ナッツ
ナット
ナツコ
ナツメグ
ナディア
ナデシコ
ナト−
ナトリウス
ナドナ
ナクサ
ナナハン
ナナヨ−
ナナヴァティ
ナネット
ナポリ
ナマハゲ
ナマラ
ナムラ
ナラシノ
ナリ−
ナリタ
ナリディア
ナルガ
ナルビ−
ナレ−
ナレ−ズ
ナレ−タ−
ナレ−ト
ナワラ
ナンカイ
ナンカロウ
ナンシ−
ナンシ−ズ
ナンジェラ
ナンズ
ナンタ
ナンタラ−
ナンティシャス
ナンディ
ナンバ−
ナンバ−ド
ナンバ−ワン
ナンバイチバン
ナンポウ
ナヴァホ
ナヴァル
ナヴァロン
ナヴィラ
ナヴォノド
ナヴサップ
ニ−
ニ−ス
ニ−ト
ニ−ドル
ニ−ドルズ
ニ−ナ
ニ−ヴァス
ニア−
ニア−クティック
ニアミ−ナウ
ニアリス
ニアル−ラ
ニイアンド
ニクサ−
ニグロ
ニコリナ
ニコル
ニコルス
ニコロ
ニサ
ニシ
ニシオ
ニシキ
ニシキノ
ニシノ
ニシャプ−ル
ニジノ
ニジャナ
ニジンスキ−
ニスカンプ
ニセイ
ニゾン
ニチドウ
ニッキ−
ニックル
ニッコ−
ニッショウ
ニットウ
ニップ
ニッポ−
ニトロ
ニニスオ
ニフティ
ニフティアンド
ニフティニ−ス
ニホン
ニホンピロ
ニャンガル
ニュ−
ニュ−ジオン
ニュ−ス
ニュ−スタ−
ニュクレア
ニレ−ヌ
ニレ
ニンバス
ニンフ
ニンフト
ニンブル
ヌ−ク
ヌ−サイド
ヌ−ラ
ヌ−ラニ
ヌア−
ヌア−ズ
ヌエボ
ヌソル
ヌリエット
ヌリャ−ナ
ヌレイエフ
ヌワド
ネ−ゼ
ネ−ハイ
ネ−ム
ネアル−ラ
ネアル
ネアルコ
ネアン
ネイチャ−
ネイティヴ
ネイティヴォ
ネイビ−
ネイル
ネイヴィ
ネオ
ネオクラシ−
ネオン
ネギン
ネクスト
ネグロ
ネサ−
ネザ−トン
ネザ
ネシア
ネシアン
ネス
ネッカ−
ネック
ネックレス
ネット
ネバ−
ネビキロ
ネフュ−
ネプテュ−ヌス
ネプテュ−ン
ネメシス
ネラ
ネリ−
ネリア−ド
ネル
ネルズ
ネルソン
ネロリ
ネロンガ
ネヴァ−
ネヴァ−ア
ネヴァ−ソ−
ネヴァ−ネヴァ−
ネヴィエスタ
ノ−
ノ−ウェア
ノ−ク
ノ−サ−ド
ノ−ザリ−
ノ−ザン
ノ−ション
ノ−ションズ
ノ−ス
ノ−スウッド
ノ−スオブ
ノ−ズ
ノ−セ−ル
ノ−ティカル
ノ−ト
ノ−トレス
ノ−ノ−
ノ−パス
ノ−ビス
ノ−フォ−ク
ノ−ブル
ノ−ブルアンド
ノ−ブレス
ノ−べル
ノ−べンバ−
ノ−ホ−ム
ノ−ホ−ムス
ノ−マン
ノ−ミア
ノアモント
ノイチ
ノイド
ノウン
ノエシス
ノエル
ノスタルジア
ノスタルヒアス
ノストラ
ノック
ノックス
ノット
ノットリング
ノティス
ノト
ノノアルコ
ノビリティ
ノボリ
ノボリジロ
ノボル
ノミ−
ノラ
ノラリ−ン
ノリ−ンズ
ノリス
ノリッジ
ノルディスト
ノルド
ノルマニア
ノルミア
ノワ−ル
ノンストップ
ノヴァ
ノヴィシェ−ト
ハ−
ハ−ウェル
ハ−ゲン
ハ−ツ
ハ−ティド
ハ−ディ
ハ−デン
ハ−ト
ハ−トオブ
ハ−トフル
ハ−ド
ハ−バ−
ハ−ビ−
ハ−フ
ハ−フア
ハ−ブ
ハ−ブス
ハ−マン
ハ−ミット
ハ−モニ−
ハ−レ−
ハ−レム
ハ−ン
ハ−ヴェスト
ハイ
ハイウェイ
ハイエスト
ハイジ
ハイセイコ−
ハイツ
ハイディング
ハイトオブ
ハイトランド
ハイド
ハイドラ
ハイドロ
ハイナ
ハイネス
ハイパ−
ハイパティア
ハイビスカス
ハイブ
ハイペリオン
ハイペリカム
ハイム
ハイユウ
ハイランド
ハイリ−パ−
ハウ
ハウス
ハウズ
ハウヤ
ハウンド
ハガノ
ハギ
ハギノ
ハクウン
ハクスイ
ハクバ
ハクリョウ
ハグリ−
ハゴロモ
ハザマ
ハシ
ハシコ
ハシノ
ハスキ−
ハスパ−
ハズア
ハズブロ−クン
ハタ
ハタカゼ
ハタス
ハタノ
ハタブ
ハチェット
ハッシュ
ハッシュビ−
ハッスル
ハッタ−ズ
ハット
ハットゥ−フ
ハッピ−
ハッピ−ゴ−
ハツユキ
ハトンズ
ハド
ハドトゥ
ハナ
ハナコ
ハナノ
ハナミザケ
ハニ−
ハニ−ズ
ハニ−ム−ン
ハニイ
ハニウェイ
ハバット
ハビタット
ハビッティ−
ハビット
ハビトニ−
ハピネス
ハマ
ハマイサミ
ハマナ
ハマナス
ハマノ
ハミング
ハム
ハヤ
ハヤシ
ハヤタケ
ハヤテ
ハヤテエ−ス
ハヤト
ハヤノボリ
ハヤヒデ
ハヤヒメ
ハヤブサ
ハラエヤ−
ハラハル
ハラン
ハリ−
ハリアット
ハリマ
ハル
ハルカゼ
ハルコ
ハルダ−
ハロ−
ハロウェ−
ハワイ
ハワイアン
ハンガヴァ−
ハンザ
ハンズ
ハンセル
ハンタ−
ハンティング
ハント
ハンド
ハンバン
ハンブル
ハンプティ
バ−
バ−カ−
バ−カ−ヴィル
バ−ガ−
バ−キング
バ−ク
バ−クレ−
バ−シッド
バ−ジ
バ−ジニア
バ−ジャ
バ−ジョン
バ−ス
バ−スデ−
バ−スト
バ−ズ
バ−チ
バ−ツ
バ−ディ
バ−ト
バ−ド
バ−ナ−
バ−ニ−
バ−バ−
バ−バラ
バ−バリ−
バ−バリアン
バ−ビ−
バ−ビゾン
バ−ブス
バ−ブズ
バ−べ
バ−べキュ−
バ−べル
バ−ボン
バ−ミア
バ−ム
バ−ムズ
バ−ラディエ
バ−リ−
バ−リン
バ−ル
バ−レイン
バ−ロ−
バ−ン
バ−ンズ
バ−ント
バイ
バイアモン
バイアリ−
バイオロジ−
バイザ
バイシュ
バイタリティ
バイタル
バイチョウ
バイト
バイナリ−
バイヤ−
バイユ−
バイラック
バウア−
バウチャ−
バウワ−
バウンティ
バウンティアス
バウンディング
バウンド
バギ−
バクシンオ−
バグ
バグダッド
バグラチオン
バケ−ション
バザ−ド
バス
バスク
バスケット
バスコ
バスタ−
バスティア
バスティノ
バスティラ
バステッド
バタ−
バタ−フライ
バタグリア
バタフライ
バタリアン
バッカナム
バッカル−
バッキング
バック
バックス
バックズ
バッグ
バッグオブ
バッシャ−
バッシュ
バッシュフル
バッジオブ
バッテン
バットコストリ−
バッド
バッファロ−
バッファント
バッフド
バッフルド
バティカ
バテュア
バトニエ−ル
バトラ−
バトル
バトン
バドミントン
バニ−
バニッシュ
バネット
バハミアン
ババ
ババル−
ババロア
バビ−
バビロン
バブ−
バブ−ガム
バブス
バブリング
バブル
バブルガム
バブルズ
バプティスタ
バミアレス
バミエ−ル
バメシアン
バヤコア
バラ−ジュ
バラ−ド
バラ−ドオブ
バラ
バライエティ
バラカラ
バラク−ガ
バラク−ナ
バラクラヴァ
バラコイス
バラック
バラディエ
バラワキ
バランス
バリ−
バリオガン
バリシア
バリスティック
バリスランド
バリダ−
バリダネル
バリダレス
バリナッシュ
バリヌルタ
バリモア
バリモス
バル
バルオン
バルコニ−
バルサミク
バルチック
バルトニ
バルナハ
バルハラ
バルボア
バルボネラ
バルボラ
バレ−
バレ−ズ
バレシン
バレスコ
バレッサ
バレット
バレリ−ナ
バレンシア
バロサント
バロネス
バロノ−ヴァ
バン
バンカ
バンキット
バンク
バンクオブ
バンクシャス
バンクリン
バングルド
バンケット
バンザイ
バンシ−
バンシュ−
バンタ
バンダリラ
バンティア
バンティズ
バンデロ−ル
バンド
バンドル
バンドルズ
バンナ−
バンナ
バンバ−
バンバレラ
バンビ−
バンファイア
バンブ−
バンブトン
バンべリ
バンボ−ラ
パ−
パ−キング
パ−ク
パ−シア
パ−シカ
パ−シモニ−
パ−シャミン
パ−シャン
パ−シヴ
パ−ス−ツ
パ−ス−ツオブ
パ−スエ−シヴ
パ−ソナブル
パ−ソナリティ
パ−ソナル
パ−ソロン
パ−ダオ
パ−ダリス
パ−ダル
パ−チ
パ−チェス
パ−ティ
パ−ティズ
パ−ティング
パ−ト
パ−トナ−
パ−トリック
パ−ドン
パ−フェクション
パ−フェクタ
パ−フェクト
パ−プル
パ−マ−
パ−ム
パ−メリア
パ−ラ−
パ−ラ
パ−ラメント
パ−リ−
パ−ル
パ−ロ
パ−ロミア
パ−ヴァ−ス
パイ
パイキング
パイソン
パイト
パイナップル
パイプ
パイプス
パイレ−ツ
パイロット
パイン
パウズ
パウダ−
パウト
パオラ
パガサイ
パガン
パク−ン
パグナシティ
パゴパゴ
パサ−
パサドブル
パサライト
パサライン
パシフィカス
パシフィック
パシフリン
パシャ
パシュミナ
パショナリア
パショネス
パジェントリ−
パス
パスザ
パステル
パスト
パストレ−ル
パズル
パセアラケス
パタ−
パタ−ン
パタゴニア
パッカ−
パック
パッサ−
パッショナリア
パッシング
パッチ
パッチャ−
パッツ
パッディド
パット
パッド
パツィ−ズ
パテリン
パテントリ−
パデ−シャ
パディ−
パディ
パディズ
パト−パト
パトス
パトラクシェ
パトリア
パトリシア
パトリシアズ
パトリス
パドス−ル
パドノム
パドルズ
パナ
パニッシュ
パネトナ
パノラマ
パヒュ−ム
パピ−
パピラ
パフィ
パフォ−マ−
パフォ−マンス
パフオブ
パプ−ズ
パメラ
パラ
パラス
パラセイル
パラセル
パラゾ
パラダイス
パラディシア
パラボ−ラ
パラミナ
パラモア
パラリヴァ
パラヴェラ
パリ
パリシアン
パリス
パル
パルオン
パルサ−
パルサカ
パルシ−
パルスタ−
パルテノ
パルナシャン
パルフェ
パルマル
パレ−ディング
パレ−ド
パレオ
パレス
パレスタイン
パレスティニアン
パロクサイド
パロサント
パロット
パワ−
パワ−リング
パワフル
パン
パンガニ
パンク
パンクチラス
パンサ−
パンジ−
パンジ
パンジェ
パンタッフル
パンタロン
パンチ
パンチョ
パンテ−ラ
パンテオン
パントル
パンドラ
パンパ−ド
パンパ
パンパス
パンフリュ−
パンプオン
パンプロナ
パヴェラ
パヴォニア
ヒ−ス
ヒア
ヒエラルキ−
ヒカリ
ヒカル
ヒガシ
ヒガタ
ヒサエ
ヒザ−ルック
ヒシ
ヒショウ
ヒスイ
ヒステリア
ヒストリ−
ヒズ
ヒゼン
ヒダ
ヒダカ
ヒッコ
ヒッタ−
ヒッティング
ヒット
ヒデ
ヒデノ
ヒドゥン
ヒドン
ヒナギク
ヒノクニ
ヒバナ
ヒバリ
ヒマラヤ
ヒミコ
ヒムロ
ヒメ
ヒヤク
ヒュ−
ヒュ−ネライ
ヒュ−マ
ヒュ−ラ
ヒュ−ル
ヒュ−ルパス
ヒュドラ
ヒュネア
ヒラリ−
ヒラリアス
ヒラルダ
ヒリュウ
ヒル
ヒルガオ
ヒルズ
ヒルズオブ
ヒルダ
ヒルデン
ヒル
ビリ−
ヒロ
ヒロイン
ヒロスエ
ヒンタ−
ヒンド
ヒンドゥ−
ヒンドスタン
ビ−
ビ−ア
ビ−アンド
ビ−イング
ビ−グッド
ビ−ジュ
ビ−ズ
ビ−ズシスタ−
ビ−ダ
ビ−チ
ビ−ト
ビ−ド
ビ−ナス
ビ−ナリ−
ビ−バップ
ビ−ビ−
ビ−ビ−ビ−
ビ−マイ
ビ−ミス
ビ−ム
ビ−モル
ビ−ンズ
ビ−ヴァ−
ビアンカ
ビイジョン
ビウェアオブザ
ビオ
ビオス
ビオべル
ビオランテ
ビオロント
ビカムザ
ビカラ
ビガン
ビキニ
ビギン
ビクトリ−
ビクトリア
ビクトリス
ビゴ−ン
ビサイズ
ビシャモン
ビショップ
ビジネス
ビジュ−ダンド
ビジョン
ビスケ−
ビスマルク
ビゼ−
ビゼン
ビタ−ン
ビダ−
ビダ−ズ
ビック
ビッグ
ビット
ビットリオ
ビッド
ビナスカ
ビニイ
ビバ−チェ
ビバ−ル
ビバ
ビバリ−ヒルズ
ビバレジナビ
ビッド
ビビマ−
ビファドルド
ビブリス
ビヘイヴィング
ビべ
ビホッパ−
ビボップ
ビミュ−ズ
ビム
ビムレッチ
ビムレット
ビュ−
ビュ−チ−
ビュ−ティ
ビュ−ティフル
ビュ−ナノッテ
ビュ−パ−
ビュ−パ−ズ
ビュイソン
ビュウチ−
ビュミプトラ
ビュリ−
ビヨンド
ビラ
ビリ−
ビリ−ヴ
ビリック
ビル
ビルアンド
ビルジット
ビルム
ビロンギング
ビロングトゥ
ビワ
ビンゴ
ビンテ−ジ
ピ−キ−
ピ−ク
ピ−クスアンド
ピ−ケ−
ピ−シズオブ
ピ−ス
ピ−スイン
ピ−スオブ
ピ−スフル
ピ−ズガ−ル
ピ−タ−
ピ−タ−オン
ピ−タ−ズ
ピ−チ
ピ−ト
ピ−トスキ
ピ−ピ−
ピ−ル
ピ−ロ
ピア
ピアサ−
ピアス
ピアット
ピアノ
ピエ−ル
ピクチャ−
ピクトリアル
ピクニック
ピサロ
ピザ
ピシオ
ピジェット
ピジョン
ピストレ
ピタ−
ピッカリリ
ピック
ピックオン
ピックル
ピッコロ
ピッツ
ピット
ピディ
ピナ
ピニ−
ピネット
ピュ−ディカル
ピュ−リタ
ピュ−リタニカル
ピュア
ピュロ−
ピラ−ヤ
ピルエット
ピルグリム
ピルグリムズ
ピルサド
ピレット
ピロ−グ
ピン
ピンキ−
ピンク
ピンダレラ
ピンナップ
フ−ズトゥ
フ−セン
フ−デアズ
フ−ド
フ−プラ
フ−ラ
フ−リ−
フ−リッシュ
フ−ル
フ−ルズ
フ−ルミ−
ファ−
ファ−アウト
ファ−イ−スト
ファ−ガ−
ファ−ガ−ズ
ファ−ザ−
ファ−ザ−ズ
ファ−スト
ファ−ズ
ファ−ド
ファ−ビュラ
ファ−マ
ファ−マメント
ファ−ム
ファ−リ−
ファ−リング
ファ−ル
ファ−ルド
ファ−レン
ファ−ロス
ファ
ファイア
ファイタ−
ファイタ
ファイティング
ファイト
ファイトオブザ
ファイナリ−
ファイナル
ファイナンス
ファイブ
ファイル
ファイン
ファインダ−
ファインド
ファイヴ
ファエトン
ファエンツァ
ファクツ
ファクト
ファクリ−
ファシネ−ション
ファシネイタ−
ファシル
ファジ−
ファスト
ファチュエイション
ファッシネ−ション
ファッシネイティング
ファッショラ
ファッション
ファット
ファティマ
ファディシ−
ファドルド
ファナティコ
ファニングザ
ファバ−
ファバ−ジ
ファビュラス
ファビュリシマ
ファビュル−
ファビラス
ファピアノ
ファフネル
ファミリ−
ファム−ル
ファム
ファラ−
ファラ−ラ
ファラ
ファラウェイ
ファラオズ
ファラズ
ファラフェル
ファラモンド
ファランドル
ファリス
ファリヴァ
ファルコン
ファルセット
ファレサ
ファロ−
ファロン
ファン
ファンキ−
ファング
ファンシ−
ファンシフリ−
ファンシフル
ファンシミン
ファンタジ−
ファンタジック
ファンタン
ファンダンゴ
ファンテスカ
ファンデ−ション
ファントム
ファントムオブ
ファンドリ
ファンフル
ファンブル
ファンリゴ
フィ−
フィ−チャ−
フィ−ナ−
フィ−ニクス
フィ−ネ
フィ−バ−
フィ−フィ−
フィ−モス
フィ−ユ
フィ−リング
フィ−ルザ
フィ−ルズ
フィ−ルディ
フィ−ルド
フィ−ヴァ−
フィア−
フィアリ−
フィエスタ
フィキリト
フィギュア
フィクティシャス
フィゴネロ
フィジ−
フィジ
フィジェット
フィズ
フィダルゴ
フィッシュ
フィッティド
フィット
フィットトゥ
フィットネス
フィディオン
フィディラ
フィトナ−
フィトル
フィドリング
フィドル
フィニッシュ
フィネ−ル
フィネガン
フィネザ
フィネス
フィネストラ
フィラ
フィラデル
フィアフィリ
フィリア
フィリップオブ
フィリュ−ス
フィル
フィルギア
フィルド
フィルモン
フィレ−
フィレット
フィレラ
フィンガ−
フィント
フィンランディア
フウシュン
フウジン
フェ−ト
フェ−トニア
フェ−ブル
フェ−ム
フェア−
フェア−ズ
フェア
フェアウェイ
フェアオブザ
フェアトゥ
フェアリ−
フェイシズ
フェイシット
フェイス
フェイスザ
フェイスト
フェイスフル
フェイズ
フェイディング
フェイバ−
フェイバリット
フェイブル
フェイマス
フェイム
フェイラ
フェイント
フェイヴァ−
フェイヴァリット
フェイヴァント
フェオラ
フェザ−
フェザ−ズ
フェザント
フェックス
フェテュ−サ
フェニックス
フェラ
フェリア
フェリオ−ル
フェリドマ
フェルディナンド
フェロ−
フェン
フェンス
フォ−
フォ−エヴァ−
フォ−ザ
フォ−シア
フォ−シイ
フォ−ス
フォ−チュン
フォ−チュンオブ
フォ−ティ
フォ−ト
フォ−トレス
フォ−ド
フォ−フラッシャ−
フォ−ブス
フォ−マ
フォ−ミダブル
フォ−ミュレ−ト
フォ−モア
フォ−リン
フォ−ル
フォ−ルズ
フォ−ルド
フォ−ワ−ド
フォ−ン
フォア−
フォギ−
フォゲッタブル
フォザリンゲイ
フォジ−
フォックス
フォッグ
フォティテン
フォト
フォトン
フォニック
フォプリング
フォモサ
フォリ−
フォリ−ズ
フォリア
フォルカ−
フォルテ
フォルティノ
フォルテッシモ
フォルトレス
フォルム
フォルリ
フォレスト
フォレット
フォロ−
フォロ−イング
フォワ−ド
フォン
フォンタナ
フォンテ−ヌ
フク
フクキタル
フクコ−
フサイチ
フジ
フジコウ
フジタカ
フジノ
フジノタカ
フジノヤマ
フジヤマ
フゼッタ
フヂ
フック
フッサ−ル
フット
フットプリンツ
フッド
フッフ−ル
フトウ
フブキ
フミノ
フュ−ムド
フュ−ユド
フュ−レル
フラ−
フラ−ティング
フラ−ト
フライ
フライト
フライネラ
フライバイ
フライヤ−
フライング
フラウ
フラガナン
フラグ
フラグポ−ル
フラグメント
フラグランス
フラジェッタ
フラッグ
フラッグズ
フラッシ−
フラッシュ
フラッシュオブ
フラッシング
フラッタ−
フラッタリ−
フラッテリ−
フラット
フラットフリ−ト
フラッド
フラマ
フラミンゴ
フラム
フラメンコ
フラワ−
フラワ−ズ
フラワリング
フランオン
フランクリ−
フランシ−ズ
フランシス
フランシスカ
フランシタ
フランス
フランソワ−ズ
フランダ−ス
フランダ−ズ
フランチェスカ
フリ−
フリ−オン
フリ−ジング
フリ−ス
フリ−ズザ
フリ−ダム
フリ−ティング
フリ−ト
フリ−トゥ
フリ−ド
フリ−フォ−
フリア
フリスキ−
フリソデ
フリッカ−
フリック
フリッタ−
フリッチ−
フリット
フリッパ−ズ
フリッパンシ−
フリップ
フリップズ
フリル
フリング
フリングス
フリンサム
フル−ツ
フル−ト
フル
フルオ−
フルマ−
フレ−ク
フレ−ミング
フレ−ム
フレ−ムオブ
フレ−ルドゥ
フレ
フレア−ス
フレア
フレアリング
フレイア
フレイズ
フレスネス
フレックストン
フレッシュ
フレッシュアズ
フレンズ
フレンチ
フレンディ
フレンド
フレンドリ−
フロ−
フロ−ト
フロ−ド
フロ−ラ
フロ−ラル
フロ−リック
フロ−リン
フロ−ル
フロ−レスリ−
フロ−レンス
フロ−ント
フロ
フロア
フロス
フロスティ
フロスティザ
フロッシ−
フロラドラ
フロリダ
フロリバンダ
フロロ−
フロンタル
フロンティア
フロンティン
フロント
フロントニアン
ブ−ケ
ブ−ジ−
ブ−ス
ブ−タイ
ブ−ダ
ブ−ト
ブ−トレス
ブ−ミ−ズガ−ル
ブ−ル
ブ−ン
ブイッキ−
ブイラべイッセ
ブサンダ
ブゼン
ブゼンノ
ブック
ブックオブ
ブッシェルン
ブッフラ−
ブラ−
ブラ
ブライア−
ブライア−ティック
ブライアン
ブライアント
ブライキレット
ブライダル
ブライティ
ブライト
ブライトン
ブライド
ブライドル
ブラインド
ブラウロット
ブラウン
ブラウンメイド
ブラスト
ブラック
ブラックアイド
ブラッサム
ブラッシュ
ブラッシング
ブラット
ブラッド
ブラッフィング
ブラフ
ブラボ−
ブラン
ブランキ
ブランケット
ブランシェ
ブランシモン
ブランシュ
ブラント−ム
ブランド
ブランドオブ
ブランドン
ブラヴォ−
ブリ−ジ−
ブリ−ズ
ブリ−チ
ブリ−ニ
ブリ−フ
ブリアランス
ブリエスタ
ブリキ
ブリガディア
ブリガディエ
ブリケット
ブリザ−ド
ブリジット
ブリスデメ−ル
ブリタニア
ブリック
ブリッジ
ブリット
ブリティ
ブリティッシュ
ブリム
ブリュッセル
ブリュニア
ブリリアン
ブリリアント
ブリリアントリ−
ブリンカ−
ブリンガ−
ブリンキング
ブリンク
ブリング
ブリングトゥ
ブル−
ブル−アイド
ブル−アズア
ブル−ジ−ン
ブル−ジェイ
ブル−ス
ブル−ズ
ブル−ド
ブル−バ−ド
ブル−べル
ブル−ミング
ブル−ム
ブル−ムスティック
ブル−ル−
ブル
ブルガリア
ブルック
ブルテッサ
ブルトン
ブルブラッド
ブルボン
ブルマ
ブルヤ−
ブレ−ジング
ブレ−ズン
ブレ−ド
ブレ−ドオブ
ブレ−ブ
ブレ−ヴ
ブレ−ヴォ
ブレ−ヴラ
ブレイク
ブレイクニ−
ブレイスナ
ブレイズ
ブレイズン
ブレイド−ル
ブレイブ
ブレイ
ブリ−
ブレイン
ブレイヴニュ−
ブレシャ
ブレス
ブレスト
ブレスド
ブレスレット
ブレソモ−ン
ブレックファスト
ブレッシング
ブレッド
ブレトン
ブレニム
ブレハット
ブレヤ−ニ
ブレンド
ブレヴェスト
ブロ−
ブロ−ク
ブロ−クン
ブロ−ド
ブロ−ドウェ−
ブロウハハ
ブロケ−ド
ブロケイド
ブロス
ブロック
ブロッコ
ブロッサム
ブロメリア
ブロンコ
ブロンズ
ブロンド
ブロンドインナプ−ル
プッシ−
プッシュ
プティット
プディング
プラ−ザ
プラ−ス
プライス
プライスレス
プライズ
プライド
プライマリ−
プライマリン
プライム
プライムタイム
プライヴェ−ト
プラウ
プラウド
プラクティカント
プラクティス
プラクト
プラグド
プラザ
プラス
プラタ
プラチナ
プラチナム
プラッキ−
プラッシ−
プラッタ−
プラットル
プラティナム
プラナ−
プラネタリア
プラネット
プラネットイド
プラム
プラモデル
プラン
プランク
プランタン
プラント
プリ−ズ
プリアモス
プリオロ
プリシピテ−ション
プリシプティック
プリズム
プリセリオ
プリック
プリックス
プリティ−
プリティ
プリテンス
プリテンダ−
プリディ
プリマ
プリマドンナ
プリミエ−ル
プリムロ−ズ
プリメイト
プリメラ
プリメロ
プリモ
プリモディ−ネ
プリモネッタ
プリンシピア
プリンス
プリンスオブ
プリンスリ−
プリンセス
プリンセスオブ
プリンティング
プル−
プル−デント
プル−フ
プル−ヴ
プル−ヴィアル
プルラリズム
プレ−セス
プレ−ト
プレ−ン
プレイ
プレイガ−ル
プレイス
プレイスド
プレイフォ−
プレイボ−イ
プレイヤ−
プレザント
プレシデント
プレシャス
プレシュ−ズ
プレジャ−
プレジャ−ズ
プレス
プレセリキ
プレゼント
プレティ
プレテエ
プレディタ
プレミアム
プレミエ−ル
プレモニション
プレリ−
プレリュ−ド
プレンシア
プレンティオブ
プロ−デスト
プロ
プログレス
プロス
プロスコナ
プロストロス
プロスペクタ−
プロスペクタ−ズ
プロスペクト
プロスペリナ
プロソディ−
プロダナ
プロテクタ−
プロディ−ス
プロディジャス
プロデュ−サ−
プロトン
プロパ−
プロフィ−ル
プロフィット
プロフェシ−
プロブレム
プロペン
プロミシング
プロミス
プロミスト
プロミナ−
プロモ−ション
プロロ−グ
プロング
プロンティシマ
プロント
プロヴィデンス
ヘ−ゼル
ヘア
ヘアレス
ヘイ
ヘイアン
ヘイグッド
ヘイザン
ヘイスティ
ヘイズ
ヘイディ
ヘイリアラ
ヘイル
ヘイルザ
ヘイルトゥ
ヘイロー
ヘイロ−ズ
ヘクタ−
ヘクト
ヘザ−
ヘッド
ヘブン
ヘラ
ヘラト
ヘリオ
ヘリオス
ヘリオポリス
ヘリテ−ジ
ヘリヴェティエ
ヘル
ヘルプフル
ヘルメス
ヘレニズム
ヘレニック
ヘレン
ヘロン
ヘン
ヘンプ
ヘンペン
ヘンペンズ
ヘンリ−
ヘンリ−ザ
ヘヴンリ−
べ−シズ
べ−ジ
べ−ジュ
べ−ダ−
べ−リング
べ−ル
べア−テ
べア−ル
べアハ−ト
べアラ−
べアリ−
べイ
べイクト
べイグリ−
べイシン
べイツ
べイビ−
べイブ
べイルアウト
べイルオブ
べエンチャ
べガ
べゴニア
べゴニヤ
べジタブル
べス
べスズ
べスティ
べスト
べストイン
べゾラ
べタ−
べッキ−
べック
べット
べットレイド
べッド
べッピン
べツィ
べティ
べティズ
べドウィン
べニ−
べニ
べニバナ
べネズエラ
べネット
べビ−
べボッパ−
べボップ
べラ−ニ
べラ
べラドラ
べラドンナ
べラミ
べリ−
べリ−ズ
べリ−ニ
べリア−ニ
べリエ−ル
べリファ
べリル
べリンダ
べル−ガ
べル
べルエット
べルオブ
べルオブザ
べルガ−
べルガ
べルキャント
べルク
べルサザ−
べルス−ル
べルズ
べルセルガ
べルセルク
べルティン
べルデイル
べルド
べルドレ
べルナドット
べルフレ
べルべット
べルべラ
べルボア
べルマン
べルメス
べルモント
べルモンド
べレス
べロネア
べン
べンガジ
べンケイ
べンズ
べンダ−
べンダラ
べンチ
べンチア
べンチャ−
べンチャ
べンテン
べンド
べンドアン
べンプトン
ペ−ジ
ペ−ジェント
ペ−ス
ペ−パ−
ペ−パ−チェイス
ペ−ル
ペ−ヴァ
ペア
ペイオフ
ペイザ
ペイシェンス
ペイシェント
ペイシャ
ペイシャント
ペイション
ペイン
ペインティド
ペイントザ
ペイヴィング
ペガサス
ペキッツ
ペギ−
ペギ−ズ
ペグ
ペコス
ペタリア
ペタル
ペタルディア
ペック
ペット
ペッパ−
ペティ
ペティショナ−
ペティション
ペティット
ペティティオ
ペティンゴ
ペトリウス
ペトル−シュカ
ペトロ−シュカ
ペトロ−ヌ
ペトロ
ペトロネラ
ペトロリュ−ス
ペトン
ペナイン
ペナンブラ
ペニ−
ペニ
ペニテンス
ペラトリ−ス
ペリオ
ペリオッド
ペリノ−ル
ペリミ−タ−
ペリラ
ペリリャンテ
ペル−
ペル−ジャ
ペル−ズ
ペル
ペルシアン
ペルセポリス
ペルソナ
ペルティング
ペルメル
ペルリタ
ペルル
ペロオサイド
ペロネリ−
ペン
ペンシ−
ペンシック
ペンシヴ
ペンス
ペンタイア
ペンダント
ホ−
ホ−キュリ−
ホ−ク
ホ−ザン
ホ−ス
ホ−スメン
ホ−ズ
ホ−セイ
ホ−ティン
ホ−ネット
ホ−ブ
ホ−プ
ホ−プイズ
ホ−プスプリングス
ホ−プフォ−
ホ−プフル
ホ−ミッジ
ホ−ミング
ホ−ム
ホ−ムオンザ
ホ−ムバイ
ホ−ムワ−ド
ホ−メリック
ホ−リ−
ホ−リックス
ホ−ル
ホ−ルド
ホ−ルドオブ
ホ−ルドミ−
ホ−ルドユア
ホ−ン
ホイストザ
ホイスリング
ホイッスラ−
ホイッスル
ホウゲツ
ホウシュウ
ホウジュン
ホウセキ
ホウト−
ホウトク
ホウユウ
ホウヨウ
ホウラン
ホクエイ
ホクセ−
ホクト
ホクトウ
ホクトオ−
ホシ
ホステ−ジ
ホステス
ホスト
ホスピタリティ−
ホスピタリティ
ホダア
ホッカイ
ホッツィ−
ホット
ホップ
ホップア
ホマレ
ホライズン
ホラティウス
ホリ
ホロ−
ホワイソ−
ホワイト
ホワイトウェ−
ホワイミ−
ボ−
ボ−イ
ボ−スティング
ボ−ダ−
ボ−ダ
ボ−ト
ボ−ド
ボ−ドヴィル
ボ−ナ
ボ−ヌ
ボ−ル
ボ−ルド
ボ−ルドアンド
ボ−ルドバット
ボ−ン
ボ−ンア
ボ−ンド
ボアイヤ−
ボイス
ボイズィ−
ボイセアナ
ボウ
ボウモント
ボウル
ボウルオブ
ボサツ
ボスト
ボストニアン
ボストン
ボソト
ボタニ−
ボタン
ボッカ
ボックス
ボッティチェリ
ボディ
ボトム
ボナ
ボナンザ
ボナヴィシタ
ボニ−
ボニ−ズ
ボニ−タ
ボブ
ボブズ
ボム
ボラスラス
ボラリス
ボラン
ボリショイ
ボルジア
ボルテ−ジ
ボルド
ボレ−
ボレアリス
ボレロ
ボロ−
ボロディン
ボワ−
ボワルセル
ボンジュ−ル
ボンダ−
ボンド
ボンネット
ボンヒュ−ル
ボンモ−
ポ−カ−
ポ−サ−
ポ−サヴェン
ポ−ション
ポ−ス
ポ−ズ
ポ−タ−
ポ−チル
ポ−ト
ポ−ニ−ズ
ポ−ラ−
ポ−ラ
ポ−リスタナ
ポ−リヤ
ポ−ル
ポ−ルトゥ
ポ−ロ
ポ−ロニア
ポイズ
ポインティド
ポイント
ポイントオブ
ポカホンタス
ポキ−ト
ポケット
ポコロロ
ポシェット
ポシビリティ
ポジキ
ポジション
ポジティヴ
ポス
ポスタ−
ポスチ−ヌ
ポスチャ−
ポスト
ポゼッシヴ
ポッシュ
ポッセ
ポッタ−ズ
ポット
ポップ
ポップズ
ポデイカ
ポピ−
ポピュラ−
ポピンズ
ポプリ
ポポ
ポムロ−ズ
ポモナ
ポライ
ポライト
ポライトリ−
ポラナ
ポラミア
ポリ−
ポリクシナ
ポリシ−
ポリック
ポリッシュ
ポリティカル
ポリティクス
ポリネシアン
ポリノ
ポリポンダ−
ポルタ−ジュ
ポルト
ポレア
ポレンカ
ポロニア
ポロンドラ
ポンダ−
ポンティ
ポントゥ−ン
ポンド
ポンバル
ポンピリア
ポンペイ
マ−
マ−ウェル
マ−ガリ−
マ−ガレッツ
マ−ガレット
マ−キュリ−
マ−キュリアル
マ−キング
マ−ギ−
マ−ク
マ−クズ
マ−クリ
マ−グラ
マ−ケット
マ−ケル
マ−ゴット
マ−サ
マ−シ−
マ−シャス
マ−シャル
マ−シュ
マ−シュア
マ−シュアズ
マ−ジュ
マ−ジョリ−
マ−ジン
マ−スケイ
マ−ストンズ
マ−スフル
マ−ソ−
マ−タ
マ−チ
マ−チン
マ−チング
マ−デ
マ−ディグラス
マ−ファ
マ−ブル
マ−プル
マ−べラス
マ−マラ
マ−ミット
マ−ム−ド
マ−メイズ
マ−メイド
マ−リン
マ−ル
マ−レ
マ−ヴェラス
マアクツウ
マイ
マイア−
マイア−ト
マイア
マイアナ
マイアミ
マイウェイ
マイク
マイスピ−ド
マイズル
マイダ−リング
マイダッド
マイティ
マイディア
マイトアンド
マイナ−ズ
マイニング
マイネ
マイネル
マイハウス
マイハット
マイファ−スト
マイム
マイムズ
マイヨ−ル
マイライフ
マイラブ
マイリ−
マイル
マイルド
マイワイルド
マイン
マインズ
マインド
マウス
マウタ
マウンティン
マウンテン
マウント
マカレナ
マカロヴァ
マガジン
マガロ
マキシマム
マキノ
マキャヴェリアン
マギ−
マギオ−ル
マクガイア
マクシム−ヴァ
マグダ
マグナム
マグニテュ−ド
マグネット
マグノリア
マグマ
マコ−
マコト
マサ
マサカ
マサコ
マサノ
マサル
マザ−
マシ−ン
マシャラ−
マシュアズ
マシュウ
マジェスタ
マジェスティ
マジェスティズ
マジェスティック
マジェステリアル
マジカル
マジック
マジックマン
マジデ−
マジョリカ
マジョリティ
マジョルカ
マスイチ
マスク
マスクト
マスタ−
マスト
マスリ
マスワカ
マタ−
マタ−オブ
マタティナ
マタドア
マタハリ
マダム
マダラ
マダング
マチカネ
マック
マックイ−ン
マックス
マッケンジ−
マッケンロ−
マッコイ
マッサリア
マッジ
マッジクオブ
マッセルズ
マッチ−ク
マッチ−タ
マッチ
マッチレス
マット
マッド
マッドネス
マッフ
マッフル
マップ
マツ
マツァ
マツカゼ
マツトミ
マツナミ
マツレン
マティナ
マティニ−
マテルダ
マディ−マ
マディナ
マデュ−ラ
マデュラ
マデリ−ン
マデリア
マデロン
マトリア−チ
マトリス
マトリックス
マトル−シュカ
マトロン
マドキャップ
マドモワゼル
マドリ−ド
マドリ−ヌ
マドリレ−ヌ
マドンナ
マナ−
マナ−ズ
マナスル
マニア
マニフェスト
マニラ
マネ−フォ−
マノン
マハ−ル
マハリ
マハル
マフィティス
マフィン
マフェット
マブ
マブロワ
マプティット
マプワナ
マべッキ−
マホ
ママ
マミ−
マミ−ズ
マム−ニア
マム
マムタズ
マヤノ
マラ
マラガ
マラケ−ト
マラソン
マラパ−ト
マラボ−
マランダ
マランボ
マリ−
マリ−タ
マリ−ド
マリ−ノ
マリ−ン
マリ
マリア
マリアチェ
マリアドロ
マリアンナ
マリオ
マリオン
マリキ−タ
マリケ
マリシャス
マリッジ
マリナ−
マリノ
マリボ−
マリポ−サ
マリモ
マリヤ
マリラ
マリリン
マリン
マリンディ
マルイチ
マルガリ−テン
マルギラト
マルグリット
マルコ
マルサ
マルサンチヨクイン
マルス
マルセ−ズ
マルセ−ユ
マルセイユ
マルゼン
マルタ
マルタカ
マルチ
マルティニ
マルテル
マルド
マルノ
マルハ
マルブツ
マルミチ
マルモット
マレ−バ
マレステレラ
マロ−ディング
マロット
マロン
マン
マンオブ
マンガラ
マンゲツ
マンシェ
マンジュザン
マンジュシャゲ
マンスズロング
マンゾッティ
マント
マントル
マンナ
マンネリスト
マンノ
マンノウォ−
マンハッタン
マンボ
ミ−
ミ−チャッド
ミ−ティング
ミ−ト
ミ−トミ−
ミ−ペ−チ
ミ−ラ
ミ−ン
ミ−ンズ
ミア
ミアンダ−
ミエスク
ミエル
ミオ
ミカヅキ
ミキサ−
ミクロ
ミグ
ミグノン
ミケランジェロ
ミゲ
ミゲット
ミゴリ
ミゴレット
ミサオ
ミサキ
ミシア−フ
ミシシッピ
ミシル
ミシン
ミジェット
ミス
ミスキ−
ミスキュ−
ミスズ
ミスタ−
ミスタファ
ミスタリ
ミスチ−フ
ミスティ
ミスティカル
ミスティス
ミスティム
ミステリ−
ミステリ−ズ
ミステリアス
ミスト
ミストザ
ミストラル
ミストレス
ミスニュ−
ミスビヘイヴ
ミスボ−ルド
ミスリル
ミスロロ
ミスワカ
ミスワキ
ミズ−リ
ミズ
ミセス
ミゼル
ミゼン
ミソグラファ−
ミタケ
ミチ
ミチモア
ミッキ−
ミックス
ミックスト
ミッシ−
ミッショナリ−
ミッション
ミッテル
ミッド
ミッドサマ−
ミッドナイト
ミツビシ
ミディア
ミディネット
ミトレ−ル
ミドウ
ミドリ
ミドル
ミナミ
ミナミノ
ミナレット
ミニ−
ミニ
ミニカム
ミニスタ−
ミニマム
ミネ
ミネソタ
ミネトンカ
ミネノ
ミネラロジ−
ミネルバ
ミノブ
ミノル
ミノン
ミハル
ミバ
ミファウィ
ミホ
ミホノ
ミミ
ミムズ
ミムべット
ミヤ
ミヤコ
ミヤサン
ミヤシロ
ミヤジ
ミヤノ
ミヤビ
ミヤマ
ミュ−ジカ
ミュ−ジカル
ミュ−ジック
ミュ−ジックイズ
ミュ−ズ
ミュ−ゼ
ミュ−ティド
ミュゲ
ミュッセ
ミユキ
ミョウ
ミョウコウ
ミョウジン
ミヨ
ミラ−
ミラ−ジュ
ミラ
ミラクル
ミラジョンヌ
ミラフェム
ミラルゴ
ミラン
ミランディ
ミランブル−
ミリ−
ミリ
ミリオネア
ミリオン
ミリタリ−
ミリタント
ミル
ミルキ−
ミルズ
ミルティ
ミルド
ミルフォ−ド
ミルマサ
ミロ−ド
ミロ
ミロン
ミロンガ
ミワ
ミンク
ミンクス
ミンシ
ミンス
ミンスキ−
ミンスタ
ミンストレス
ミンストレル
ミンティカ
ミンテシ−
ミント
ム−グ
ム−ス
ム−ティエ
ム−テイ
ム−ド
ム−ニ−
ム−ビ−
ム−ラン
ム−ル
ム−ン
ム−ンシャイン
ム−ンスト−ン
ム−ンライト
ム−ヴ
ム−ヴァ−
ムエカ
ムサカ
ムサシ
ムシドラ
ムスタング
ムスメ
ムツミ
ムトト
ムムタズ
ムラマサ
ムラヤマ
ムルヌ
ムルル
ムワンザ
メ−
メ−カ−
メ−ジ
メ−プル
メ−ラビ
メ−ル
メア
メアジ−
メアリ−
メイ
メイウォン
メイキング
メイク
メイクミ−
メイショウ
メイジ
メイス
メイセイ
メイセツ
メイテツ
メイデン
メイト
メイトウ
メイド
メイドイン
メイドウ
メイドオブ
メイプル
メイヨ−
メイル
メイワ
メイン
メガトン
メガミ
メガロ
メキシカン
メグロ
メサ
メジャ−
メジロ
メソポタミア
メゾ
メゾン
メタモルフォ−ゼ
メダ−ユ
メダリ−
メダリオン
メダル
メッサ−ラ
メッシ−ナ
メッセ−ジ
メテオ
メディ−ヴァル
メディ
メディア
メディック
メディナ
メデュ−サ
メドウ
メドレ−
メニ−
メニナ
メネトリア
メノウ
メノリエス
メモリ−
メモリ−ズ
メモリ−ズ
ブ
メラニ−
メラルダ
メリ−
メリ−アンド
メリ−ダ
メリ−ノ
メリア
メリオン
メリス
メリディアン
メル
メルカル
メルキ−ル
メルクリウス
メルシ−
メルセデス
メルド
メルヴェイユメロ−
メロウ
メロディ
メロディア
メロディアン
メロディック
メロドラマ
メロドラマティック
メンデスメンバ−
モ−
モ−カンド
モ−ガイス
モ−ガン
モ−ション
モ−スト
モ−ストン
モ−テル
モ−ドリン
モ−ニング
モ−ビル
モ−メント
モ−メントトゥ
モ−リ−
モ−リストン
モ−リン
モ−リンカ
モ−ル
モ−ルコ−ム
モ−ン
モ−ヴィ
モア−
モア
モイエティ
モイラ
モインズ
モウティ
モウニング
モエク
モカシン
モカラ
モガミ
モガンボ
モキュ−ズ
モス
モスコミュ−ル
モストリ−
モスレム
モダン
モチラ
モック
モップス
モディ−ナ
モデスト
モデナ
モデル
モナ−オ−
モナ−キア
モナ−ク
モナ
モナコ
モニカ
モニク
モニック
モネ−ド
モネ
モノ
モバリッズ
モフィ−ダ
モプシ−
モヘア
モべン
モママム−
モママル
モミジ
モモ
モモコ
モヨ
モラナ
モラリスト
モリ−
モリ
モリガン
モル
モルテ
モルト
モルヴェド
モレロ
モロカイ
モン
モンス−ン
モンタ−ジュ
モンタ
モンタナナ
モンタヴァル
モンテ
モンテフレ−ル
モント−ル
モント
モントリオ−ル
モンナ
モンパルナス
モンべツ
モンロ−
ヤ−ド
ヤアテイズ
ヤグラ
ヤサカ
ヤシマ
ヤスナ
ヤマ
ヤマカ
ヤマカツ
ヤマカワ
ヤマキ
ヤマタケ
ヤマト
ヤマナカ
ヤマニ
ヤマニエン
ヤマニン
ヤマノ
ヤマフ
ヤマユリ
ヤミ
ヤヨイ
ヤング
ユ−
ユ−ウェイト
ユ−エス
ユ−オ−
ユ−キ
ユ−ザ−
ユ−シテラス
ユ−ショ−
ユ−ス
ユ−スフル
ユ−ドントミ−ン
ユ−べット
ユ−ミ−ン
ユ−リ−ド
ユ−リェンセ
ユ−ワ
ユア−
ユア
ユアアイ
ユアトゥ−ズ
ユアラブ
ユウコウ
ユウヅル
ユウナギ
ユウヒ
ユウホウ
ユウミロク
ユウライコ−
ユウワ
ユキ
ユキノ
ユキヒメ
ユメワリ
ユタカ
ユタカオ−
ユトリロ
ユナ
ユナイティ
ユニ−
ユニオン
ユニット
ユニティ
ユニヴァ−サル
ユミコ
ユメウラナイ
ユメノ
ユリ
ユリディ−ス
ユリノ
ユルビネラ
ユヴァラ−
ユヴィラ
ヨ−キヒ
ヨ−ク
ヨ−コ
ヨ−ヨ−
ヨ−ロッパ
ヨコハマ
ヨシ
ヨシキ
ヨシシバ
ヨシノ
ヨット
ヨド
ヨネ
ラ−
ラ−イ
ラ−オング
ラ−ク
ラ−クスパ−
ラ−クスフライ
ラ−ケン
ラ−ジ
ラ−ジプト
ラ−ジュ
ラ−チェ
ラ−ティル
ラ−ニング
ラ−フィング
ラ−フタ−
ラ−ン
ラ−ンバイ
ラ
ライ
ライアタス
ライアン
ライオネス
ライカブル
ライカン
ライク
ライクリ−
ライグロン
ライジ−
ライジン
ライジング
ライス
ライズ
ライセンツィオソ−
ライタ−
ライダ−
ライダン
ライツ
ライティド
ライディング
ライデン
ライト
ライトオブ
ライトニング
ライド
ライドザ
ライナ−
ライニクラ
ライネ
ライネル
ライバリュウ
ライフ
ライフアトザ
ライフロング
ライブラ
ライマ−
ライム
ライラ
ライラック
ライン
ラインインザ
ラインオブ
ラインズ
ライヴリ−
ラウジ−
ラウズド
ラウンダップ
ラウンド
ラオ−ムドント
ラカハンガ
ラガ−
ラガパ
ラクレット
ラグ−ザ
ラグ
ラグズ
ラグタイム
ラグビ−
ラグラ
ラケット
ラココ
ラコニア
ラコヴィア
ラサリナ
ラシアン
ラシフォ−ド
ラシャマ−ド
ラショウモン
ラジャ
ラジャナ
ラジョウモン
ラス
ラスカル
ラスタム
ラスティ
ラスティカ
ラスティック
ラスティング
ラスト
ラストオブザ
ラスパ−
ラセ−ヌ
ラタキア
ラダザム
ラダン
ラッカ−
ラッカス
ラッカディ
ラッカワナ
ラッキ−
ラック
ラックス
ラッシ−
ラッシュ
ラッセラ−
ラッティング
ラッド
ラッフィナル
ラッフリ−
ラッフン
ラップ
ラップト
ラティ
ラティフィケイション
ラティン
ラデ−ム
ラディカル
ラディガ
ラトゥ−ル
ラトル
ラトレヤント
ラド
ラ−ダ
ラドン
ラドンガ
ラドンナ
ラナ−
ラナ−ク
ラナ
ラナウェイ
ラナリ−タ
ラナヴァロ
ラニオン
ラニザナ
ラバ−
ラバテラ
ラビ−
ラビ−ナ
ラビィ
ラビット
ラビュ−ラ
ラビリンス
ラビン
ラピテル
ラピュ
ラフ
ラファエル
ラフアンドビ−
ラフィング
ラフィンゴラ
ラフイン
ラフェイル
ラフェルト
ラフマニノフ
ラフメニアス
ラフレスネ
ラブ
ラブス
ラブリ−
ラブリィ
ラプス
ラべラ
ラべル
ラペ−ル
ラポ−ト
ラマ
ラム−ルフ
ラム−ヴ
ラムセス
ラムタラ
ラムダ
ラムボトル
ラメルバ
ラモ−ヌ
ララ
ララミ−
ララン
ラリティ
ラル−ガ
ラル
ラルワ
ラワ−
ラン
ランギソラ
ラングル
ランゲ−ジ
ランサ−
ランサム
ランザ
ランジェリ−
ランジョル−ル
ランズ
ランセル
ランタン
ランディ
ランディング
ランデブ−
ランデヴ−
ランド
ランナ−
ランニング
ランバ−
ランバティカ
ランパ−ト
ランフォア
ランブル
ランプ
ランペル−ル
ランペル
ランボ−
ランボリ−
ラヴ
ラヴァテラ
ラヴァリエ−ル
ラヴァンダン
ラヴァント
ラヴァンド−
ラヴァンド
ラヴアンド
ラヴィアン
ラヴィン
ラヴィング
ラヴェンダ−
ラヴェンデュラ
ラヴオブ
ラヴフォ−
ラヴミ−
ラヴユ−
ラヴリ−
リ−
リ−ガル
リ−グ
リ−ジ
リ−ジェント
リ−ジャン
リ−ズナブル
リ−ズニング
リ−ズン
リ−ズンウィズ
リ−ズントゥ
リ−ダ−
リ−ダ
リ−チフォ−
リ−チフォ−ザ
リ−ディング
リ−デング
リ−ト
リ−ド
リ−ドン
リ−バ
リ−ピング
リ−フ
リ−ブ
リ−ブミ−
リ−プ
リ−ラ
リ−ル
リ−ヴズ
リア
リアクション
リアリ−
リアリティ
リアル
リアルクラフティ
リアルクラフト
リアルスウィ−ト
リアルタイム
リアルト
リアルム
リイ−タ
リイフォ−
リウテン
リエ−ル
リオ
リオデラ
リオン
リカタ
リガ−ド
リキ
リキアイ
リキャプチャ−ド
リクエスト
リクリエ−ション
リグニ−
リグレット
リゲル
リコ−ル
リゴロ
リサ
リサニンガ
リサパット
リザウンド
リザガント
リザルダ
リザルト
リザンバ
リシストラ−タ
リジェクト
リジッド
リスカ
リスキ−
リスク
リストレ−ション
リスニング
リスン
リズ
リズミカル
リズミック
リズム
リズン
リセ−ロ
リセウム
リセス
リゼア
リゾルヴァ−
リゾレイタ−
リタ−ントゥ
リタ
リチャ−ド
リッカ−
リック
リックス
リッジ
リッジウッド
リッジザ
リッチ
リッチアンド
リットル
リップ
リップル
リッボン
リテラット
リディア
リデル
リトル
リトルガ−ル
リトルワン
リド
リドヘイム
リドン
リナ
リナカ
リナクル
リナレス
リネア
リバ−
リバシャ
リバティ
リパティア
リビ−ザ
リビング
リピュテ−ション
リファ−ズ
リファ−ド
リファ−ル
リファレンス
リフィフィ
リフォ−ム
リフト
リフレクテッド
リフレッシュト
リブ
リブラ
リブロ
リプライ
リプライズ
リプルズ
リプレイ
リプロ
リべル−ラ
リべロ
リべンジ
リボ−
リボティナ
リボネッタ
リボン
リマ
リマンド
リミコラ
リモ−ヤ
リュ−
リュ−シュ
リュ−ジョン
リュ−ト
リュウ
リュウア
リュウコ
リュウショウ
リュウセイ
リュウダイ
リュティエ
リュディヴィン
リュドゥパ−ム
リュニオン
リュパン
リュミエ−ル
リョウゴク
リライアンス
リラクシング
リラクタント
リラティヴ
リランス
リリ−
リリ−オブザ
リリ−ス
リリ−フ
リリア
リリィ
リリカ
リル
リルガ−ル
リルタニア
リルミガン
リレ−ション
リレ−ションズ
リロ−ンチ
リワ−ド
リンエイ
リング
リングオブ
リングズ
リンケ−ジ
リンダ
リンド
リンドン
リンピア
リンボ−
リンリン
リヴァ−
リヴァ−サイド
リヴァ−ス
リヴァ−トン
リヴァ−モア
リヴァ−ル
リヴァ
リヴァイアサン
リヴァッツ
リヴァリエフ
リヴィエ−ル
リヴィング
リヴェイユ
リヴェリナ
リヴォ−クト
リヴリア
ル−
ル−ア
ル−イ
ル−ウェン
ル−カン
ル−ク
ル−クン
ル−ザ−
ル−シ−
ル−シ−ズ
ル−シュ
ル−シン
ル−ジュ
ル−ス
ル−スレス
ル−タ
ル−チ
ル−チェ
ル−チン
ル−ツ
ル−テイズ
ル−テナント
ル−デン
ル−デンス
ル−ト
ル−ド
ル−フ
ル−ブル
ル−プ
ル−ム
ル−ラ−
ル−ラ
ル−ル
ル−レット
ル−ン
ル
ルア−ル
ルアンダ
ルイ−ザズ
ルイ−ズ
ルイアナ
ルイス
ルキ−ロ
ルクソ−ル
ルサ−ヌ
ルシア
ルシアンヌ
ルション
ルス−
ルス
ルソ−
ルチア−ノ
ルチアナ
ルチェ−
ルチェッライ
ルッカ
ルッキン
ルック
ルックス
ルディ
ルトゥ−
ルドルフ
ルナ
ルナオ−
ルナディス
ルナレラ
ルネッサンス
ルネンジョ−ン
ルバ−ン
ルパシャ
ルビ−
ルフィル−
ルボウ
ルミナント
ルラ
ルル
ルヴァンステル
ルンルン
レ−
レ−サ−
レ−ザ−
レ−シン
レ−シング
レ−ス
レ−ヌ
レ−ラ
レ−ル
レ−ン
レ−ンズ
レア
レアセ
レアリ−
レアンドラ
レイ
レイガン
レイク
レイクヴィル
レイコ
レイザ−
レイザン
レイシ−レイシドン
レイス
レイズ
レイズア
レイズアン
レイズザ
レイタ−
レイチェル
レイテスト
レイト
レイナ
レイニ−
レイニエ
レイバ−ン
レイホ−
レイルウェイズ
レイン
レインボ−
レインボ−ズ
レイヴン
レオ
レガ−ト
レガシ−オブ
レクイエブロ
レクラシオン
レコ−ディング
レコ−ド
レゴ−
レシピレジ−ナ
レジェンド
レジェンドオブ
レジェンドラ
レジナ
レジャ−
レス
レスタ−
レスタ−ズ
レストレス
レスフィ−ナ
レスプ
レンデント
レスポンス
レスポンド
レスリ−ズア
レタ−
レタ−ズ
レタス
レックス
レックレス
レッグ
レッグズ
レッスン
レッタ
レッツ
レッツゴ−
レット
レットイット
レットウ
レットン
レッド
レッドべルズ
レッドロ−ズ
レティシオ
レデ−
レディ−
レディ
レディアン
レディオ
レディオブ
レディシュ
レディスラ−
レディノウンアズ
レディビ−
レデュオン
レナウン
レナタ
レニ−
レネジッド
レパ−
レピン
レフティ
レフト
レプトス
レプリマンド
レべッカ
レべル
レべルコ
レボリュ−ション
レポ−ト
レミグラント
レミニシング
レム
レムリア
レメディア
レモニッシュ
レモネ−ド
レモン
レモンズトゥ
レリア
レリカリオ
レリクト
レリシャ
レリダ
レリック
レリッシュ
レリフォルディ
レルカ
レルコ
レングス
レンジ
レンジャ−
レンタリング
レンディング
レントゲン
レンブラント
レヴァント
レヴィ−
レヴォリュ−ション
レヴモス
レヴュ−
レヴュ−ア−
ロ−
ロ−イ
ロ−カスト
ロ−クビ−
ロ−グ
ロ−ザ
ロ−ザデ
ロ−ザネイ
ロ−ジ−
ロ−ジ
ロ−ジア
ロ−ジィ
ロ−ジス
ロ−ジズ
ロ−ジズフォ−ザ
ロ−ジズフォア
ロ−ジット
ロ−ズ
ロ−ズィ
ロ−ズオブ
ロ−タリ−
ロ−ダンセ
ロ−ディ−
ロ−トレック
ロ−ド
ロ−ドオブ
ロ−ドオブザ
ロ−バ−
ロ−マ
ロ−マン
ロ−ミン
ロ−ラ
ロ−ラシア
ロ−ランス
ロ−リ−
ロ−ル
ロ−ルトゥ
ロ−レア
ロ−レライ
ロ−レル
ロ−レンス
ロ−ン
ロ−ンチ−
ロイ
ロイクラフト
ロイコン
ロイス−ル
ロイタ−
ロイヤル
ロイヤルアンド
ロイヤルティ
ロウ
ロウゼン
ログ
ロケット
ロザネラ
ロシアン
ロシャス
ロシュ
ロジ−ナ
ロジタ−
ロジャ−
ロス
ロスキア
ロスト
ロストヴァ
ロゼア
ロゼッタ
ロゼリエ−ル
ロソリニ
ロダン
ロチェッタ
ロッキ−
ロック
ロックス
ロックフェラ
ロックフェル
ロックン
ロックンロ−ル
ロッジ
ロッセリ−ナ
ロッチ
ロッチェル
ロッド
ロディ−
ロデヴ
ロドリゴ
ロニイ
ロハ
ロバリ−
ロビン
ロフト
ロべリ−ノ
ロべリア
ロべルティ−ノ
ロべルト
ロべルトズ
ロマネコンティ
ロマネラ
ロマン
ロマンス
ロマンティカ
ロマンティスト
ロムルス
ロメ
ロメキズ
ロモ−ラ
ロモンド
ロランジェリ−
ロリ−ズ
ロリ
ロリセズミ−
ロルヌ
ロルフ
ロレ−ヌ
ロレンス
ロレンツァチオ
ロロ
ロワ−ル
ロワ
ロワイヤル
ロング
ロンダ
ロンド
ロンドン
ロンドンデリ−
ロンバ−ド
ロンバルディ
ロンバルド
ロンパ−ズ
ロンリ−
ロヴィ−タエイチ
ワ−キング
ワ−ク
ワ−ククロック
ワ−ケ−ナ
ワ−ジブ
ワ−ス
ワ−ディス
ワ−デン
ワ−トワ−ド
ワ−ドフロム
ワ−ドン
ワ−ニング
ワ−ブラ−
ワ−ラウェイ
ワ−リング
ワ−ル
ワ−ルド
ワ−ルドオブ
ワ−ン
ワ
ワイ
ワイズ
ワイド
ワイパ−
ワイフ
ワイルド
ワイルドキャッタ−
ワイン
ワインアンド
ワインディング
ワウ
ワカ
ワカオ
ワカクモ
ワカタカ
ワカタケ
ワクォイット
ワグラム
ワグリ−
ワゴン
ワシントン
ワジド
ワジマ
ワスナ−
ワタ−スランド
ワッキ−
ワック
ワッスル
ワット
ワットア
ワッペナウ
ワツキニア
ワナビ−
ワニカ
ワヤ
ワラ
ワラバ
ワラビ−
ワレシアナ
ワン
ワンインナ
ワンオブ
ワンクリア
ワンス
ワンダ−
ワンダ
ワンダフル
ワンダラス
ワントン
ワンホ−ム
ヴァ−シフィ
ヴァ−ジニア
ヴァ−ジン
ヴァ−ス−ス
ヴァ−ス
ヴァ−チャ−
ヴァ−チュ−
ヴァ−チュ
ヴァ−テックス
ヴァ−テュアス
ヴァ−ディクト
ヴァ−ド
ヴァ−ミリオン
ヴァ−ヴ
ヴァ
ヴァイオレッタ
ヴァイオレット
ヴァイス
ヴァイン
ヴァカ
ヴァガボンド
ヴァケラ−
ヴァザント
ヴァシュティ
ヴァテラ−
ヴァニル
ヴァネッシア
ヴァマリエ
ヴァラ−
ヴァリ−ク
ヴァリ
ヴァリアント
ヴァリエ−ル
ヴァリッド
ヴァリデ−ション
ヴァリュ−
ヴァル
ヴァルカニア
ヴァルキリ−
ヴァルゴ
ヴァルダ
ヴァルデス
ヴァルデスタ
ヴァルド
ヴァルドア−
ヴァルヤヴァレ−ズ
ヴァレッタ
ヴァレリ−
ヴァレン
ヴァレンタイン
ヴァン
ヴァンダル
ヴァンテ−ジ
ヴァンナ
ヴァンランディン
ヴィ−ナス
ヴィ−ヌ
ヴィ−ノ−
ヴィ
ヴィアドラ
ヴィエイユ
ヴィエナ
ヴィオロンド
ヴィガ−ズ
ヴィキ−
ヴィクスン
ヴィクトリ−
ヴィクトリア
ヴィクトリ
アナヴィクトリアン
ヴィクトリス
ヴィクトリン
ヴィクトレス
ヴィジビリティ
ヴィジョン
ヴィスタ
ヴィタリアナ
ヴィック
ヴィッセル
ヴィテ−ジ
ヴィテッセ
ヴィデオ
ヴィトゲン
ヴィトリア
ヴィミ−
ヴィムレット
ヴィユ
ヴィラ
ヴィリヤ−
ヴィル
ヴィルンガ
ヴィレッジ
ヴィレル
ヴィンテ−ジ
ヴィンディマ
ヴィヴ
ヴィ
ヴィエン
ヴィヴル
ヴェ−ル
ヴェア
ヴェアリア
ヴェイグリ−
ヴェイラ−
ヴェイラ−ン
ヴェイル
ヴェイルオ−
ヴェイン
ヴェザノ
ヴェスタル
ヴェスル
ヴェセント
ヴェダ
ヴェッセル
ヴェット−リ
ヴェティ
ヴェニス
ヴェネチアン
ヴェネッタ
ヴェノマス
ヴェル−ラ
ヴェル
ヴェルシュカ
ヴェルソ−
ヴェルバティム
ヴェルメイユ
ヴェル
ヴェット
ヴェレ−
ヴェレ−ヴァ
ヴェレッタ
ヴェロニカ
ヴェンチア
ヴェンチャ−
ヴェンチャランザ
ヴェントデュ
ヴォ−チェ
ヴォイヤジュ−ズ
ヴォスゲス
ヴォヤ−ジ
ヴォル
ヴォルカニック
ヴォルク
ヴォルケン
ヴォルフ
ヴニ−ル
ヴュ−
ヴュ−マ
ヴュ−ヴ
ヴリトラ




























































































































































































































































































































































































































































































































































































































































































































































































































































































































































































































































































































































































































































































































































































































































































































































































































































































































































































































































































































































































































































































































































































































































































































































































































































































































































































































































































































































































































































































































































































































































































































































































































































































































































































































































































































































































































































































































































































































































































































































































































































































































































































































































































































































































































































































































































































































































































































































































































































































































































































































































































































































































































































































































































































































































































































































































































































































































































































































































































































































































































































































































































































































































































＜持ち馬＞
＜持ち馬＞
＜持ち馬＞
＜持ち馬＞
＜持ち馬＞
＜持ち馬＞
＜持ち馬＞
＜持ち馬＞
＜持ち馬＞
＜持ち馬＞
＜持ち馬＞
＜持ち馬＞
＜持ち馬＞
＜持ち馬＞
＜持ち馬＞
＜持ち馬＞
＜持ち馬＞
＜持ち馬＞
＜持ち馬＞
＜持ち馬＞
＜持ち馬＞
＜持ち馬＞
＜持ち馬＞
＜持ち馬＞
＜持ち馬＞
＜持ち馬＞
＜持ち馬＞
＜持ち馬＞
＜持ち馬＞
＜持ち馬＞
＜持ち馬＞
＜持ち馬＞
＜持ち馬＞
＜持ち馬＞
＜持ち馬＞
＜持ち馬＞
＜持ち馬＞
＜持ち馬＞
＜持ち馬＞
＜持ち馬＞
＜持ち馬＞
＜持ち馬＞
＜持ち馬＞
＜持ち馬＞
＜持ち馬＞
＜持ち馬＞
＜持ち馬＞
＜持ち馬＞
＜持ち馬＞
＜持ち馬＞
＜持ち馬＞
＜持ち馬＞
＜持ち馬＞
＜持ち馬＞
＜持ち馬＞
＜持ち馬＞
＜持ち馬＞
＜持ち馬＞
＜持ち馬＞
＜持ち馬＞
＜持ち馬＞
＜持ち馬＞
＜持ち馬＞
＜持ち馬＞
＜持ち馬＞
＜持ち馬＞
＜持ち馬＞
＜持ち馬＞
＜持ち馬＞
＜持ち馬＞
＜持ち馬＞
＜持ち馬＞
＜持ち馬＞
＜持ち馬＞
＜持ち馬＞
＜持ち馬＞
＜持ち馬＞
＜持ち馬＞
＜持ち馬＞
＜持ち馬＞
＜持ち馬＞
＜持ち馬＞
＜持ち馬＞
＜持ち馬＞
＜持ち馬＞
＜持ち馬＞
＜持ち馬＞
＜持ち馬＞
＜持ち馬＞
＜持ち馬＞
＜持ち馬＞
＜持ち馬＞
＜持ち馬＞
＜持ち馬＞
＜持ち馬＞
＜持ち馬＞
＜持ち馬＞
＜持ち馬＞
＜持ち馬＞
＜持ち馬＞
＜持ち馬＞
＜持ち馬＞
＜持ち馬＞
＜持ち馬＞
＜持ち馬＞
＜持ち馬＞
＜持ち馬＞
＜持ち馬＞
＜持ち馬＞
＜持ち馬＞
＜持ち馬＞
＜持ち馬＞
＜持ち馬＞
＜持ち馬＞
＜持ち馬＞
＜持ち馬＞
＜持ち馬＞
＜持ち馬＞
＜持ち馬＞
＜持ち馬＞
＜持ち馬＞
＜持ち馬＞
＜持ち馬＞
＜持ち馬＞
＜持ち馬＞
＜持ち馬＞
＜持ち馬＞
＜持ち馬＞
＜持ち馬＞
＜持ち馬＞
＜持ち馬＞
＜持ち馬＞
＜持ち馬＞
＜持ち馬＞
＜持ち馬＞
＜持ち馬＞
＜持ち馬＞
＜持ち馬＞
＜持ち馬＞
＜持ち馬＞
＜持ち馬＞
＜持ち馬＞
＜持ち馬＞
＜持ち馬＞
＜持ち馬＞
＜持ち馬＞
＜持ち馬＞
＜持ち馬＞
＜持ち馬＞
＜持ち馬＞
＜持ち馬＞
＜持ち馬＞
＜持ち馬＞
＜持ち馬＞
＜持ち馬＞
＜持ち馬＞
＜持ち馬＞
＜持ち馬＞
＜持ち馬＞
＜持ち馬＞
＜持ち馬＞
＜持ち馬＞
＜持ち馬＞
＜持ち馬＞
＜持ち馬＞
＜持ち馬＞
＜持ち馬＞
＜持ち馬＞
＜持ち馬＞
＜持ち馬＞
＜持ち馬＞
＜持ち馬＞
＜持ち馬＞
＜持ち馬＞
＜持ち馬＞
＜持ち馬＞
＜持ち馬＞
＜持ち馬＞
＜持ち馬＞
＜持ち馬＞
＜持ち馬＞
＜持ち馬＞
＜持ち馬＞
＜持ち馬＞
＜持ち馬＞
＜持ち馬＞
＜持ち馬＞
＜持ち馬＞
＜持ち馬＞
＜持ち馬＞
＜持ち馬＞
＜持ち馬＞
＜持ち馬＞
＜持ち馬＞
＜持ち馬＞
＜持ち馬＞
＜持ち馬＞
＜持ち馬＞
＜持ち馬＞
＜持ち馬＞
＜持ち馬＞
＜持ち馬＞
＜持ち馬＞
＜持ち馬＞
＜持ち馬＞
＜持ち馬＞
＜持ち馬＞
＜持ち馬＞
＜持ち馬＞
＜持ち馬＞
＜持ち馬＞
＜持ち馬＞
＜持ち馬＞
＜持ち馬＞
＜持ち馬＞
＜持ち馬＞
＜持ち馬＞
＜持ち馬＞
＜持ち馬＞
＜持ち馬＞
＜持ち馬＞
＜持ち馬＞
＜持ち馬＞
＜持ち馬＞
＜持ち馬＞
＜持ち馬＞
＜持ち馬＞
＜持ち馬＞
＜持ち馬＞
＜持ち馬＞
＜持ち馬＞
＜持ち馬＞
＜持ち馬＞
＜持ち馬＞
＜持ち馬＞
＜持ち馬＞
＜持ち馬＞
＜持ち馬＞
＜持ち馬＞
＜持ち馬＞
＜持ち馬＞
＜持ち馬＞
＜持ち馬＞
＜持ち馬＞
＜持ち馬＞
＜持ち馬＞
＜持ち馬＞
＜持ち馬＞
＜持ち馬＞
＜持ち馬＞
＜持ち馬＞
＜持ち馬＞
＜持ち馬＞
＜持ち馬＞
＜持ち馬＞
＜持ち馬＞
＜持ち馬＞
＜持ち馬＞
＜持ち馬＞
＜持ち馬＞
＜持ち馬＞
＜持ち馬＞
＜持ち馬＞
＜持ち馬＞
＜持ち馬＞
＜持ち馬＞
＜持ち馬＞
＜持ち馬＞
＜持ち馬＞
＜持ち馬＞
＜持ち馬＞
＜持ち馬＞
＜持ち馬＞
＜持ち馬＞
＜持ち馬＞
＜持ち馬＞
＜持ち馬＞
＜持ち馬＞
＜持ち馬＞
＜持ち馬＞
＜持ち馬＞
＜持ち馬＞
＜持ち馬＞
＜持ち馬＞
＜持ち馬＞
＜持ち馬＞
＜持ち馬＞
＜持ち馬＞
＜持ち馬＞
＜持ち馬＞
＜持ち馬＞
＜持ち馬＞
＜持ち馬＞
＜持ち馬＞
＜持ち馬＞
＜持ち馬＞
＜持ち馬＞
＜持ち馬＞
＜持ち馬＞
＜持ち馬＞
＜持ち馬＞
＜持ち馬＞
＜持ち馬＞
＜持ち馬＞
＜持ち馬＞
＜持ち馬＞
＜持ち馬＞
＜持ち馬＞
＜持ち馬＞
＜持ち馬＞
＜持ち馬＞
＜持ち馬＞
＜持ち馬＞
＜持ち馬＞
＜持ち馬＞
＜持ち馬＞
＜持ち馬＞
＜持ち馬＞
＜持ち馬＞
＜持ち馬＞
＜持ち馬＞
＜持ち馬＞
＜持ち馬＞
＜持ち馬＞
＜持ち馬＞
＜持ち馬＞
＜持ち馬＞
＜持ち馬＞
＜持ち馬＞
＜持ち馬＞
＜持ち馬＞
＜持ち馬＞
＜持ち馬＞
＜持ち馬＞
＜持ち馬＞
＜持ち馬＞
＜持ち馬＞
＜持ち馬＞
＜持ち馬＞
＜持ち馬＞
＜持ち馬＞
＜持ち馬＞
＜持ち馬＞
＜持ち馬＞
＜持ち馬＞
＜持ち馬＞
＜持ち馬＞
＜持ち馬＞
＜持ち馬＞
＜持ち馬＞
＜持ち馬＞
＜持ち馬＞
＜持ち馬＞
＜持ち馬＞
＜持ち馬＞
＜持ち馬＞
＜持ち馬＞
＜持ち馬＞
＜持ち馬＞
＜持ち馬＞
＜持ち馬＞
＜持ち馬＞
＜持ち馬＞
＜持ち馬＞
＜持ち馬＞
＜持ち馬＞
＜持ち馬＞
＜持ち馬＞
＜持ち馬＞
＜持ち馬＞
＜持ち馬＞
＜持ち馬＞
＜持ち馬＞
＜持ち馬＞
＜持ち馬＞
＜持ち馬＞
＜持ち馬＞
＜持ち馬＞
＜持ち馬＞
＜持ち馬＞
＜持ち馬＞
＜持ち馬＞
＜持ち馬＞
＜持ち馬＞
＜持ち馬＞
＜持ち馬＞
＜持ち馬＞
＜持ち馬＞
＜持ち馬＞
＜持ち馬＞
＜持ち馬＞
＜持ち馬＞
＜持ち馬＞
＜持ち馬＞
＜持ち馬＞
＜持ち馬＞
＜持ち馬＞
＜持ち馬＞
＜持ち馬＞
＜持ち馬＞
＜持ち馬＞
＜持ち馬＞
＜持ち馬＞
＜持ち馬＞
＜持ち馬＞
＜持ち馬＞
＜持ち馬＞
＜持ち馬＞
＜持ち馬＞
＜持ち馬＞
＜持ち馬＞
＜持ち馬＞
＜持ち馬＞
＜持ち馬＞
＜持ち馬＞
＜持ち馬＞
＜持ち馬＞
＜持ち馬＞
＜持ち馬＞
＜持ち馬＞
＜持ち馬＞
＜持ち馬＞
＜持ち馬＞
＜持ち馬＞
＜持ち馬＞
＜持ち馬＞
＜持ち馬＞
＜持ち馬＞
＜持ち馬＞
＜持ち馬＞
＜持ち馬＞
＜持ち馬＞
＜持ち馬＞
＜持ち馬＞
＜持ち馬＞
＜持ち馬＞
＜持ち馬＞
＜持ち馬＞
＜持ち馬＞
＜持ち馬＞
＜持ち馬＞
＜持ち馬＞
＜持ち馬＞
＜持ち馬＞
＜持ち馬＞
＜持ち馬＞
＜持ち馬＞
＜持ち馬＞
＜持ち馬＞
＜持ち馬＞
＜持ち馬＞
＜持ち馬＞
＜持ち馬＞
＜持ち馬＞
＜持ち馬＞
＜持ち馬＞
＜持ち馬＞
＜持ち馬＞
＜持ち馬＞
＜持ち馬＞
＜持ち馬＞
＜持ち馬＞
＜持ち馬＞
＜持ち馬＞
＜持ち馬＞
＜持ち馬＞
＜持ち馬＞
＜持ち馬＞
＜持ち馬＞
＜持ち馬＞
＜持ち馬＞
＜持ち馬＞
＜持ち馬＞
＜持ち馬＞
＜持ち馬＞
＜持ち馬＞
＜持ち馬＞
＜持ち馬＞
＜持ち馬＞
＜持ち馬＞
＜持ち馬＞
＜持ち馬＞
＜持ち馬＞
＜持ち馬＞
＜持ち馬＞
＜持ち馬＞
＜持ち馬＞
＜持ち馬＞
＜持ち馬＞
＜持ち馬＞
＜持ち馬＞
＜持ち馬＞
＜持ち馬＞
＜持ち馬＞
＜持ち馬＞
＜持ち馬＞
＜持ち馬＞
＜持ち馬＞
＜持ち馬＞
＜持ち馬＞
＜持ち馬＞
＜持ち馬＞
＜持ち馬＞
＜持ち馬＞
＜持ち馬＞
＜持ち馬＞
＜持ち馬＞
＜持ち馬＞
＜持ち馬＞
＜持ち馬＞
＜持ち馬＞
＜持ち馬＞
＜持ち馬＞
＜持ち馬＞
＜持ち馬＞
＜持ち馬＞
＜持ち馬＞
＜持ち馬＞
＜持ち馬＞
＜持ち馬＞
＜持ち馬＞
＜持ち馬＞
＜持ち馬＞
＜持ち馬＞
＜持ち馬＞
＜持ち馬＞
＜持ち馬＞
＜持ち馬＞
＜持ち馬＞
＜持ち馬＞
＜持ち馬＞
＜持ち馬＞
＜持ち馬＞
＜持ち馬＞
＜持ち馬＞
＜持ち馬＞
＜持ち馬＞
＜持ち馬＞
＜持ち馬＞
＜持ち馬＞
＜持ち馬＞
＜持ち馬＞
＜持ち馬＞
＜持ち馬＞
＜持ち馬＞
＜持ち馬＞
＜持ち馬＞
＜持ち馬＞
＜持ち馬＞
＜持ち馬＞
＜持ち馬＞
＜持ち馬＞
＜持ち馬＞
＜持ち馬＞
＜持ち馬＞
＜持ち馬＞
＜持ち馬＞
＜持ち馬＞
＜持ち馬＞
＜持ち馬＞
＜持ち馬＞
＜持ち馬＞
＜持ち馬＞
＜持ち馬＞
＜持ち馬＞
＜持ち馬＞
＜持ち馬＞
＜持ち馬＞
＜持ち馬＞
＜持ち馬＞
＜持ち馬＞
＜持ち馬＞
＜持ち馬＞
＜持ち馬＞
＜持ち馬＞
＜持ち馬＞
＜持ち馬＞
＜持ち馬＞
＜持ち馬＞
＜持ち馬＞
＜持ち馬＞
＜持ち馬＞
＜持ち馬＞
＜持ち馬＞
＜持ち馬＞
＜持ち馬＞
＜持ち馬＞
＜持ち馬＞
＜持ち馬＞
＜持ち馬＞
＜持ち馬＞
＜持ち馬＞
＜持ち馬＞
＜持ち馬＞
＜持ち馬＞
＜持ち馬＞
＜持ち馬＞
＜持ち馬＞
＜持ち馬＞
＜持ち馬＞
＜持ち馬＞
＜持ち馬＞
＜持ち馬＞
＜持ち馬＞
＜持ち馬＞
＜持ち馬＞
＜持ち馬＞
＜持ち馬＞
＜持ち馬＞
＜持ち馬＞
＜持ち馬＞
＜持ち馬＞
＜持ち馬＞
＜持ち馬＞
＜持ち馬＞
＜持ち馬＞
＜持ち馬＞
＜持ち馬＞
＜持ち馬＞
＜持ち馬＞
＜持ち馬＞
＜持ち馬＞
＜持ち馬＞
＜持ち馬＞
＜持ち馬＞
＜持ち馬＞
＜持ち馬＞
＜持ち馬＞
＜持ち馬＞
＜持ち馬＞
＜持ち馬＞
＜持ち馬＞
＜持ち馬＞
＜持ち馬＞
＜持ち馬＞
＜持ち馬＞
＜持ち馬＞
＜持ち馬＞
＜持ち馬＞
＜持ち馬＞
＜持ち馬＞
＜持ち馬＞
＜持ち馬＞
＜持ち馬＞
＜持ち馬＞
＜持ち馬＞
＜持ち馬＞
＜持ち馬＞
＜持ち馬＞
＜持ち馬＞
＜持ち馬＞
＜持ち馬＞
＜持ち馬＞
＜持ち馬＞
＜持ち馬＞
＜持ち馬＞
＜持ち馬＞
＜持ち馬＞
＜持ち馬＞
＜持ち馬＞
＜持ち馬＞
＜持ち馬＞
＜持ち馬＞
＜持ち馬＞
＜持ち馬＞
＜持ち馬＞
＜持ち馬＞
＜持ち馬＞
＜持ち馬＞
＜持ち馬＞
＜持ち馬＞
＜持ち馬＞
＜持ち馬＞
＜持ち馬＞
＜持ち馬＞
＜持ち馬＞
＜持ち馬＞
＜持ち馬＞
＜持ち馬＞
＜持ち馬＞
＜持ち馬＞
＜持ち馬＞
＜持ち馬＞
＜持ち馬＞
＜持ち馬＞
＜持ち馬＞
＜持ち馬＞
＜持ち馬＞
＜持ち馬＞
＜持ち馬＞
＜持ち馬＞
＜持ち馬＞
＜持ち馬＞
＜持ち馬＞
＜持ち馬＞
＜持ち馬＞
＜持ち馬＞
＜持ち馬＞
＜持ち馬＞
＜持ち馬＞
＜持ち馬＞
＜持ち馬＞
＜持ち馬＞
＜持ち馬＞
＜持ち馬＞
＜持ち馬＞
＜持ち馬＞
＜持ち馬＞
＜持ち馬＞
＜持ち馬＞
＜持ち馬＞
＜持ち馬＞
＜持ち馬＞
＜持ち馬＞
＜持ち馬＞
＜持ち馬＞
＜持ち馬＞
＜持ち馬＞
＜持ち馬＞
＜持ち馬＞
＜持ち馬＞
＜持ち馬＞
＜持ち馬＞
＜持ち馬＞
＜持ち馬＞
＜持ち馬＞
＜持ち馬＞
＜持ち馬＞
＜持ち馬＞
＜持ち馬＞
＜持ち馬＞
＜持ち馬＞
＜持ち馬＞
＜持ち馬＞
＜持ち馬＞
＜持ち馬＞
＜持ち馬＞
＜持ち馬＞
＜持ち馬＞
＜持ち馬＞
＜持ち馬＞
＜持ち馬＞
＜持ち馬＞
＜持ち馬＞
＜持ち馬＞
＜持ち馬＞
＜持ち馬＞
＜持ち馬＞
＜持ち馬＞
＜持ち馬＞
＜持ち馬＞
＜持ち馬＞
＜持ち馬＞
＜持ち馬＞
＜持ち馬＞
＜持ち馬＞
＜持ち馬＞
＜持ち馬＞
＜持ち馬＞
＜持ち馬＞
＜持ち馬＞
＜持ち馬＞
＜持ち馬＞
＜持ち馬＞
＜持ち馬＞
＜持ち馬＞
＜持ち馬＞
＜持ち馬＞
＜持ち馬＞
＜持ち馬＞
＜持ち馬＞
＜持ち馬＞
＜持ち馬＞
＜持ち馬＞
＜持ち馬＞
＜持ち馬＞
＜持ち馬＞
＜持ち馬＞
＜持ち馬＞
＜持ち馬＞
＜持ち馬＞
＜持ち馬＞
＜持ち馬＞
＜持ち馬＞
＜持ち馬＞
＜持ち馬＞
＜持ち馬＞
＜持ち馬＞
＜持ち馬＞
＜持ち馬＞
＜持ち馬＞
＜持ち馬＞
＜持ち馬＞
＜持ち馬＞
＜持ち馬＞
＜持ち馬＞
＜持ち馬＞
＜持ち馬＞
＜持ち馬＞
＜持ち馬＞
＜持ち馬＞
＜持ち馬＞
＜持ち馬＞
＜持ち馬＞
＜持ち馬＞
＜持ち馬＞
＜持ち馬＞
＜持ち馬＞
＜持ち馬＞
＜持ち馬＞
＜持ち馬＞
＜持ち馬＞
＜持ち馬＞
＜持ち馬＞
＜持ち馬＞
＜持ち馬＞
＜持ち馬＞
＜持ち馬＞
＜持ち馬＞
＜持ち馬＞
＜持ち馬＞
＜持ち馬＞
＜持ち馬＞
＜持ち馬＞
＜持ち馬＞
＜持ち馬＞
＜持ち馬＞
＜持ち馬＞
＜持ち馬＞
＜持ち馬＞
＜持ち馬＞
＜持ち馬＞
＜持ち馬＞
＜持ち馬＞
＜持ち馬＞
＜持ち馬＞
＜持ち馬＞
＜持ち馬＞
＜持ち馬＞
＜持ち馬＞
＜持ち馬＞
＜持ち馬＞
＜持ち馬＞
＜持ち馬＞
＜持ち馬＞
＜持ち馬＞
＜持ち馬＞
＜持ち馬＞
＜持ち馬＞
＜持ち馬＞
＜持ち馬＞
＜持ち馬＞
＜持ち馬＞
＜持ち馬＞
＜持ち馬＞
＜持ち馬＞
＜持ち馬＞
＜持ち馬＞
＜持ち馬＞
＜持ち馬＞
＜持ち馬＞
＜持ち馬＞
＜持ち馬＞
＜持ち馬＞
＜持ち馬＞
＜持ち馬＞
＜持ち馬＞
＜持ち馬＞
＜持ち馬＞
＜持ち馬＞
＜持ち馬＞
＜持ち馬＞
＜持ち馬＞
＜持ち馬＞
＜持ち馬＞
＜持ち馬＞
＜持ち馬＞
＜持ち馬＞
＜持ち馬＞
＜持ち馬＞
＜持ち馬＞
＜持ち馬＞
＜持ち馬＞
＜持ち馬＞
＜持ち馬＞
＜持ち馬＞
＜持ち馬＞
＜持ち馬＞
＜持ち馬＞
＜持ち馬＞
＜持ち馬＞
＜持ち馬＞
＜持ち馬＞
＜持ち馬＞
＜持ち馬＞
＜持ち馬＞
＜持ち馬＞
＜持ち馬＞
＜持ち馬＞
＜持ち馬＞
＜持ち馬＞
＜持ち馬＞
＜持ち馬＞
＜持ち馬＞
＜持ち馬＞
＜持ち馬＞
＜持ち馬＞
＜持ち馬＞
＜持ち馬＞
＜持ち馬＞
＜持ち馬＞
＜持ち馬＞
＜持ち馬＞
＜持ち馬＞
＜持ち馬＞
＜持ち馬＞
＜持ち馬＞
＜持ち馬＞
＜持ち馬＞
＜持ち馬＞
＜持ち馬＞
＜持ち馬＞
＜持ち馬＞
＜持ち馬＞
＜持ち馬＞
＜持ち馬＞
＜持ち馬＞
＜持ち馬＞
＜持ち馬＞
＜持ち馬＞
＜持ち馬＞
＜持ち馬＞
＜持ち馬＞
＜持ち馬＞
＜持ち馬＞
＜持ち馬＞
＜持ち馬＞
＜持ち馬＞
＜持ち馬＞
＜持ち馬＞
＜持ち馬＞
＜持ち馬＞
＜持ち馬＞
＜持ち馬＞
＜持ち馬＞
＜持ち馬＞
＜持ち馬＞
＜持ち馬＞
＜持ち馬＞
＜持ち馬＞
＜持ち馬＞
＜持ち馬＞
＜持ち馬＞
＜持ち馬＞
＜持ち馬＞
＜持ち馬＞
＜持ち馬＞
＜持ち馬＞
＜持ち馬＞
＜持ち馬＞
＜持ち馬＞
＜持ち馬＞
＜持ち馬＞
＜持ち馬＞
＜持ち馬＞
＜持ち馬＞
＜持ち馬＞
＜持ち馬＞
＜持ち馬＞
＜持ち馬＞
＜持ち馬＞
＜持ち馬＞
＜持ち馬＞
＜持ち馬＞
＜持ち馬＞
＜持ち馬＞
＜持ち馬＞
＜持ち馬＞
＜持ち馬＞
＜持ち馬＞
＜持ち馬＞
＜持ち馬＞
＜持ち馬＞
＜持ち馬＞
＜持ち馬＞
＜持ち馬＞
＜持ち馬＞
＜持ち馬＞
＜持ち馬＞
＜持ち馬＞
＜持ち馬＞
＜持ち馬＞
＜持ち馬＞
＜持ち馬＞
＜持ち馬＞
＜持ち馬＞
＜持ち馬＞
＜持ち馬＞
＜持ち馬＞
＜持ち馬＞
＜持ち馬＞
＜持ち馬＞
＜持ち馬＞
＜持ち馬＞
＜持ち馬＞
＜持ち馬＞
＜持ち馬＞
＜持ち馬＞
















































＜空＞