受胎若森牧場
空胎若森牧場
受胎ランドファーム
空胎ランドファーム
受胎早来ファーム
空胎早来ファーム
受胎ノーザンファーム
空胎ノーザンファーム
受胎白老ファーム
空胎白老ファーム
受胎門別スタリオン
空胎門別スタリオン
受胎メイジ牧場
空胎メイジ牧場
受胎宮地牧場
空胎宮地牧場
受胎ヘイワ牧場
空胎ヘイワ牧場
受胎平山牧場
空胎平山牧場
受胎ふるさと牧場
空胎ふるさと牧場
受胎藤野牧場
空胎藤野牧場
受胎フジコウ牧場
空胎フジコウ牧場
受胎福部和典牧場
空胎福部和典牧場
受胎ビッグフットファーム
空胎ビッグフットファーム
受胎日高スタッド
空胎日高スタッド
受胎早沢牧場
空胎早沢牧場
受胎西谷牧場
空胎西谷牧場
受胎錦野牧場
空胎錦野牧場
受胎新冠ＢＣスタッド
空胎新冠ＢＣスタッド
受胎桃源郷牧場
空胎桃源郷牧場
受胎つつじ牧場
空胎つつじ牧場
受胎千田牧場
空胎千田牧場
受胎谷山牧場
空胎谷山牧場
受胎大平牧場
空胎大平牧場
受胎大河ファーム
空胎大河ファーム
受胎下河内牧場
空胎下河内牧場
受胎シム牧場
空胎シム牧場
受胎静内軽種馬スタット
空胎静内軽種馬スタット
受胎静内アスクスタット
空胎静内アスクスタット
受胎小塚牧場
空胎小塚牧場
受胎国際牧場
空胎国際牧場
受胎川下越夫牧場
空胎川下越夫牧場
受胎おりも牧場
空胎おりも牧場
受胎萩原牧場
空胎萩原牧場
受胎岡谷牧場
空胎岡谷牧場
受胎丘田牧場
空胎丘田牧場
受胎大平牧場
空胎大平牧場
受胎臼井牧場
空胎臼井牧場
受胎自牧場
空胎自牧場
受胎グレーボーンファーム
空胎グレーボーンファーム
受胎ハービュー牧場
空胎ハービュー牧場
受胎デリミーテ牧場
空胎デリミーテ牧場
受胎エレヴァーファーム
空胎エレヴァーファーム
受胎エルメンドファーム
空胎エルメンドファーム
受胎クルーノア牧場
空胎クルーノア牧場
受胎バリーマニー牧場
空胎バリーマニー牧場
受胎ジェヴェファーム
空胎ジェヴェファーム
受胎グリアンファーム
空胎グリアンファーム
受胎オーサクファーム
空胎オーサクファーム
                                              
