なし
ロード・タイラント
フローラ・フローズン
プレクシー・アウラウネ
リン・フー・ファン
キャロライン・カウフェ
ミネバ・セントール
シンクレア・トワイライト
シルセ・ファーマセット
クオン・ヒミカ
シルフィー・ドワイド
アーシュ・ブラウン
ナターシャ・フローズン
パン・フー・ファン
支配者なし（選択するとフリーズ）
チズル・クラッセル
ファニー・ウォルト
ヘラ・セントール
ユルゲン・シュライア
ディータ・ホフマン
マレーネ・リザネク
クリスタ・ベッツナー
ヘルマン・メルバ
ガイ・ハンブリー
バーバラ・ビーチャム
キャスリーン・シルズ
スタンリー・セロン
オオノウラ・ヤサカ
ソガ・モトベ
クマカ・サオリ
ツブラ・マリカ
リチア・アルパネーゼ
ルチアーナ・ガリエナ
チェチーリア・ヌッチ
レナータ・オリヴェロ
ミレッラ・フレーニ
カーチィア・ギーニ
エベ・ヴェスコンティ
ジュリエッタ・セッラ
アンヌ・ルメール
クリスティ・バルビエ
ジュール・ポネル
ミシェル・ポンス
カリーヌ・メディシス
デリラ・ドートッシュ
モンエラート・サウラ
ジャコモ・スペルビア
コンタータ・カバリエ
カルロス・ベルガンサ
テレサ・ローレンガ
ピラール・クラウス
レナード・グリスト
デニース・バトル
リーゼ・ノーマン
ヘンリー・フレミング
クレア・プライス
ジョディ・ウォーレン
ジェシー・ファーラー
シーラ・ヴァーレット
リューバ・マルトン
ボリス・デルモータ
アントン・ユリナッチ
イレーヌ・クリストフ
レィアーナ・シャシュ
ルチア・コトルバス
アレクセイ・ミーニン
アントン・クトゥゾフ
エレナ・チモシェンコ
アーニャ・クトゥゾフ
レオン・チャン
ユン・チンワン
スー・ソンシン
リュイ・スン
リーゼ・ノーマン
クレア・プライス
レナード・グリスト
デニース・バトル
猫目
シオリ・カナン
カオリ・カナン
ヘルデガート・モル
ネリー・ヴィヒター
エッダ・ツェッチェ
レオニー・フベルト
イム・イーモウ
カレン・シャオホン
ジョアン・カイコー
アニタ・メイチン
ジョディ・ウォーレン
シーラ・ヴァーレット
アルファ
オメガ
ソウマ・リンデン
シンア・グランバス
レイシュナ・シーウェイン
ロッテ・ベーレンス（選択するとフリーズ）
ベネッサ・ベルジュ
アラン・ベルコ
ジャン・ベクール
シフィー・パラディ
