MDU-101S(人型起動歩兵)
BACP-XXX メネア(レオ専用バトルシップ)
BACP-XX　エウロペ(タウロス専用バトルシップ)
MDC-18Aプリクソス(アリエス専用メタルドール)
CCP-100C/101Pレダ(ジェミニ専用クルーザー)
CVCP-01アミュモネレダ(キャンサー専用クラフトシップ)
MDC-26V　スピカ(バルゴ専用メタルドール)
CCP-175アストライア(ライブラ専用ゴージャスクルーザー)
SSCP-046アンタレス(スコーピオン専用サイレント)
DDGC-996ケイローン(サジタリュウス専用デストロイヤー)
MDC-46Cパーン(カプリコーン専用メタルドール)
CVBC-72ガニメデス(アクエリアス専用戦闘空母)
CVCP-06ナイル(ピスケス専用クラフトシップ)
PORATE SHIPサーペント(オピュクス専用パイレーツシップ)
F/A24　スペースアタッカー(戦闘攻撃機)
MDU-101S(人型起動歩兵)
CP-138(イージス巡洋艦)
DDG903(ミサイル駆逐艦)
SSN-761(ステルス潜中艦)
BAP-25(主力戦艦)
CVP-79(航空母艦)
LCU-12(多目的輸送艦)
