0x01
0x03
0x07
0x08
0x0A
0x11
0x12
0x13
0x15
0x17
0x18
0x19
0x1A
0x1C
0x1F
0x20
0x21
0x24
0x25
0x26
0x29
0x2A
0x31
0x32
0x33
0x34
0x36
0x37
0x38
0x3B
0x3E
0x3F
0x42
0x43
0x45
0x46
0x49
0x50
0x51
0x53
0x55
0x56
0x59
0x5B
0x5D
0x5F
0x68
0x69
0x6A
0x70
0x71
0x72
0x76
0x7D
0x80
0x82
0x84
0x87
0x88
0x8B
0x92
0x93
0x97
0x99
0x9C
0xA3
0xA4
0xA8
0xAA
0xAB
0xAD
0xAF
0xB2
0xB3
0xB5
0xB8
0xC0
0xC1
0xC3
0xC5
0xC6
0xC8
0xC9
0xCA
0xCD
0xD4
0xD5
0xD7
0xDA
0xDD
0xDF
0xE1
0xE3
0xEA
0xEC
0xEE
0xF1
0xF3
0xF5
0xFF
0x100
0x102
0x103
0x105
0x106
0x109
0x10A
0x111
0x113
0x114
0x116
0x118
0x11B
0x11D
0x11E
0x120
0x127
0x128
0x12B
0x12D
0x134
0x135
0x137
0x139
0x13B
0x13D
0x13E
0x141
0x142
0x149
0x14C
0x14D
0x14F
0x152
0x155
0x15C
0x15F
0x161
0x164
0x167
0x16C
0x16D
0x170
0x173
0x17F
0x182
0x185
0x18E
0x18F
0x192
0x193
0x196
0x197
0x19A
0x19B
0x19E
0x19F
0x1A1
0x1A5
0x1A6
0x1A7
0x1AA
0x1AB
0x1AF
0x1B0
0x1BD
0x1BE
0x1C1
0x1C4
0x1C7
0x1CB
0x1CC
0x1CE
0x1D1
0x1D3
0x1DA
0x1DB
0x1DE
0x1E1
0x1E4
0x1E7
0x1EA
0x1EB
0x1ED
0x1EE
0x1F1
0x1F8
0x1FB
0x1FD
0x1FE
0x1FF
0x201
0x202
0x203
0x205
0x208
0x209
0x20A
0x20C
0x20F
0x218
0x21B
0x21C
0x21F
0x221
0x224
0x225
0x228
0x22B
0x22D
0x22F
0x238
0x239
0x23C
0x23E
0x240
0x241
0x244
0x246
0x248
0x24B
0x24C
0x24F
0x251
0x258
0x25C
0x25D
0x260
0x263
0x26A
0x26E
0x271
0x272
0x274
0x277
0x27E
0x280
0x281
0x284
0x286
0x288
0x28A
0x28D
0x28E
0x290
0x291
0x294
0x29B
0x2A1
0x2A2
0x2A8
0x2AB
0x2AC
0x2B1
0x2B2
0x2B5
0x2BB
0x2BD
0x2BF
0x2C6
0x2C9
0x2CB
0x2CD
0x2D0
0x2D3
0x2D5
0x2DC
0x2E1
0x2E4
0x2E8
0x2EB
0x2F1
0x2F2
0x2F3
0x2F6
0x2F7
0x2F8
0x303
0x308
0x309
0x310
0x311
0x314
0x317
0x31B
0x31E
0x31F
0x322
0x323
0x324
0x327
0x328
0x329
0x334
0x337
0x339
0x33A
0x33C
0x33D
0x33E
0x341
0x344
0x347
0x348
0x34B
0x358
0x35B
0x35E
0x362
0x365
0x370
0x374
0x375
0x378
0x37F
0x387
0x38B
0x38E
0x391
0x394
0x397
0x3AC
0x3B1
0x3B6
0x3B7
0x3BA
0x3BB
0x3BE
0x3C0
0x3C3
0x3C4
0x3C7
0x3C8
0x3CC
0x3CD
0x3CF
0x3D2
0x3D3
0x3D6
0x3D8
0x3E8
0x3F1
0x3F2
0x3F8
0x3FB
0x3FC
0x401
0x402
0x405
0x40B
0x40D
0x40F
0x416
0x419
0x41C
0x41E
0x421
0x424
0x426
0x42D
0x436
0x437
0x450
0x451
0x452
0x453
0x454
0x455
0x456
0x457
0x458
0x459
0x45A
0x45B
0x45C
0x45D
0x45F
0x468
0x469
0x46A
0x46B
0x46C
0x46D
0x46E
0x46F
0x470
0x471
0x472
0x473
0x474
0x475
0x476
0x477
0x478
0x479
0x47A
0x485
0x486
0x487
0x488
0x489
0x48A
0x495
0x496
0x497
0x4A0
0x4A1
0x4A2
0x4A3
0x4A4
0x4A5
0x4A6
0x4A7
0x4A8
0x4A9
0x4AA
0x4AB
0x4AC
0x4AD
0x4B2
0x4B3
0x4B4
0x4B5
0x4B6
0x4B7
0x4BC
0x4BD
0x4BE
0x4BF
0x4C0
0x4C1
0x4C2
0x4C3
0x4C4
0x4C5
0x4C6
0x4C7
0x4C8
0x4CB
0x4D2
0x4D3
0x4D4
0x4D5
0x4DE
0x4DF
0x4E0
0x4E1
0x4EC
0x4ED
0x4F1
0x4F6
0x4FB