ウォーロック
ネクロマンサー
サモナー
ウィザード
ソーサラー
マジシャン
魔導師
ドイルドマスター
幻影王
百鬼王
闇の龍王
獅子王
ガイア
白の司祭
闇法司
ソルジャー
ファイター
ナイト
ホワイトナイト
ドラゴンナイト
バーバリアン
バーサーカー
デスナイト
ブラックナイト
アマゾネス
レディナイト
ワルキューレ
エルフ
ハイエルフ
マスターエルフ
ダークエルフ
トロール
ジャイアント
アースギガント
コロサス
ロック
ファイアーバード
サンダーバード
フェニックス
ペガサス
モノペガサス
グリフォン
ピポグリフォン
キメラ
スフィンクス
ミスト
レイス
ダークレイス
ブラックレイス
スペクター
ファントム
エンジェル
アークエンジェル
ケルビム
セラフィム
ミカエル
エンジェルナイト
デーモン
アークデーモン
マスターデーモン
グレートデーモン
ルシシェフ
オクトパス
テンタクルズ
ルスカ
マンタ
サーペント
シードラゴン
リバイアサン
メガロトン
ドラゴン
ラージドラゴン
レッドドラゴン
ファイアドラゴン
ドラゴン
ラージドラゴン
デスドラゴン
ヘルドラゴン
ドラゴン
ラージドラゴン
ホワイトドラゴン
プラチナドラゴン
キングドラゴン
マッドドラゴン
フェアリー
アシュラ
炎の魔人
氷の魔人
セイレーン
ソードマン
ピグシー
シルフ
シルファー
スプライト
キングドラゴン
フロスギガント
スノーギガント
アイスコロサス
炎の魔人
氷の魔人
セイレーン
フロスギガント
スノーギガント
アイスコロサス