初期状態
繁殖牝馬2(赤)
繁殖牝馬3(青)
所有馬2(黒)
所有馬2(黒)
繁殖2,所有馬2(赤)
繁殖3,所有馬2(赤)
所有馬3(黒)
所有馬3(黒)
繁殖2,所有馬3(赤)
繁殖3,所有馬3(赤)
初期状態+温泉(紺)
初期状態+温泉(紺)
繁殖2+温泉(紺)
繁殖3+温泉(青)
所有馬2+温泉(黒)
初期状態+温泉(紺)
繁殖2+温泉(紺)
繁殖3+温泉(青)
所有馬2+温泉(黒)
所有馬2+温泉(黒)
繁殖2,所有馬2+温泉(赤)
繁殖3,所有馬2+温泉(赤)
所有馬3+温泉(黒)
所有馬3+温泉(黒)
繁殖2,所有馬3+温泉(赤)
繁殖3,所有馬3+温泉(赤)
初期状態+功労馬(緑)
初期状態+功労馬(緑)
繁殖2+功労馬(緑)
繁殖3+功労馬(青)
所有馬2+功労馬(黒)
初期状態+功労馬(緑)
繁殖2+功労馬(緑)
繁殖3+功労馬(青)
所有馬2+功労馬(黒)
所有馬2+功労馬(黒)
繁殖2,所有馬2+功労馬(赤)
繁殖3,所有馬2+功労馬(赤)
所有馬3+功労馬(黒)
所有馬3+功労馬(黒)
繁殖2,所有馬3+功労馬(赤)
繁殖3,所有馬3+功労馬(赤)
初期状態+温泉+功労馬(紺)
初期状態+温泉+功労馬(紺)
繁殖2+温泉+功労馬(紺)
繁殖3+温泉+功労馬(青)
所有馬2+温泉+功労馬(黒)
初期状態+温泉+功労馬(紺)
繁殖2+温泉+功労馬(紺)
繁殖3+温泉+功労馬(青)
所有馬2+温泉+功労馬(黒)
所有馬2+温泉+功労馬(黒)
繁殖2,所有馬2+温泉+功労馬(赤)
繁殖3,所有馬2+温泉+功労馬(赤)
所有馬3+温泉+功労馬(黒)
所有馬3+温泉+功労馬(黒)
繁殖2,所有馬3+温泉+功労馬(赤)
牧場最大(赤)