,0x00=030000001F000000??00000000
,0x00=0400000007000000??00000001
,0x00=040000000E000000??00000002
,0x00=0400000015000000??00000003
,0x00=040000001C000000??00000004
,0x00=0500000005000000??00000005
,0x00=050000000C000000??00000006
,0x00=0500000013000000??00000007
,0x00=050000001A000000??00000008
,0x00=0600000002000000??00000009
,0x00=0600000009000000??0000000A
,0x00=0600000010000000??0000000B
,0x00=0600000017000000??0000000C
,0x00=060000001E000000??0000000D
,0x00=0700000007000000??0000000E
,0x00=070000000E000000??0000000F
,0x00=0700000015000000??00000010
,0x00=070000001C000000??00000011
,0x00=0800000004000000??00000012
,0x00=080000000B000000??00000013
,0x00=0800000012000000??00000014
,0x00=0800000019000000??00000015
,0x00=0900000001000000??00000016
,0x00=0900000008000000??00000017
,0x00=090000000F000000??00000018
,0x00=0900000016000000??00000019
,0x00=090000001D000000??0000001A
,0x00=0A00000006000000??0000001B
,0x00=0A0000000D000000??0000001C
,0x00=0A00000014000000??0000001D
,0x00=0A0000001B000000??0000001E
,0x00=0B00000003000000??0000001F
,0x00=0B0000000A000000??00000020
,0x00=0B00000011000000??00000021
,0x00=0B00000018000000??00000022
,0x00=0C00000001000000??00000023
,0x00=0C00000008000000??00000024
,0x00=0C0000000F000000??00000025
,0x00=0C00000016000000??00000026
,0x00=0C0000001D000000??00000027
,0x00=0100000005000000??00000028
,0x00=010000000C000000??00000029
,0x00=0100000013000000??0000002A
,0x00=010000001A000000??0000002B
,0x00=0200000002000000??0000002C
,0x00=0200000009000000??0000002D
,0x00=0200000010000000??0000002E
,0x00=0200000017000000??0000002F
,0x00=0300000002000000??00000030
,0x00=0300000009000000??00000031
,0x00=0300000010000000??00000032
,0x00=0300000017000000??00000033
,0x00=030000001E000000??00000034
