,0x00=00091600
,0x00=00091D00
,0x00=000A0600
,0x00=000A0D00
,0x00=000A1400
,0x00=000A1B00
,0x00=000B0300
,0x00=000B0A00
,0x00=000B1100
,0x00=000B1800
,0x00=000C0100
,0x00=000C0800
,0x00=000C0F00
,0x00=000C1600
,0x00=000C1D00
,0x00=01010500
,0x00=01010C00
,0x00=01011300
,0x00=01011A00
,0x00=01020200
,0x00=01020900
,0x00=01021000
,0x00=01021700
,0x00=01030100
,0x00=01030800
,0x00=01030F00
,0x00=01031600
,0x00=01031D00
,0x00=01040500
,0x00=01040C00
,0x00=01041300
,0x00=01041A00
,0x00=01050300
,0x00=01050A00
,0x00=01051100
,0x00=01051800
,0x00=01051F00
,0x00=01060700
,0x00=01060E00
,0x00=01061500
,0x00=01061C00
,0x00=01070500
,0x00=01070C00
,0x00=01071300
,0x00=01071A00
,0x00=01080200
,0x00=01080900
,0x00=01081000
,0x00=01081700
,0x00=01081E00
,0x00=01090600
,0x00=01090D00
,0x00=01091400
,0x00=01091B00
,0x00=010A0400
,0x00=010A0B00
,0x00=010A1200
,0x00=010A1900
,0x00=010B0100
,0x00=010B0800
,0x00=010B0F00
,0x00=010B1600
,0x00=010B1D00
,0x00=010C0600
,0x00=010C0D00
,0x00=010C1400
,0x00=010C1B00
,0x00=02010300
,0x00=02010A00
,0x00=02011100
,0x00=02011800
,0x00=02011F00
,0x00=02020700
,0x00=02020E00
,0x00=02021500
,0x00=02021C00
,0x00=02030700
,0x00=02030E00
,0x00=02031500
,0x00=02031C00
,0x00=02040400
,0x00=02040B00
,0x00=02041200
,0x00=02041900
,0x00=02050200
,0x00=02050900
,0x00=02051000
,0x00=02051700
,0x00=02051E00
,0x00=02060600
,0x00=02060D00
,0x00=02061400
,0x00=02061B00
,0x00=02070400
,0x00=02070B00
,0x00=02071200
