期待しているから
相手の動きをよく見て
信じているから
落ち着いて
大丈夫だよ
なんとかしてよ
全力で戦って
（お願い）
必ず守ってね
危なくなったら逃げて！
私、涙が出てきそう…
見ていられないよ
あまり思いつめないで
負けても仕方ないかも
このままじゃだめだよ（頼忠用テスト1）
このままじゃだめだよ（頼忠用テスト2）
あきらめないで
あなたのために頑張る！
私は大丈夫だから
気合が足りないよ！
なんとかなるよね
私を信じて！
このままじゃだめだよ（勝真用テスト1）
このままじゃだめだよ（勝真用テスト2）
焦らないで！
応援しているよ
勝てばいいのよ、勝てば
頼りにしているよ
一緒に京を救って
大好きだよ
このままじゃだめだよ（イサト用テスト1）
このままじゃだめだよ（イサト用テスト2）
一緒に頑張ろうよ
かっこいいよ
自信を持って！
私も頑張るね！
あなたならできるよ
張り切っていこう！
このままじゃだめだよ（彰紋用テスト1）
このままじゃだめだよ（彰紋用テスト2）
気をつけて！
仲間を信じて！
絶対に勝てるよ
勝ちたくないの？
慎重にね！
私にかまわないで！
このままじゃだめだよ（幸鷹用テスト1）
このままじゃだめだよ（幸鷹用テスト2）
私、こわくなんかないよ
なんとかしないと…
こんな敵、楽勝だよね
真面目にやって！
手を抜いちゃだめだよ
見とれちゃうよ
このままじゃだめだよ（翡翠用テスト1）
このままじゃだめだよ（翡翠用テスト2）
私がついているから！
負けないで！
勇気を出して！
こわがらなくていいんです
元気を出して！
やれるだけやってみよう
このままじゃだめだよ（泉水用テスト1）
このままじゃだめだよ（泉水用テスト2）
あなたは一人じゃないよ
敵がかわいそうだよ…
もっとしっかりして！
あなたの力を見せて
何をやっているの！
疲れてない？
このままじゃだめだよ（泰継用テスト1）
このままじゃだめだよ（泰継用テスト2）
